2024-10-14 14:15:28.583 [info] Reading sessions from keychain...
2024-10-14 14:15:28.583 [info] Getting sessions for all scopes...
2024-10-14 14:15:28.583 [info] Getting sessions for all scopes...
2024-10-14 14:15:28.583 [info] Got stored sessions!
2024-10-14 14:15:28.583 [info] Got 1 verified sessions.
2024-10-14 14:15:28.583 [info] Got 1 sessions for ...
2024-10-14 14:15:28.583 [info] Got 1 sessions for ...
2024-10-14 14:15:28.583 [info] Getting sessions for read:user,repo,user:email,workflow...
2024-10-14 14:15:28.583 [info] Got 1 sessions for read:user,repo,user:email,workflow...
2024-10-14 14:15:28.583 [info] Getting sessions for all scopes...
2024-10-14 14:15:28.583 [info] Got 1 sessions for ...
2024-10-14 14:15:28.583 [info] Getting sessions for all scopes...
2024-10-14 14:15:28.583 [info] Got 1 sessions for ...
2024-10-14 14:15:28.583 [info] Getting sessions for project,read:org,read:user,repo,user:email,workflow...
2024-10-14 14:15:28.583 [info] Got 0 sessions for project,read:org,read:user,repo,user:email,workflow...
2024-10-14 14:15:28.583 [info] Getting sessions for read:user,repo,user:email,workflow...
2024-10-14 14:15:28.583 [info] Got 1 sessions for read:user,repo,user:email,workflow...
2024-10-14 14:15:28.743 [info] Getting sessions for read:user,repo,user:email,workflow...
2024-10-14 14:15:28.743 [info] Got 1 sessions for read:user,repo,user:email,workflow...
2024-10-14 14:15:28.743 [info] Getting sessions for all scopes...
2024-10-14 14:15:28.743 [info] Got 1 sessions for ...
2024-10-14 14:15:28.794 [info] Getting sessions for read:user,repo,user:email,workflow...
2024-10-14 14:15:28.794 [info] Got 1 sessions for read:user,repo,user:email,workflow...
2024-10-14 14:15:28.825 [info] Getting sessions for all scopes...
2024-10-14 14:15:28.826 [info] Got 1 sessions for ...
2024-10-14 14:15:28.838 [info] Getting sessions for read:user,repo,user:email,workflow...
2024-10-14 14:15:28.838 [info] Got 1 sessions for read:user,repo,user:email,workflow...
2024-10-14 14:15:29.026 [info] Getting sessions for all scopes...
2024-10-14 14:15:29.026 [info] Got 1 sessions for ...
2024-10-14 14:15:29.031 [info] Getting sessions for read:user,repo,user:email,workflow...
2024-10-14 14:15:29.031 [info] Got 1 sessions for read:user,repo,user:email,workflow...
2024-10-14 14:15:29.961 [info] Getting sessions for all scopes...
2024-10-14 14:15:29.961 [info] Got 1 sessions for ...
2024-10-14 14:15:29.962 [info] Getting sessions for all scopes...
2024-10-14 14:15:29.962 [info] Got 1 sessions for ...
2024-10-14 14:15:29.981 [info] Getting sessions for read:user,repo,user:email,workflow...
2024-10-14 14:15:29.981 [info] Got 1 sessions for read:user,repo,user:email,workflow...
2024-10-14 14:15:29.993 [info] Getting sessions for all scopes...
2024-10-14 14:15:29.993 [info] Got 1 sessions for ...
2024-10-14 14:15:29.995 [info] Getting sessions for read:user,repo,user:email,workflow...
2024-10-14 14:15:29.995 [info] Got 1 sessions for read:user,repo,user:email,workflow...
2024-10-14 14:15:30.099 [info] Getting sessions for all scopes...
2024-10-14 14:15:30.099 [info] Got 1 sessions for ...
2024-10-14 14:15:30.104 [info] Getting sessions for read:user,repo,user:email,workflow...
2024-10-14 14:15:30.105 [info] Got 1 sessions for read:user,repo,user:email,workflow...
2024-10-14 14:15:43.696 [info] Getting sessions for all scopes...
2024-10-14 14:15:43.696 [info] Got 1 sessions for ...
2024-10-14 14:15:44.164 [info] Getting sessions for all scopes...
2024-10-14 14:15:44.164 [info] Got 1 sessions for ...
2024-10-14 14:17:01.631 [info] Getting sessions for all scopes...
2024-10-14 14:17:01.631 [info] Got 1 sessions for ...
2024-10-14 14:21:31.436 [info] Reading sessions from keychain...
2024-10-14 14:21:31.436 [info] Getting sessions for all scopes...
2024-10-14 14:21:31.436 [info] Getting sessions for all scopes...
2024-10-14 14:21:31.436 [info] Got stored sessions!
2024-10-14 14:21:31.436 [info] Got 1 verified sessions.
2024-10-14 14:21:31.436 [info] Got 1 sessions for ...
2024-10-14 14:21:31.436 [info] Got 1 sessions for ...
2024-10-14 14:21:31.496 [info] Getting sessions for project,read:org,read:user,repo,user:email,workflow...
2024-10-14 14:21:31.496 [info] Got 0 sessions for project,read:org,read:user,repo,user:email,workflow...
2024-10-14 14:21:31.571 [info] Getting sessions for read:user,repo,user:email,workflow...
2024-10-14 14:21:31.571 [info] Got 1 sessions for read:user,repo,user:email,workflow...
2024-10-14 14:21:31.587 [info] Getting sessions for all scopes...
2024-10-14 14:21:31.587 [info] Got 1 sessions for ...
2024-10-14 14:21:31.695 [info] Getting sessions for all scopes...
2024-10-14 14:21:31.696 [info] Got 1 sessions for ...
2024-10-14 14:21:34.163 [info] Getting sessions for all scopes...
2024-10-14 14:21:34.163 [info] Got 1 sessions for ...
2024-10-14 14:21:35.235 [info] Getting sessions for all scopes...
2024-10-14 14:21:35.235 [info] Got 1 sessions for ...
2024-10-14 14:21:35.497 [info] Getting sessions for read:user,repo,user:email,workflow...
2024-10-14 14:21:35.497 [info] Got 1 sessions for read:user,repo,user:email,workflow...
2024-10-14 14:21:35.497 [info] Getting sessions for all scopes...
2024-10-14 14:21:35.497 [info] Got 1 sessions for ...
2024-10-14 14:21:35.498 [info] Getting sessions for all scopes...
2024-10-14 14:21:35.498 [info] Got 1 sessions for ...
2024-10-14 14:21:35.581 [info] Getting sessions for read:user,repo,user:email,workflow...
2024-10-14 14:21:35.581 [info] Got 1 sessions for read:user,repo,user:email,workflow...
2024-10-14 14:21:36.004 [info] Getting sessions for all scopes...
2024-10-14 14:21:36.004 [info] Got 1 sessions for ...
2024-10-14 14:21:36.004 [info] Getting sessions for all scopes...
2024-10-14 14:21:36.004 [info] Got 1 sessions for ...
2024-10-14 14:21:36.089 [info] Getting sessions for read:user,repo,user:email,workflow...
2024-10-14 14:21:36.089 [info] Got 1 sessions for read:user,repo,user:email,workflow...
2024-10-14 14:21:37.490 [info] Getting sessions for all scopes...
2024-10-14 14:21:37.490 [info] Got 1 sessions for ...
2024-10-14 14:21:37.490 [info] Getting sessions for all scopes...
2024-10-14 14:21:37.491 [info] Got 1 sessions for ...
2024-10-14 14:21:37.541 [info] Getting sessions for read:user,repo,user:email,workflow...
2024-10-14 14:21:37.542 [info] Got 1 sessions for read:user,repo,user:email,workflow...
2024-10-14 14:21:37.551 [info] Getting sessions for all scopes...
2024-10-14 14:21:37.551 [info] Got 1 sessions for ...
2024-10-14 14:21:37.556 [info] Getting sessions for read:user,repo,user:email,workflow...
2024-10-14 14:21:37.556 [info] Got 1 sessions for read:user,repo,user:email,workflow...
2024-10-14 14:21:37.671 [info] Getting sessions for all scopes...
2024-10-14 14:21:37.671 [info] Got 1 sessions for ...
2024-10-14 14:21:37.673 [info] Getting sessions for read:user,repo,user:email,workflow...
2024-10-14 14:21:37.673 [info] Got 1 sessions for read:user,repo,user:email,workflow...
2024-10-14 14:34:23.753 [info] Getting sessions for all scopes...
2024-10-14 14:34:23.753 [info] Got 1 sessions for ...
2024-10-14 14:36:38.893 [info] Getting sessions for all scopes...
2024-10-14 14:36:38.893 [info] Got 1 sessions for ...
2024-10-14 14:36:38.895 [info] Getting sessions for read:user,repo,user:email,workflow...
2024-10-14 14:36:38.895 [info] Got 1 sessions for read:user,repo,user:email,workflow...
2024-10-14 14:36:38.958 [info] Getting sessions for all scopes...
2024-10-14 14:36:38.958 [info] Got 1 sessions for ...
2024-10-14 14:36:38.960 [info] Getting sessions for read:user,repo,user:email,workflow...
2024-10-14 14:36:38.960 [info] Got 1 sessions for read:user,repo,user:email,workflow...
2024-10-14 14:38:34.607 [info] Getting sessions for all scopes...
2024-10-14 14:38:34.607 [info] Got 1 sessions for ...
2024-10-14 14:41:53.805 [info] Getting sessions for all scopes...
2024-10-14 14:41:53.805 [info] Got 1 sessions for ...
2024-10-14 14:46:36.539 [info] Getting sessions for read:user,repo,user:email,workflow...
2024-10-14 14:46:36.539 [info] Got 1 sessions for read:user,repo,user:email,workflow...
2024-10-14 14:46:37.430 [info] Getting sessions for all scopes...
2024-10-14 14:46:37.430 [info] Got 1 sessions for ...
2024-10-14 14:46:37.431 [info] Getting sessions for read:user,repo,user:email,workflow...
2024-10-14 14:46:37.432 [info] Got 1 sessions for read:user,repo,user:email,workflow...
2024-10-14 14:46:38.954 [info] Getting sessions for all scopes...
2024-10-14 14:46:38.954 [info] Got 1 sessions for ...
2024-10-14 14:46:38.954 [info] Getting sessions for all scopes...
2024-10-14 14:46:38.954 [info] Got 1 sessions for ...
2024-10-14 14:46:38.956 [info] Getting sessions for read:user,repo,user:email,workflow...
2024-10-14 14:46:38.956 [info] Got 1 sessions for read:user,repo,user:email,workflow...
2024-10-14 14:46:38.958 [info] Getting sessions for all scopes...
2024-10-14 14:46:38.958 [info] Got 1 sessions for ...
2024-10-14 14:46:38.960 [info] Getting sessions for read:user,repo,user:email,workflow...
2024-10-14 14:46:38.960 [info] Got 1 sessions for read:user,repo,user:email,workflow...
2024-10-14 14:46:38.967 [info] Getting sessions for all scopes...
2024-10-14 14:46:38.967 [info] Got 1 sessions for ...
2024-10-14 14:46:38.969 [info] Getting sessions for read:user,repo,user:email,workflow...
2024-10-14 14:46:38.969 [info] Got 1 sessions for read:user,repo,user:email,workflow...
2024-10-14 14:51:41.004 [info] Getting sessions for all scopes...
2024-10-14 14:51:41.004 [info] Got 1 sessions for ...
2024-10-14 14:51:41.007 [info] Getting sessions for read:user,repo,user:email,workflow...
2024-10-14 14:51:41.007 [info] Got 1 sessions for read:user,repo,user:email,workflow...
2024-10-14 14:51:41.011 [info] Getting sessions for all scopes...
2024-10-14 14:51:41.011 [info] Got 1 sessions for ...
2024-10-14 14:51:41.014 [info] Getting sessions for read:user,repo,user:email,workflow...
2024-10-14 14:51:41.014 [info] Got 1 sessions for read:user,repo,user:email,workflow...
2024-10-14 14:51:41.026 [info] Getting sessions for all scopes...
2024-10-14 14:51:41.026 [info] Got 1 sessions for ...
2024-10-14 14:51:41.028 [info] Getting sessions for read:user,repo,user:email,workflow...
2024-10-14 14:51:41.028 [info] Got 1 sessions for read:user,repo,user:email,workflow...
2024-10-14 15:01:38.974 [info] Getting sessions for all scopes...
2024-10-14 15:01:38.974 [info] Got 1 sessions for ...
2024-10-14 15:01:38.975 [info] Getting sessions for read:user,repo,user:email,workflow...
2024-10-14 15:01:38.976 [info] Got 1 sessions for read:user,repo,user:email,workflow...
2024-10-14 15:01:38.978 [info] Getting sessions for all scopes...
2024-10-14 15:01:38.978 [info] Got 1 sessions for ...
2024-10-14 15:01:38.980 [info] Getting sessions for read:user,repo,user:email,workflow...
2024-10-14 15:01:38.980 [info] Got 1 sessions for read:user,repo,user:email,workflow...
2024-10-14 15:06:41.041 [info] Getting sessions for all scopes...
2024-10-14 15:06:41.041 [info] Got 1 sessions for ...
2024-10-14 15:06:41.045 [info] Getting sessions for read:user,repo,user:email,workflow...
2024-10-14 15:06:41.045 [info] Got 1 sessions for read:user,repo,user:email,workflow...
2024-10-14 15:11:37.481 [info] Getting sessions for read:user,repo,user:email,workflow...
2024-10-14 15:11:37.481 [info] Got 1 sessions for read:user,repo,user:email,workflow...
2024-10-14 15:11:38.956 [info] Getting sessions for all scopes...
2024-10-14 15:11:38.956 [info] Got 1 sessions for ...
2024-10-14 15:11:38.960 [info] Getting sessions for read:user,repo,user:email,workflow...
2024-10-14 15:11:38.960 [info] Got 1 sessions for read:user,repo,user:email,workflow...
2024-10-14 15:11:40.194 [info] Getting sessions for all scopes...
2024-10-14 15:11:40.195 [info] Got 1 sessions for ...
2024-10-14 15:11:40.195 [info] Getting sessions for all scopes...
2024-10-14 15:11:40.195 [info] Got 1 sessions for ...
2024-10-14 15:11:40.198 [info] Getting sessions for read:user,repo,user:email,workflow...
2024-10-14 15:11:40.198 [info] Got 1 sessions for read:user,repo,user:email,workflow...
2024-10-14 15:11:40.204 [info] Getting sessions for all scopes...
2024-10-14 15:11:40.204 [info] Got 1 sessions for ...
2024-10-14 15:11:40.209 [info] Getting sessions for read:user,repo,user:email,workflow...
2024-10-14 15:11:40.209 [info] Got 1 sessions for read:user,repo,user:email,workflow...
2024-10-14 15:11:40.224 [info] Getting sessions for all scopes...
2024-10-14 15:11:40.225 [info] Got 1 sessions for ...
2024-10-14 15:11:40.229 [info] Getting sessions for read:user,repo,user:email,workflow...
2024-10-14 15:11:40.229 [info] Got 1 sessions for read:user,repo,user:email,workflow...
2024-10-14 15:11:40.240 [info] Getting sessions for all scopes...
2024-10-14 15:11:40.240 [info] Got 1 sessions for ...
2024-10-14 15:11:40.245 [info] Getting sessions for read:user,repo,user:email,workflow...
2024-10-14 15:11:40.245 [info] Got 1 sessions for read:user,repo,user:email,workflow...
2024-10-14 15:16:39.645 [info] Getting sessions for all scopes...
2024-10-14 15:16:39.645 [info] Got 1 sessions for ...
2024-10-14 15:16:39.649 [info] Getting sessions for read:user,repo,user:email,workflow...
2024-10-14 15:16:39.649 [info] Got 1 sessions for read:user,repo,user:email,workflow...
2024-10-14 15:21:41.157 [info] Getting sessions for all scopes...
2024-10-14 15:21:41.157 [info] Got 1 sessions for ...
2024-10-14 15:21:41.161 [info] Getting sessions for read:user,repo,user:email,workflow...
2024-10-14 15:21:41.161 [info] Got 1 sessions for read:user,repo,user:email,workflow...
2024-10-14 15:21:41.167 [info] Getting sessions for all scopes...
2024-10-14 15:21:41.167 [info] Got 1 sessions for ...
2024-10-14 15:21:41.171 [info] Getting sessions for read:user,repo,user:email,workflow...
2024-10-14 15:21:41.171 [info] Got 1 sessions for read:user,repo,user:email,workflow...
2024-10-14 15:26:41.025 [info] Getting sessions for all scopes...
2024-10-14 15:26:41.025 [info] Got 1 sessions for ...
2024-10-14 15:26:41.027 [info] Getting sessions for read:user,repo,user:email,workflow...
2024-10-14 15:26:41.027 [info] Got 1 sessions for read:user,repo,user:email,workflow...
2024-10-14 15:31:39.657 [info] Getting sessions for all scopes...
2024-10-14 15:31:39.657 [info] Got 1 sessions for ...
2024-10-14 15:31:39.661 [info] Getting sessions for read:user,repo,user:email,workflow...
2024-10-14 15:31:39.662 [info] Got 1 sessions for read:user,repo,user:email,workflow...
2024-10-14 15:36:38.248 [info] Getting sessions for read:user,repo,user:email,workflow...
2024-10-14 15:36:38.248 [info] Got 1 sessions for read:user,repo,user:email,workflow...
2024-10-14 15:36:40.192 [info] Getting sessions for all scopes...
2024-10-14 15:36:40.192 [info] Got 1 sessions for ...
2024-10-14 15:36:40.196 [info] Getting sessions for read:user,repo,user:email,workflow...
2024-10-14 15:36:40.196 [info] Got 1 sessions for read:user,repo,user:email,workflow...
2024-10-14 15:36:41.389 [info] Getting sessions for all scopes...
2024-10-14 15:36:41.389 [info] Got 1 sessions for ...
2024-10-14 15:36:41.389 [info] Getting sessions for all scopes...
2024-10-14 15:36:41.389 [info] Got 1 sessions for ...
2024-10-14 15:36:41.392 [info] Getting sessions for read:user,repo,user:email,workflow...
2024-10-14 15:36:41.393 [info] Got 1 sessions for read:user,repo,user:email,workflow...
2024-10-14 15:36:41.397 [info] Getting sessions for all scopes...
2024-10-14 15:36:41.397 [info] Got 1 sessions for ...
2024-10-14 15:36:41.401 [info] Getting sessions for read:user,repo,user:email,workflow...
2024-10-14 15:36:41.401 [info] Got 1 sessions for read:user,repo,user:email,workflow...
2024-10-14 15:36:41.417 [info] Getting sessions for all scopes...
2024-10-14 15:36:41.417 [info] Got 1 sessions for ...
2024-10-14 15:36:41.421 [info] Getting sessions for read:user,repo,user:email,workflow...
2024-10-14 15:36:41.421 [info] Got 1 sessions for read:user,repo,user:email,workflow...
2024-10-14 15:36:41.432 [info] Getting sessions for all scopes...
2024-10-14 15:36:41.432 [info] Got 1 sessions for ...
2024-10-14 15:36:41.436 [info] Getting sessions for read:user,repo,user:email,workflow...
2024-10-14 15:36:41.436 [info] Got 1 sessions for read:user,repo,user:email,workflow...
2024-10-14 15:36:42.224 [info] Getting sessions for all scopes...
2024-10-14 15:36:42.224 [info] Got 1 sessions for ...
2024-10-14 15:36:42.225 [info] Getting sessions for read:user,repo,user:email,workflow...
2024-10-14 15:36:42.225 [info] Got 1 sessions for read:user,repo,user:email,workflow...
2024-10-14 15:41:41.077 [info] Getting sessions for all scopes...
2024-10-14 15:41:41.077 [info] Got 1 sessions for ...
2024-10-14 15:41:41.080 [info] Getting sessions for read:user,repo,user:email,workflow...
2024-10-14 15:41:41.080 [info] Got 1 sessions for read:user,repo,user:email,workflow...
2024-10-14 15:46:39.669 [info] Getting sessions for all scopes...
2024-10-14 15:46:39.669 [info] Got 1 sessions for ...
2024-10-14 15:46:39.672 [info] Getting sessions for read:user,repo,user:email,workflow...
2024-10-14 15:46:39.673 [info] Got 1 sessions for read:user,repo,user:email,workflow...
2024-10-14 15:51:42.174 [info] Getting sessions for all scopes...
2024-10-14 15:51:42.174 [info] Got 1 sessions for ...
2024-10-14 15:51:42.176 [info] Getting sessions for read:user,repo,user:email,workflow...
2024-10-14 15:51:42.176 [info] Got 1 sessions for read:user,repo,user:email,workflow...
2024-10-14 15:51:42.179 [info] Getting sessions for all scopes...
2024-10-14 15:51:42.179 [info] Got 1 sessions for ...
2024-10-14 15:51:42.184 [info] Getting sessions for read:user,repo,user:email,workflow...
2024-10-14 15:51:42.185 [info] Got 1 sessions for read:user,repo,user:email,workflow...
2024-10-14 15:51:42.193 [info] Getting sessions for all scopes...
2024-10-14 15:51:42.193 [info] Got 1 sessions for ...
2024-10-14 15:51:42.194 [info] Getting sessions for read:user,repo,user:email,workflow...
2024-10-14 15:51:42.195 [info] Got 1 sessions for read:user,repo,user:email,workflow...
2024-10-14 15:51:42.230 [info] Getting sessions for all scopes...
2024-10-14 15:51:42.230 [info] Got 1 sessions for ...
2024-10-14 15:51:42.233 [info] Getting sessions for read:user,repo,user:email,workflow...
2024-10-14 15:51:42.234 [info] Got 1 sessions for read:user,repo,user:email,workflow...
2024-10-14 15:51:42.238 [info] Getting sessions for all scopes...
2024-10-14 15:51:42.238 [info] Got 1 sessions for ...
2024-10-14 15:51:42.243 [info] Getting sessions for read:user,repo,user:email,workflow...
2024-10-14 15:51:42.243 [info] Got 1 sessions for read:user,repo,user:email,workflow...
2024-10-14 15:51:42.274 [info] Getting sessions for all scopes...
2024-10-14 15:51:42.274 [info] Got 1 sessions for ...
2024-10-14 15:51:42.278 [info] Getting sessions for read:user,repo,user:email,workflow...
2024-10-14 15:51:42.278 [info] Got 1 sessions for read:user,repo,user:email,workflow...
2024-10-14 15:56:41.087 [info] Getting sessions for all scopes...
2024-10-14 15:56:41.087 [info] Got 1 sessions for ...
2024-10-14 15:56:41.090 [info] Getting sessions for read:user,repo,user:email,workflow...
2024-10-14 15:56:41.091 [info] Got 1 sessions for read:user,repo,user:email,workflow...
2024-10-14 15:56:41.095 [info] Getting sessions for all scopes...
2024-10-14 15:56:41.096 [info] Got 1 sessions for ...
2024-10-14 15:56:41.099 [info] Getting sessions for read:user,repo,user:email,workflow...
2024-10-14 15:56:41.099 [info] Got 1 sessions for read:user,repo,user:email,workflow...
2024-10-14 15:56:41.113 [info] Getting sessions for all scopes...
2024-10-14 15:56:41.113 [info] Got 1 sessions for ...
2024-10-14 15:56:41.119 [info] Getting sessions for read:user,repo,user:email,workflow...
2024-10-14 15:56:41.119 [info] Got 1 sessions for read:user,repo,user:email,workflow...
2024-10-14 16:01:38.856 [info] Getting sessions for read:user,repo,user:email,workflow...
2024-10-14 16:01:38.856 [info] Got 1 sessions for read:user,repo,user:email,workflow...
2024-10-14 16:01:39.678 [info] Getting sessions for all scopes...
2024-10-14 16:01:39.678 [info] Got 1 sessions for ...
2024-10-14 16:01:39.682 [info] Getting sessions for read:user,repo,user:email,workflow...
2024-10-14 16:01:39.682 [info] Got 1 sessions for read:user,repo,user:email,workflow...
2024-10-14 16:01:39.687 [info] Getting sessions for all scopes...
2024-10-14 16:01:39.688 [info] Got 1 sessions for ...
2024-10-14 16:01:39.692 [info] Getting sessions for read:user,repo,user:email,workflow...
2024-10-14 16:01:39.692 [info] Got 1 sessions for read:user,repo,user:email,workflow...
2024-10-14 16:01:39.705 [info] Getting sessions for all scopes...
2024-10-14 16:01:39.705 [info] Got 1 sessions for ...
2024-10-14 16:01:39.709 [info] Getting sessions for read:user,repo,user:email,workflow...
2024-10-14 16:01:39.709 [info] Got 1 sessions for read:user,repo,user:email,workflow...
2024-10-14 16:01:41.388 [info] Getting sessions for all scopes...
2024-10-14 16:01:41.388 [info] Got 1 sessions for ...
2024-10-14 16:01:41.392 [info] Getting sessions for read:user,repo,user:email,workflow...
2024-10-14 16:01:41.392 [info] Got 1 sessions for read:user,repo,user:email,workflow...
2024-10-14 16:01:41.407 [info] Getting sessions for all scopes...
2024-10-14 16:01:41.407 [info] Got 1 sessions for ...
2024-10-14 16:01:41.407 [info] Getting sessions for all scopes...
2024-10-14 16:01:41.407 [info] Got 1 sessions for ...
2024-10-14 16:01:41.410 [info] Getting sessions for read:user,repo,user:email,workflow...
2024-10-14 16:01:41.410 [info] Got 1 sessions for read:user,repo,user:email,workflow...
2024-10-14 16:01:41.415 [info] Getting sessions for all scopes...
2024-10-14 16:01:41.415 [info] Got 1 sessions for ...
2024-10-14 16:01:41.418 [info] Getting sessions for read:user,repo,user:email,workflow...
2024-10-14 16:01:41.418 [info] Got 1 sessions for read:user,repo,user:email,workflow...
2024-10-14 16:01:41.423 [info] Getting sessions for all scopes...
2024-10-14 16:01:41.423 [info] Got 1 sessions for ...
2024-10-14 16:01:41.427 [info] Getting sessions for read:user,repo,user:email,workflow...
2024-10-14 16:01:41.427 [info] Got 1 sessions for read:user,repo,user:email,workflow...
2024-10-14 16:01:41.619 [info] Getting sessions for all scopes...
2024-10-14 16:01:41.619 [info] Got 1 sessions for ...
2024-10-14 16:01:41.636 [info] Getting sessions for read:user,repo,user:email,workflow...
2024-10-14 16:01:41.636 [info] Got 1 sessions for read:user,repo,user:email,workflow...
2024-10-14 16:01:41.638 [info] Getting sessions for all scopes...
2024-10-14 16:01:41.638 [info] Got 1 sessions for ...
2024-10-14 16:01:41.640 [info] Getting sessions for read:user,repo,user:email,workflow...
2024-10-14 16:01:41.640 [info] Got 1 sessions for read:user,repo,user:email,workflow...
2024-10-14 16:01:41.651 [info] Getting sessions for all scopes...
2024-10-14 16:01:41.651 [info] Got 1 sessions for ...
2024-10-14 16:01:41.653 [info] Getting sessions for read:user,repo,user:email,workflow...
2024-10-14 16:01:41.653 [info] Got 1 sessions for read:user,repo,user:email,workflow...
2024-10-14 16:01:41.655 [info] Getting sessions for all scopes...
2024-10-14 16:01:41.655 [info] Got 1 sessions for ...
2024-10-14 16:01:41.657 [info] Getting sessions for read:user,repo,user:email,workflow...
2024-10-14 16:01:41.657 [info] Got 1 sessions for read:user,repo,user:email,workflow...
2024-10-14 16:06:42.203 [info] Getting sessions for all scopes...
2024-10-14 16:06:42.203 [info] Got 1 sessions for ...
2024-10-14 16:06:42.207 [info] Getting sessions for read:user,repo,user:email,workflow...
2024-10-14 16:06:42.207 [info] Got 1 sessions for read:user,repo,user:email,workflow...
2024-10-14 16:06:42.211 [info] Getting sessions for all scopes...
2024-10-14 16:06:42.211 [info] Got 1 sessions for ...
2024-10-14 16:06:42.215 [info] Getting sessions for read:user,repo,user:email,workflow...
2024-10-14 16:06:42.215 [info] Got 1 sessions for read:user,repo,user:email,workflow...
2024-10-14 16:06:42.229 [info] Getting sessions for all scopes...
2024-10-14 16:06:42.229 [info] Got 1 sessions for ...
2024-10-14 16:06:42.234 [info] Getting sessions for read:user,repo,user:email,workflow...
2024-10-14 16:06:42.234 [info] Got 1 sessions for read:user,repo,user:email,workflow...
2024-10-14 16:06:42.238 [info] Getting sessions for all scopes...
2024-10-14 16:06:42.238 [info] Got 1 sessions for ...
2024-10-14 16:06:42.242 [info] Getting sessions for read:user,repo,user:email,workflow...
2024-10-14 16:06:42.242 [info] Got 1 sessions for read:user,repo,user:email,workflow...
2024-10-14 16:06:42.303 [info] Getting sessions for all scopes...
2024-10-14 16:06:42.303 [info] Got 1 sessions for ...
2024-10-14 16:06:42.319 [info] Getting sessions for read:user,repo,user:email,workflow...
2024-10-14 16:06:42.319 [info] Got 1 sessions for read:user,repo,user:email,workflow...
2024-10-14 16:06:42.337 [info] Getting sessions for all scopes...
2024-10-14 16:06:42.337 [info] Got 1 sessions for ...
2024-10-14 16:06:42.348 [info] Getting sessions for read:user,repo,user:email,workflow...
2024-10-14 16:06:42.348 [info] Got 1 sessions for read:user,repo,user:email,workflow...
2024-10-14 16:06:42.386 [info] Getting sessions for all scopes...
2024-10-14 16:06:42.386 [info] Got 1 sessions for ...
2024-10-14 16:06:42.396 [info] Getting sessions for read:user,repo,user:email,workflow...
2024-10-14 16:06:42.396 [info] Got 1 sessions for read:user,repo,user:email,workflow...
2024-10-14 16:06:42.405 [info] Getting sessions for all scopes...
2024-10-14 16:06:42.405 [info] Got 1 sessions for ...
2024-10-14 16:06:42.416 [info] Getting sessions for read:user,repo,user:email,workflow...
2024-10-14 16:06:42.416 [info] Got 1 sessions for read:user,repo,user:email,workflow...
2024-10-14 16:38:50.249 [info] Getting sessions for all scopes...
2024-10-14 16:38:50.249 [info] Got 1 sessions for ...
2024-10-14 16:38:50.253 [info] Getting sessions for read:user,repo,user:email,workflow...
2024-10-14 16:38:50.253 [info] Got 1 sessions for read:user,repo,user:email,workflow...
2024-10-14 16:38:50.257 [info] Getting sessions for all scopes...
2024-10-14 16:38:50.258 [info] Got 1 sessions for ...
2024-10-14 16:38:50.261 [info] Getting sessions for read:user,repo,user:email,workflow...
2024-10-14 16:38:50.261 [info] Got 1 sessions for read:user,repo,user:email,workflow...
2024-10-14 16:38:51.487 [info] Getting sessions for all scopes...
2024-10-14 16:38:51.488 [info] Got 1 sessions for ...
2024-10-14 16:38:51.488 [info] Getting sessions for all scopes...
2024-10-14 16:38:51.488 [info] Got 1 sessions for ...
2024-10-14 16:38:51.491 [info] Getting sessions for read:user,repo,user:email,workflow...
2024-10-14 16:38:51.491 [info] Got 1 sessions for read:user,repo,user:email,workflow...
2024-10-14 16:38:51.495 [info] Getting sessions for all scopes...
2024-10-14 16:38:51.495 [info] Got 1 sessions for ...
2024-10-14 16:38:51.498 [info] Getting sessions for read:user,repo,user:email,workflow...
2024-10-14 16:38:51.498 [info] Got 1 sessions for read:user,repo,user:email,workflow...
2024-10-14 16:38:51.666 [info] Getting sessions for all scopes...
2024-10-14 16:38:51.666 [info] Got 1 sessions for ...
2024-10-14 16:38:51.706 [info] Getting sessions for read:user,repo,user:email,workflow...
2024-10-14 16:38:51.707 [info] Got 1 sessions for read:user,repo,user:email,workflow...
2024-10-14 16:43:49.867 [info] Getting sessions for all scopes...
2024-10-14 16:43:49.867 [info] Got 1 sessions for ...
2024-10-14 16:43:49.870 [info] Getting sessions for read:user,repo,user:email,workflow...
2024-10-14 16:43:49.871 [info] Got 1 sessions for read:user,repo,user:email,workflow...
2024-10-14 16:53:53.398 [info] Getting sessions for all scopes...
2024-10-14 16:53:53.398 [info] Got 1 sessions for ...
2024-10-14 16:53:53.402 [info] Getting sessions for read:user,repo,user:email,workflow...
2024-10-14 16:53:53.402 [info] Got 1 sessions for read:user,repo,user:email,workflow...
2024-10-14 16:53:53.407 [info] Getting sessions for all scopes...
2024-10-14 16:53:53.407 [info] Got 1 sessions for ...
2024-10-14 16:53:53.411 [info] Getting sessions for read:user,repo,user:email,workflow...
2024-10-14 16:53:53.411 [info] Got 1 sessions for read:user,repo,user:email,workflow...
2024-10-14 16:58:49.878 [info] Getting sessions for all scopes...
2024-10-14 16:58:49.878 [info] Got 1 sessions for ...
2024-10-14 16:58:49.882 [info] Getting sessions for read:user,repo,user:email,workflow...
2024-10-14 16:58:49.882 [info] Got 1 sessions for read:user,repo,user:email,workflow...
2024-10-14 17:03:52.469 [info] Getting sessions for all scopes...
2024-10-14 17:03:52.469 [info] Got 1 sessions for ...
2024-10-14 17:03:52.473 [info] Getting sessions for read:user,repo,user:email,workflow...
2024-10-14 17:03:52.477 [info] Got 1 sessions for read:user,repo,user:email,workflow...
2024-10-14 17:03:52.497 [info] Getting sessions for all scopes...
2024-10-14 17:03:52.497 [info] Got 1 sessions for ...
2024-10-14 17:03:52.497 [info] Getting sessions for all scopes...
2024-10-14 17:03:52.498 [info] Got 1 sessions for ...
2024-10-14 17:03:52.501 [info] Getting sessions for read:user,repo,user:email,workflow...
2024-10-14 17:03:52.501 [info] Got 1 sessions for read:user,repo,user:email,workflow...
2024-10-14 17:03:52.506 [info] Getting sessions for all scopes...
2024-10-14 17:03:52.506 [info] Got 1 sessions for ...
2024-10-14 17:03:52.509 [info] Getting sessions for read:user,repo,user:email,workflow...
2024-10-14 17:03:52.510 [info] Got 1 sessions for read:user,repo,user:email,workflow...
2024-10-14 17:03:52.514 [info] Getting sessions for all scopes...
2024-10-14 17:03:52.514 [info] Got 1 sessions for ...
2024-10-14 17:03:52.518 [info] Getting sessions for read:user,repo,user:email,workflow...
2024-10-14 17:03:52.518 [info] Got 1 sessions for read:user,repo,user:email,workflow...
2024-10-14 17:03:52.595 [info] Getting sessions for all scopes...
2024-10-14 17:03:52.595 [info] Got 1 sessions for ...
2024-10-14 17:03:52.596 [info] Getting sessions for read:user,repo,user:email,workflow...
2024-10-14 17:03:52.596 [info] Got 1 sessions for read:user,repo,user:email,workflow...
2024-10-14 17:03:52.597 [info] Getting sessions for all scopes...
2024-10-14 17:03:52.597 [info] Got 1 sessions for ...
2024-10-14 17:03:52.607 [info] Getting sessions for read:user,repo,user:email,workflow...
2024-10-14 17:03:52.607 [info] Got 1 sessions for read:user,repo,user:email,workflow...
2024-10-14 17:04:52.625 [info] Getting sessions for all scopes...
2024-10-14 17:04:52.625 [info] Got 1 sessions for ...
2024-10-14 17:04:52.626 [info] Getting sessions for read:user,repo,user:email,workflow...
2024-10-14 17:04:52.626 [info] Got 1 sessions for read:user,repo,user:email,workflow...
2024-10-14 17:04:52.628 [info] Getting sessions for all scopes...
2024-10-14 17:04:52.628 [info] Got 1 sessions for ...
2024-10-14 17:04:52.629 [info] Getting sessions for read:user,repo,user:email,workflow...
2024-10-14 17:04:52.629 [info] Got 1 sessions for read:user,repo,user:email,workflow...
2024-10-14 17:05:52.634 [info] Getting sessions for all scopes...
2024-10-14 17:05:52.634 [info] Got 1 sessions for ...
2024-10-14 17:05:52.635 [info] Getting sessions for read:user,repo,user:email,workflow...
2024-10-14 17:05:52.635 [info] Got 1 sessions for read:user,repo,user:email,workflow...
2024-10-14 17:05:52.637 [info] Getting sessions for all scopes...
2024-10-14 17:05:52.637 [info] Got 1 sessions for ...
2024-10-14 17:05:52.638 [info] Getting sessions for read:user,repo,user:email,workflow...
2024-10-14 17:05:52.638 [info] Got 1 sessions for read:user,repo,user:email,workflow...
2024-10-14 17:06:52.643 [info] Getting sessions for all scopes...
2024-10-14 17:06:52.643 [info] Got 1 sessions for ...
2024-10-14 17:06:52.645 [info] Getting sessions for read:user,repo,user:email,workflow...
2024-10-14 17:06:52.645 [info] Got 1 sessions for read:user,repo,user:email,workflow...
2024-10-14 17:06:52.646 [info] Getting sessions for all scopes...
2024-10-14 17:06:52.646 [info] Got 1 sessions for ...
2024-10-14 17:06:52.647 [info] Getting sessions for read:user,repo,user:email,workflow...
2024-10-14 17:06:52.647 [info] Got 1 sessions for read:user,repo,user:email,workflow...
2024-10-14 17:07:52.653 [info] Getting sessions for all scopes...
2024-10-14 17:07:52.653 [info] Got 1 sessions for ...
2024-10-14 17:07:52.654 [info] Getting sessions for read:user,repo,user:email,workflow...
2024-10-14 17:07:52.654 [info] Got 1 sessions for read:user,repo,user:email,workflow...
2024-10-14 17:07:52.655 [info] Getting sessions for all scopes...
2024-10-14 17:07:52.655 [info] Got 1 sessions for ...
2024-10-14 17:07:52.656 [info] Getting sessions for read:user,repo,user:email,workflow...
2024-10-14 17:07:52.656 [info] Got 1 sessions for read:user,repo,user:email,workflow...
2024-10-14 17:07:58.446 [info] Getting sessions for all scopes...
2024-10-14 17:07:58.446 [info] Got 1 sessions for ...
2024-10-14 17:07:58.448 [info] Getting sessions for read:user,repo,user:email,workflow...
2024-10-14 17:07:58.448 [info] Got 1 sessions for read:user,repo,user:email,workflow...
2024-10-14 17:07:58.460 [info] Getting sessions for all scopes...
2024-10-14 17:07:58.460 [info] Got 1 sessions for ...
2024-10-14 17:07:58.461 [info] Getting sessions for read:user,repo,user:email,workflow...
2024-10-14 17:07:58.461 [info] Got 1 sessions for read:user,repo,user:email,workflow...
2024-10-14 17:08:03.602 [info] Getting sessions for all scopes...
2024-10-14 17:08:03.602 [info] Got 1 sessions for ...
2024-10-14 17:08:03.608 [info] Getting sessions for read:user,repo,user:email,workflow...
2024-10-14 17:08:03.608 [info] Got 1 sessions for read:user,repo,user:email,workflow...
2024-10-14 17:08:03.615 [info] Getting sessions for all scopes...
2024-10-14 17:08:03.615 [info] Got 1 sessions for ...
2024-10-14 17:08:03.616 [info] Getting sessions for read:user,repo,user:email,workflow...
2024-10-14 17:08:03.616 [info] Got 1 sessions for read:user,repo,user:email,workflow...
2024-10-14 17:09:00.339 [info] Getting sessions for all scopes...
2024-10-14 17:09:00.340 [info] Got 1 sessions for ...
2024-10-14 17:09:00.343 [info] Getting sessions for read:user,repo,user:email,workflow...
2024-10-14 17:09:00.343 [info] Got 1 sessions for read:user,repo,user:email,workflow...
2024-10-14 17:09:00.348 [info] Getting sessions for all scopes...
2024-10-14 17:09:00.348 [info] Got 1 sessions for ...
2024-10-14 17:09:00.351 [info] Getting sessions for read:user,repo,user:email,workflow...
2024-10-14 17:09:00.351 [info] Got 1 sessions for read:user,repo,user:email,workflow...
2024-10-14 17:09:00.365 [info] Getting sessions for all scopes...
2024-10-14 17:09:00.365 [info] Got 1 sessions for ...
2024-10-14 17:09:00.369 [info] Getting sessions for read:user,repo,user:email,workflow...
2024-10-14 17:09:00.369 [info] Got 1 sessions for read:user,repo,user:email,workflow...
2024-10-14 17:09:00.373 [info] Getting sessions for all scopes...
2024-10-14 17:09:00.373 [info] Got 1 sessions for ...
2024-10-14 17:09:00.377 [info] Getting sessions for read:user,repo,user:email,workflow...
2024-10-14 17:09:00.377 [info] Got 1 sessions for read:user,repo,user:email,workflow...
2024-10-14 17:09:03.622 [info] Getting sessions for all scopes...
2024-10-14 17:09:03.622 [info] Got 1 sessions for ...
2024-10-14 17:09:03.623 [info] Getting sessions for read:user,repo,user:email,workflow...
2024-10-14 17:09:03.623 [info] Got 1 sessions for read:user,repo,user:email,workflow...
2024-10-14 17:09:03.624 [info] Getting sessions for all scopes...
2024-10-14 17:09:03.624 [info] Got 1 sessions for ...
2024-10-14 17:09:03.625 [info] Getting sessions for read:user,repo,user:email,workflow...
2024-10-14 17:09:03.625 [info] Got 1 sessions for read:user,repo,user:email,workflow...
2024-10-14 17:09:56.277 [info] Getting sessions for all scopes...
2024-10-14 17:09:56.277 [info] Got 1 sessions for ...
2024-10-14 17:09:56.279 [info] Getting sessions for read:user,repo,user:email,workflow...
2024-10-14 17:09:56.279 [info] Got 1 sessions for read:user,repo,user:email,workflow...
2024-10-14 17:09:56.292 [info] Getting sessions for all scopes...
2024-10-14 17:09:56.292 [info] Got 1 sessions for ...
2024-10-14 17:09:56.293 [info] Getting sessions for read:user,repo,user:email,workflow...
2024-10-14 17:09:56.293 [info] Got 1 sessions for read:user,repo,user:email,workflow...
2024-10-14 17:09:59.335 [info] Getting sessions for all scopes...
2024-10-14 17:09:59.335 [info] Got 1 sessions for ...
2024-10-14 17:09:59.340 [info] Getting sessions for read:user,repo,user:email,workflow...
2024-10-14 17:09:59.340 [info] Got 1 sessions for read:user,repo,user:email,workflow...
2024-10-14 17:09:59.345 [info] Getting sessions for all scopes...
2024-10-14 17:09:59.345 [info] Got 1 sessions for ...
2024-10-14 17:09:59.346 [info] Getting sessions for read:user,repo,user:email,workflow...
2024-10-14 17:09:59.347 [info] Got 1 sessions for read:user,repo,user:email,workflow...
2024-10-14 17:10:36.348 [info] Getting sessions for all scopes...
2024-10-14 17:10:36.348 [info] Got 1 sessions for ...
2024-10-14 17:10:36.349 [info] Getting sessions for read:user,repo,user:email,workflow...
2024-10-14 17:10:36.349 [info] Got 1 sessions for read:user,repo,user:email,workflow...
2024-10-14 17:10:36.351 [info] Getting sessions for all scopes...
2024-10-14 17:10:36.351 [info] Got 1 sessions for ...
2024-10-14 17:10:36.352 [info] Getting sessions for read:user,repo,user:email,workflow...
2024-10-14 17:10:36.352 [info] Got 1 sessions for read:user,repo,user:email,workflow...
2024-10-14 17:11:36.356 [info] Getting sessions for all scopes...
2024-10-14 17:11:36.356 [info] Got 1 sessions for ...
2024-10-14 17:11:36.358 [info] Getting sessions for read:user,repo,user:email,workflow...
2024-10-14 17:11:36.358 [info] Got 1 sessions for read:user,repo,user:email,workflow...
2024-10-14 17:11:36.359 [info] Getting sessions for all scopes...
2024-10-14 17:11:36.359 [info] Got 1 sessions for ...
2024-10-14 17:11:36.360 [info] Getting sessions for read:user,repo,user:email,workflow...
2024-10-14 17:11:36.360 [info] Got 1 sessions for read:user,repo,user:email,workflow...
2024-10-14 17:12:07.651 [info] Getting sessions for all scopes...
2024-10-14 17:12:07.652 [info] Got 1 sessions for ...
2024-10-14 17:12:07.661 [info] Getting sessions for read:user,repo,user:email,workflow...
2024-10-14 17:12:07.661 [info] Got 1 sessions for read:user,repo,user:email,workflow...
2024-10-14 17:12:07.668 [info] Getting sessions for all scopes...
2024-10-14 17:12:07.668 [info] Got 1 sessions for ...
2024-10-14 17:12:07.669 [info] Getting sessions for read:user,repo,user:email,workflow...
2024-10-14 17:12:07.669 [info] Got 1 sessions for read:user,repo,user:email,workflow...
2024-10-14 17:12:25.280 [info] Getting sessions for all scopes...
2024-10-14 17:12:25.280 [info] Got 1 sessions for ...
2024-10-14 17:12:25.283 [info] Getting sessions for read:user,repo,user:email,workflow...
2024-10-14 17:12:25.283 [info] Got 1 sessions for read:user,repo,user:email,workflow...
2024-10-14 17:12:25.293 [info] Getting sessions for all scopes...
2024-10-14 17:12:25.293 [info] Got 1 sessions for ...
2024-10-14 17:12:25.294 [info] Getting sessions for read:user,repo,user:email,workflow...
2024-10-14 17:12:25.294 [info] Got 1 sessions for read:user,repo,user:email,workflow...
2024-10-14 17:12:29.515 [info] Getting sessions for all scopes...
2024-10-14 17:12:29.515 [info] Got 1 sessions for ...
2024-10-14 17:12:29.518 [info] Getting sessions for read:user,repo,user:email,workflow...
2024-10-14 17:12:29.518 [info] Got 1 sessions for read:user,repo,user:email,workflow...
2024-10-14 17:12:29.532 [info] Getting sessions for all scopes...
2024-10-14 17:12:29.532 [info] Got 1 sessions for ...
2024-10-14 17:12:29.533 [info] Getting sessions for read:user,repo,user:email,workflow...
2024-10-14 17:12:29.533 [info] Got 1 sessions for read:user,repo,user:email,workflow...
2024-10-14 17:12:39.899 [info] Getting sessions for all scopes...
2024-10-14 17:12:39.899 [info] Got 1 sessions for ...
2024-10-14 17:12:39.901 [info] Getting sessions for read:user,repo,user:email,workflow...
2024-10-14 17:12:39.902 [info] Got 1 sessions for read:user,repo,user:email,workflow...
2024-10-14 17:12:39.907 [info] Getting sessions for all scopes...
2024-10-14 17:12:39.907 [info] Got 1 sessions for ...
2024-10-14 17:12:39.909 [info] Getting sessions for read:user,repo,user:email,workflow...
2024-10-14 17:12:39.909 [info] Got 1 sessions for read:user,repo,user:email,workflow...
2024-10-14 17:13:49.889 [info] Getting sessions for all scopes...
2024-10-14 17:13:49.889 [info] Got 1 sessions for ...
2024-10-14 17:13:49.893 [info] Getting sessions for read:user,repo,user:email,workflow...
2024-10-14 17:13:49.894 [info] Got 1 sessions for read:user,repo,user:email,workflow...
2024-10-14 17:13:49.898 [info] Getting sessions for all scopes...
2024-10-14 17:13:49.898 [info] Got 1 sessions for ...
2024-10-14 17:13:49.902 [info] Getting sessions for read:user,repo,user:email,workflow...
2024-10-14 17:13:49.902 [info] Got 1 sessions for read:user,repo,user:email,workflow...
2024-10-14 17:13:49.918 [info] Getting sessions for all scopes...
2024-10-14 17:13:49.918 [info] Got 1 sessions for ...
2024-10-14 17:13:49.922 [info] Getting sessions for read:user,repo,user:email,workflow...
2024-10-14 17:13:49.923 [info] Got 1 sessions for read:user,repo,user:email,workflow...
2024-10-14 17:13:49.927 [info] Getting sessions for all scopes...
2024-10-14 17:13:49.927 [info] Got 1 sessions for ...
2024-10-14 17:13:49.931 [info] Getting sessions for read:user,repo,user:email,workflow...
2024-10-14 17:13:49.932 [info] Got 1 sessions for read:user,repo,user:email,workflow...
2024-10-14 17:14:02.083 [info] Getting sessions for all scopes...
2024-10-14 17:14:02.083 [info] Got 1 sessions for ...
2024-10-14 17:14:02.084 [info] Getting sessions for read:user,repo,user:email,workflow...
2024-10-14 17:14:02.084 [info] Got 1 sessions for read:user,repo,user:email,workflow...
2024-10-14 17:14:02.086 [info] Getting sessions for all scopes...
2024-10-14 17:14:02.086 [info] Got 1 sessions for ...
2024-10-14 17:14:02.087 [info] Getting sessions for read:user,repo,user:email,workflow...
2024-10-14 17:14:02.087 [info] Got 1 sessions for read:user,repo,user:email,workflow...
2024-10-14 17:14:49.013 [info] Getting sessions for all scopes...
2024-10-14 17:14:49.013 [info] Got 1 sessions for ...
2024-10-14 17:14:49.021 [info] Getting sessions for read:user,repo,user:email,workflow...
2024-10-14 17:14:49.021 [info] Got 1 sessions for read:user,repo,user:email,workflow...
2024-10-14 17:14:49.038 [info] Getting sessions for all scopes...
2024-10-14 17:14:49.038 [info] Got 1 sessions for ...
2024-10-14 17:14:49.039 [info] Getting sessions for read:user,repo,user:email,workflow...
2024-10-14 17:14:49.039 [info] Got 1 sessions for read:user,repo,user:email,workflow...
2024-10-14 17:14:54.947 [info] Getting sessions for all scopes...
2024-10-14 17:14:54.947 [info] Got 1 sessions for ...
2024-10-14 17:14:54.951 [info] Getting sessions for read:user,repo,user:email,workflow...
2024-10-14 17:14:54.951 [info] Got 1 sessions for read:user,repo,user:email,workflow...
2024-10-14 17:14:54.964 [info] Getting sessions for all scopes...
2024-10-14 17:14:54.964 [info] Got 1 sessions for ...
2024-10-14 17:14:54.965 [info] Getting sessions for read:user,repo,user:email,workflow...
2024-10-14 17:14:54.965 [info] Got 1 sessions for read:user,repo,user:email,workflow...
2024-10-14 17:15:20.309 [info] Getting sessions for all scopes...
2024-10-14 17:15:20.309 [info] Got 1 sessions for ...
2024-10-14 17:15:20.310 [info] Getting sessions for read:user,repo,user:email,workflow...
2024-10-14 17:15:20.310 [info] Got 1 sessions for read:user,repo,user:email,workflow...
2024-10-14 17:15:20.311 [info] Getting sessions for all scopes...
2024-10-14 17:15:20.311 [info] Got 1 sessions for ...
2024-10-14 17:15:20.312 [info] Getting sessions for read:user,repo,user:email,workflow...
2024-10-14 17:15:20.312 [info] Got 1 sessions for read:user,repo,user:email,workflow...
2024-10-14 17:15:25.326 [info] Getting sessions for all scopes...
2024-10-14 17:15:25.326 [info] Got 1 sessions for ...
2024-10-14 17:15:25.328 [info] Getting sessions for read:user,repo,user:email,workflow...
2024-10-14 17:15:25.328 [info] Got 1 sessions for read:user,repo,user:email,workflow...
2024-10-14 17:15:25.334 [info] Getting sessions for all scopes...
2024-10-14 17:15:25.334 [info] Got 1 sessions for ...
2024-10-14 17:15:25.340 [info] Getting sessions for read:user,repo,user:email,workflow...
2024-10-14 17:15:25.340 [info] Got 1 sessions for read:user,repo,user:email,workflow...
2024-10-14 17:15:28.677 [info] Getting sessions for all scopes...
2024-10-14 17:15:28.677 [info] Got 1 sessions for ...
2024-10-14 17:15:28.680 [info] Getting sessions for read:user,repo,user:email,workflow...
2024-10-14 17:15:28.680 [info] Got 1 sessions for read:user,repo,user:email,workflow...
2024-10-14 17:15:28.687 [info] Getting sessions for all scopes...
2024-10-14 17:15:28.687 [info] Got 1 sessions for ...
2024-10-14 17:15:28.691 [info] Getting sessions for read:user,repo,user:email,workflow...
2024-10-14 17:15:28.691 [info] Got 1 sessions for read:user,repo,user:email,workflow...
2024-10-14 17:16:05.662 [info] Getting sessions for all scopes...
2024-10-14 17:16:05.662 [info] Got 1 sessions for ...
2024-10-14 17:16:05.664 [info] Getting sessions for read:user,repo,user:email,workflow...
2024-10-14 17:16:05.664 [info] Got 1 sessions for read:user,repo,user:email,workflow...
2024-10-14 17:16:05.670 [info] Getting sessions for all scopes...
2024-10-14 17:16:05.670 [info] Got 1 sessions for ...
2024-10-14 17:16:05.671 [info] Getting sessions for read:user,repo,user:email,workflow...
2024-10-14 17:16:05.671 [info] Got 1 sessions for read:user,repo,user:email,workflow...
2024-10-14 17:16:10.142 [info] Getting sessions for all scopes...
2024-10-14 17:16:10.142 [info] Got 1 sessions for ...
2024-10-14 17:16:10.147 [info] Getting sessions for read:user,repo,user:email,workflow...
2024-10-14 17:16:10.147 [info] Got 1 sessions for read:user,repo,user:email,workflow...
2024-10-14 17:16:10.157 [info] Getting sessions for all scopes...
2024-10-14 17:16:10.157 [info] Got 1 sessions for ...
2024-10-14 17:16:10.158 [info] Getting sessions for read:user,repo,user:email,workflow...
2024-10-14 17:16:10.158 [info] Got 1 sessions for read:user,repo,user:email,workflow...
2024-10-14 17:16:19.856 [info] Getting sessions for all scopes...
2024-10-14 17:16:19.856 [info] Got 1 sessions for ...
2024-10-14 17:16:19.859 [info] Getting sessions for read:user,repo,user:email,workflow...
2024-10-14 17:16:19.859 [info] Got 1 sessions for read:user,repo,user:email,workflow...
2024-10-14 17:16:19.872 [info] Getting sessions for all scopes...
2024-10-14 17:16:19.872 [info] Got 1 sessions for ...
2024-10-14 17:16:19.873 [info] Getting sessions for read:user,repo,user:email,workflow...
2024-10-14 17:16:19.873 [info] Got 1 sessions for read:user,repo,user:email,workflow...
2024-10-14 17:16:56.394 [info] Getting sessions for all scopes...
2024-10-14 17:16:56.395 [info] Got 1 sessions for ...
2024-10-14 17:16:56.397 [info] Getting sessions for read:user,repo,user:email,workflow...
2024-10-14 17:16:56.397 [info] Got 1 sessions for read:user,repo,user:email,workflow...
2024-10-14 17:16:56.403 [info] Getting sessions for all scopes...
2024-10-14 17:16:56.403 [info] Got 1 sessions for ...
2024-10-14 17:16:56.408 [info] Getting sessions for read:user,repo,user:email,workflow...
2024-10-14 17:16:56.408 [info] Got 1 sessions for read:user,repo,user:email,workflow...
2024-10-14 17:17:02.462 [info] Getting sessions for all scopes...
2024-10-14 17:17:02.462 [info] Got 1 sessions for ...
2024-10-14 17:17:02.465 [info] Getting sessions for read:user,repo,user:email,workflow...
2024-10-14 17:17:02.465 [info] Got 1 sessions for read:user,repo,user:email,workflow...
2024-10-14 17:17:02.471 [info] Getting sessions for all scopes...
2024-10-14 17:17:02.471 [info] Got 1 sessions for ...
2024-10-14 17:17:02.472 [info] Getting sessions for read:user,repo,user:email,workflow...
2024-10-14 17:17:02.472 [info] Got 1 sessions for read:user,repo,user:email,workflow...
2024-10-14 17:17:20.808 [info] Getting sessions for all scopes...
2024-10-14 17:17:20.808 [info] Got 1 sessions for ...
2024-10-14 17:17:20.813 [info] Getting sessions for read:user,repo,user:email,workflow...
2024-10-14 17:17:20.813 [info] Got 1 sessions for read:user,repo,user:email,workflow...
2024-10-14 17:17:20.826 [info] Getting sessions for all scopes...
2024-10-14 17:17:20.826 [info] Got 1 sessions for ...
2024-10-14 17:17:20.827 [info] Getting sessions for read:user,repo,user:email,workflow...
2024-10-14 17:17:20.828 [info] Got 1 sessions for read:user,repo,user:email,workflow...
2024-10-14 17:17:45.164 [info] Getting sessions for all scopes...
2024-10-14 17:17:45.164 [info] Got 1 sessions for ...
2024-10-14 17:17:45.171 [info] Getting sessions for read:user,repo,user:email,workflow...
2024-10-14 17:17:45.171 [info] Got 1 sessions for read:user,repo,user:email,workflow...
2024-10-14 17:17:45.179 [info] Getting sessions for all scopes...
2024-10-14 17:17:45.179 [info] Got 1 sessions for ...
2024-10-14 17:17:45.184 [info] Getting sessions for read:user,repo,user:email,workflow...
2024-10-14 17:17:45.184 [info] Got 1 sessions for read:user,repo,user:email,workflow...
2024-10-14 17:18:14.017 [info] Getting sessions for all scopes...
2024-10-14 17:18:14.017 [info] Got 1 sessions for ...
2024-10-14 17:18:14.026 [info] Getting sessions for read:user,repo,user:email,workflow...
2024-10-14 17:18:14.026 [info] Got 1 sessions for read:user,repo,user:email,workflow...
2024-10-14 17:18:14.038 [info] Getting sessions for all scopes...
2024-10-14 17:18:14.038 [info] Got 1 sessions for ...
2024-10-14 17:18:14.040 [info] Getting sessions for read:user,repo,user:email,workflow...
2024-10-14 17:18:14.040 [info] Got 1 sessions for read:user,repo,user:email,workflow...
2024-10-14 17:18:31.294 [info] Getting sessions for all scopes...
2024-10-14 17:18:31.294 [info] Got 1 sessions for ...
2024-10-14 17:18:31.296 [info] Getting sessions for read:user,repo,user:email,workflow...
2024-10-14 17:18:31.296 [info] Got 1 sessions for read:user,repo,user:email,workflow...
2024-10-14 17:18:31.305 [info] Getting sessions for all scopes...
2024-10-14 17:18:31.305 [info] Got 1 sessions for ...
2024-10-14 17:18:31.310 [info] Getting sessions for read:user,repo,user:email,workflow...
2024-10-14 17:18:31.311 [info] Got 1 sessions for read:user,repo,user:email,workflow...
2024-10-14 17:18:52.626 [info] Getting sessions for all scopes...
2024-10-14 17:18:52.626 [info] Got 1 sessions for ...
2024-10-14 17:18:52.627 [info] Getting sessions for read:user,repo,user:email,workflow...
2024-10-14 17:18:52.627 [info] Got 1 sessions for read:user,repo,user:email,workflow...
2024-10-14 17:18:52.630 [info] Getting sessions for all scopes...
2024-10-14 17:18:52.630 [info] Got 1 sessions for ...
2024-10-14 17:18:52.632 [info] Getting sessions for read:user,repo,user:email,workflow...
2024-10-14 17:18:52.632 [info] Got 1 sessions for read:user,repo,user:email,workflow...
2024-10-14 17:18:52.641 [info] Getting sessions for all scopes...
2024-10-14 17:18:52.641 [info] Got 1 sessions for ...
2024-10-14 17:18:52.642 [info] Getting sessions for read:user,repo,user:email,workflow...
2024-10-14 17:18:52.642 [info] Got 1 sessions for read:user,repo,user:email,workflow...
2024-10-14 17:18:52.644 [info] Getting sessions for all scopes...
2024-10-14 17:18:52.644 [info] Got 1 sessions for ...
2024-10-14 17:18:52.645 [info] Getting sessions for read:user,repo,user:email,workflow...
2024-10-14 17:18:52.645 [info] Got 1 sessions for read:user,repo,user:email,workflow...
2024-10-14 17:19:13.914 [info] Getting sessions for all scopes...
2024-10-14 17:19:13.914 [info] Got 1 sessions for ...
2024-10-14 17:19:13.923 [info] Getting sessions for read:user,repo,user:email,workflow...
2024-10-14 17:19:13.923 [info] Got 1 sessions for read:user,repo,user:email,workflow...
2024-10-14 17:19:13.938 [info] Getting sessions for all scopes...
2024-10-14 17:19:13.938 [info] Got 1 sessions for ...
2024-10-14 17:19:13.939 [info] Getting sessions for read:user,repo,user:email,workflow...
2024-10-14 17:19:13.939 [info] Got 1 sessions for read:user,repo,user:email,workflow...
2024-10-14 17:20:11.812 [info] Getting sessions for all scopes...
2024-10-14 17:20:11.812 [info] Got 1 sessions for ...
2024-10-14 17:20:11.834 [info] Getting sessions for read:user,repo,user:email,workflow...
2024-10-14 17:20:11.834 [info] Got 1 sessions for read:user,repo,user:email,workflow...
2024-10-14 17:20:11.847 [info] Getting sessions for all scopes...
2024-10-14 17:20:11.847 [info] Got 1 sessions for ...
2024-10-14 17:20:11.855 [info] Getting sessions for read:user,repo,user:email,workflow...
2024-10-14 17:20:11.855 [info] Got 1 sessions for read:user,repo,user:email,workflow...
2024-10-14 17:26:57.684 [info] Getting sessions for all scopes...
2024-10-14 17:26:57.685 [info] Got 1 sessions for ...
2024-10-14 17:26:57.686 [info] Getting sessions for read:user,repo,user:email,workflow...
2024-10-14 17:26:57.686 [info] Got 1 sessions for read:user,repo,user:email,workflow...
2024-10-14 17:26:57.687 [info] Getting sessions for all scopes...
2024-10-14 17:26:57.687 [info] Got 1 sessions for ...
2024-10-14 17:26:57.688 [info] Getting sessions for read:user,repo,user:email,workflow...
2024-10-14 17:26:57.688 [info] Got 1 sessions for read:user,repo,user:email,workflow...
2024-10-14 17:26:59.607 [info] Getting sessions for all scopes...
2024-10-14 17:26:59.607 [info] Got 1 sessions for ...
2024-10-14 17:26:59.607 [info] Getting sessions for all scopes...
2024-10-14 17:26:59.607 [info] Got 1 sessions for ...
2024-10-14 17:26:59.608 [info] Getting sessions for read:user,repo,user:email,workflow...
2024-10-14 17:26:59.608 [info] Got 1 sessions for read:user,repo,user:email,workflow...
2024-10-14 17:26:59.609 [info] Getting sessions for all scopes...
2024-10-14 17:26:59.609 [info] Got 1 sessions for ...
2024-10-14 17:26:59.610 [info] Getting sessions for read:user,repo,user:email,workflow...
2024-10-14 17:26:59.610 [info] Got 1 sessions for read:user,repo,user:email,workflow...
2024-10-14 17:26:59.661 [info] Getting sessions for all scopes...
2024-10-14 17:26:59.662 [info] Got 1 sessions for ...
2024-10-14 17:26:59.685 [info] Getting sessions for read:user,repo,user:email,workflow...
2024-10-14 17:26:59.685 [info] Got 1 sessions for read:user,repo,user:email,workflow...
2024-10-14 17:26:59.705 [info] Getting sessions for all scopes...
2024-10-14 17:26:59.705 [info] Got 1 sessions for ...
2024-10-14 17:26:59.706 [info] Getting sessions for read:user,repo,user:email,workflow...
2024-10-14 17:26:59.706 [info] Got 1 sessions for read:user,repo,user:email,workflow...
2024-10-14 17:42:00.265 [info] Getting sessions for all scopes...
2024-10-14 17:42:00.265 [info] Got 1 sessions for ...
2024-10-14 17:42:00.266 [info] Getting sessions for read:user,repo,user:email,workflow...
2024-10-14 17:42:00.266 [info] Got 1 sessions for read:user,repo,user:email,workflow...
2024-10-14 17:42:00.268 [info] Getting sessions for all scopes...
2024-10-14 17:42:00.268 [info] Got 1 sessions for ...
2024-10-14 17:42:00.268 [info] Getting sessions for read:user,repo,user:email,workflow...
2024-10-14 17:42:00.268 [info] Got 1 sessions for read:user,repo,user:email,workflow...
2024-10-14 17:51:59.597 [info] Getting sessions for all scopes...
2024-10-14 17:51:59.597 [info] Got 1 sessions for ...
2024-10-14 17:51:59.600 [info] Getting sessions for read:user,repo,user:email,workflow...
2024-10-14 17:51:59.600 [info] Got 1 sessions for read:user,repo,user:email,workflow...
2024-10-14 17:51:59.616 [info] Getting sessions for all scopes...
2024-10-14 17:51:59.616 [info] Got 1 sessions for ...
2024-10-14 17:51:59.616 [info] Getting sessions for all scopes...
2024-10-14 17:51:59.616 [info] Got 1 sessions for ...
2024-10-14 17:51:59.619 [info] Getting sessions for read:user,repo,user:email,workflow...
2024-10-14 17:51:59.619 [info] Got 1 sessions for read:user,repo,user:email,workflow...
2024-10-14 17:51:59.623 [info] Getting sessions for all scopes...
2024-10-14 17:51:59.623 [info] Got 1 sessions for ...
2024-10-14 17:51:59.627 [info] Getting sessions for read:user,repo,user:email,workflow...
2024-10-14 17:51:59.627 [info] Got 1 sessions for read:user,repo,user:email,workflow...
2024-10-14 17:51:59.631 [info] Getting sessions for all scopes...
2024-10-14 17:51:59.631 [info] Got 1 sessions for ...
2024-10-14 17:51:59.634 [info] Getting sessions for read:user,repo,user:email,workflow...
2024-10-14 17:51:59.634 [info] Got 1 sessions for read:user,repo,user:email,workflow...
2024-10-14 17:51:59.719 [info] Getting sessions for all scopes...
2024-10-14 17:51:59.719 [info] Got 1 sessions for ...
2024-10-14 17:51:59.722 [info] Getting sessions for read:user,repo,user:email,workflow...
2024-10-14 17:51:59.722 [info] Got 1 sessions for read:user,repo,user:email,workflow...
2024-10-14 17:51:59.723 [info] Getting sessions for all scopes...
2024-10-14 17:51:59.724 [info] Got 1 sessions for ...
2024-10-14 17:51:59.724 [info] Getting sessions for read:user,repo,user:email,workflow...
2024-10-14 17:51:59.724 [info] Got 1 sessions for read:user,repo,user:email,workflow...
2024-10-14 17:57:01.193 [info] Getting sessions for all scopes...
2024-10-14 17:57:01.193 [info] Got 1 sessions for ...
2024-10-14 17:57:01.198 [info] Getting sessions for read:user,repo,user:email,workflow...
2024-10-14 17:57:01.198 [info] Got 1 sessions for read:user,repo,user:email,workflow...
2024-10-14 17:57:01.203 [info] Getting sessions for all scopes...
2024-10-14 17:57:01.203 [info] Got 1 sessions for ...
2024-10-14 17:57:01.207 [info] Getting sessions for read:user,repo,user:email,workflow...
2024-10-14 17:57:01.208 [info] Got 1 sessions for read:user,repo,user:email,workflow...
2024-10-14 17:57:02.278 [info] Getting sessions for all scopes...
2024-10-14 17:57:02.278 [info] Got 1 sessions for ...
2024-10-14 17:57:02.278 [info] Getting sessions for all scopes...
2024-10-14 17:57:02.278 [info] Got 1 sessions for ...
2024-10-14 17:57:02.279 [info] Getting sessions for read:user,repo,user:email,workflow...
2024-10-14 17:57:02.279 [info] Got 1 sessions for read:user,repo,user:email,workflow...
2024-10-14 17:57:02.282 [info] Getting sessions for all scopes...
2024-10-14 17:57:02.282 [info] Got 1 sessions for ...
2024-10-14 17:57:02.284 [info] Getting sessions for read:user,repo,user:email,workflow...
2024-10-14 17:57:02.284 [info] Got 1 sessions for read:user,repo,user:email,workflow...
2024-10-14 17:57:02.354 [info] Getting sessions for all scopes...
2024-10-14 17:57:02.354 [info] Got 1 sessions for ...
2024-10-14 17:57:02.360 [info] Getting sessions for read:user,repo,user:email,workflow...
2024-10-14 17:57:02.360 [info] Got 1 sessions for read:user,repo,user:email,workflow...
2024-10-14 18:06:59.730 [info] Getting sessions for all scopes...
2024-10-14 18:06:59.730 [info] Got 1 sessions for ...
2024-10-14 18:06:59.731 [info] Getting sessions for read:user,repo,user:email,workflow...
2024-10-14 18:06:59.731 [info] Got 1 sessions for read:user,repo,user:email,workflow...
2024-10-14 18:12:02.895 [info] Getting sessions for all scopes...
2024-10-14 18:12:02.895 [info] Got 1 sessions for ...
2024-10-14 18:12:02.896 [info] Getting sessions for read:user,repo,user:email,workflow...
2024-10-14 18:12:02.896 [info] Got 1 sessions for read:user,repo,user:email,workflow...
2024-10-14 18:12:02.897 [info] Getting sessions for all scopes...
2024-10-14 18:12:02.897 [info] Got 1 sessions for ...
2024-10-14 18:12:02.898 [info] Getting sessions for read:user,repo,user:email,workflow...
2024-10-14 18:12:02.898 [info] Got 1 sessions for read:user,repo,user:email,workflow...
2024-10-14 18:55:09.667 [info] Getting sessions for all scopes...
2024-10-14 18:55:09.667 [info] Got 1 sessions for ...
2024-10-14 18:55:09.671 [info] Getting sessions for read:user,repo,user:email,workflow...
2024-10-14 18:55:09.671 [info] Got 1 sessions for read:user,repo,user:email,workflow...
2024-10-14 18:55:09.677 [info] Getting sessions for all scopes...
2024-10-14 18:55:09.677 [info] Got 1 sessions for ...
2024-10-14 18:55:09.680 [info] Getting sessions for read:user,repo,user:email,workflow...
2024-10-14 18:55:09.680 [info] Got 1 sessions for read:user,repo,user:email,workflow...
2024-10-14 18:55:10.612 [info] Getting sessions for all scopes...
2024-10-14 18:55:10.612 [info] Got 1 sessions for ...
2024-10-14 18:55:10.613 [info] Getting sessions for all scopes...
2024-10-14 18:55:10.613 [info] Got 1 sessions for ...
2024-10-14 18:55:10.616 [info] Getting sessions for read:user,repo,user:email,workflow...
2024-10-14 18:55:10.616 [info] Got 1 sessions for read:user,repo,user:email,workflow...
2024-10-14 18:55:10.669 [info] Getting sessions for all scopes...
2024-10-14 18:55:10.670 [info] Got 1 sessions for ...
2024-10-14 18:55:10.674 [info] Getting sessions for read:user,repo,user:email,workflow...
2024-10-14 18:55:10.674 [info] Got 1 sessions for read:user,repo,user:email,workflow...
2024-10-14 18:55:10.680 [info] Getting sessions for all scopes...
2024-10-14 18:55:10.681 [info] Got 1 sessions for ...
2024-10-14 18:55:10.684 [info] Getting sessions for read:user,repo,user:email,workflow...
2024-10-14 18:55:10.685 [info] Got 1 sessions for read:user,repo,user:email,workflow...
2024-10-14 19:00:29.989 [info] Getting sessions for all scopes...
2024-10-14 19:00:29.989 [info] Got 1 sessions for ...
2024-10-14 19:00:29.993 [info] Getting sessions for read:user,repo,user:email,workflow...
2024-10-14 19:00:29.993 [info] Got 1 sessions for read:user,repo,user:email,workflow...
2024-10-14 19:10:11.153 [info] Getting sessions for all scopes...
2024-10-14 19:10:11.153 [info] Got 1 sessions for ...
2024-10-14 19:10:11.157 [info] Getting sessions for read:user,repo,user:email,workflow...
2024-10-14 19:10:11.157 [info] Got 1 sessions for read:user,repo,user:email,workflow...
2024-10-14 19:10:11.163 [info] Getting sessions for all scopes...
2024-10-14 19:10:11.163 [info] Got 1 sessions for ...
2024-10-14 19:10:11.167 [info] Getting sessions for read:user,repo,user:email,workflow...
2024-10-14 19:10:11.167 [info] Got 1 sessions for read:user,repo,user:email,workflow...
2024-10-14 19:15:29.999 [info] Getting sessions for all scopes...
2024-10-14 19:15:29.999 [info] Got 1 sessions for ...
2024-10-14 19:15:30.003 [info] Getting sessions for read:user,repo,user:email,workflow...
2024-10-14 19:15:30.003 [info] Got 1 sessions for read:user,repo,user:email,workflow...
2024-10-14 19:20:10.603 [info] Getting sessions for all scopes...
2024-10-14 19:20:10.603 [info] Got 1 sessions for ...
2024-10-14 19:20:10.606 [info] Getting sessions for read:user,repo,user:email,workflow...
2024-10-14 19:20:10.606 [info] Got 1 sessions for read:user,repo,user:email,workflow...
2024-10-14 19:20:11.681 [info] Getting sessions for all scopes...
2024-10-14 19:20:11.681 [info] Got 1 sessions for ...
2024-10-14 19:20:11.681 [info] Getting sessions for all scopes...
2024-10-14 19:20:11.681 [info] Got 1 sessions for ...
2024-10-14 19:20:11.683 [info] Getting sessions for read:user,repo,user:email,workflow...
2024-10-14 19:20:11.683 [info] Got 1 sessions for read:user,repo,user:email,workflow...
2024-10-14 19:20:11.685 [info] Getting sessions for all scopes...
2024-10-14 19:20:11.685 [info] Got 1 sessions for ...
2024-10-14 19:20:11.687 [info] Getting sessions for read:user,repo,user:email,workflow...
2024-10-14 19:20:11.688 [info] Got 1 sessions for read:user,repo,user:email,workflow...
2024-10-14 19:20:11.697 [info] Getting sessions for all scopes...
2024-10-14 19:20:11.697 [info] Got 1 sessions for ...
2024-10-14 19:20:11.699 [info] Getting sessions for read:user,repo,user:email,workflow...
2024-10-14 19:20:11.699 [info] Got 1 sessions for read:user,repo,user:email,workflow...
2024-10-14 19:20:11.745 [info] Getting sessions for all scopes...
2024-10-14 19:20:11.745 [info] Got 1 sessions for ...
2024-10-14 19:20:11.748 [info] Getting sessions for read:user,repo,user:email,workflow...
2024-10-14 19:20:11.748 [info] Got 1 sessions for read:user,repo,user:email,workflow...
2024-10-14 19:25:11.683 [info] Getting sessions for all scopes...
2024-10-14 19:25:11.683 [info] Got 1 sessions for ...
2024-10-14 19:25:11.688 [info] Getting sessions for read:user,repo,user:email,workflow...
2024-10-14 19:25:11.688 [info] Got 1 sessions for read:user,repo,user:email,workflow...
2024-10-14 19:30:30.011 [info] Getting sessions for all scopes...
2024-10-14 19:30:30.011 [info] Got 1 sessions for ...
2024-10-14 19:30:30.018 [info] Getting sessions for read:user,repo,user:email,workflow...
2024-10-14 19:30:30.019 [info] Got 1 sessions for read:user,repo,user:email,workflow...
2024-10-14 19:30:30.027 [info] Getting sessions for all scopes...
2024-10-14 19:30:30.027 [info] Got 1 sessions for ...
2024-10-14 19:30:30.037 [info] Getting sessions for read:user,repo,user:email,workflow...
2024-10-14 19:30:30.037 [info] Got 1 sessions for read:user,repo,user:email,workflow...
2024-10-14 19:35:12.318 [info] Getting sessions for all scopes...
2024-10-14 19:35:12.318 [info] Got 1 sessions for ...
2024-10-14 19:35:12.324 [info] Getting sessions for read:user,repo,user:email,workflow...
2024-10-14 19:35:12.324 [info] Got 1 sessions for read:user,repo,user:email,workflow...
2024-10-14 19:40:11.695 [info] Getting sessions for all scopes...
2024-10-14 19:40:11.695 [info] Got 1 sessions for ...
2024-10-14 19:40:11.699 [info] Getting sessions for read:user,repo,user:email,workflow...
2024-10-14 19:40:11.699 [info] Got 1 sessions for read:user,repo,user:email,workflow...
2024-10-14 19:45:11.683 [info] Getting sessions for all scopes...
2024-10-14 19:45:11.683 [info] Got 1 sessions for ...
2024-10-14 19:45:11.687 [info] Getting sessions for read:user,repo,user:email,workflow...
2024-10-14 19:45:11.688 [info] Got 1 sessions for read:user,repo,user:email,workflow...
2024-10-14 19:45:12.810 [info] Getting sessions for all scopes...
2024-10-14 19:45:12.810 [info] Got 1 sessions for ...
2024-10-14 19:45:12.811 [info] Getting sessions for all scopes...
2024-10-14 19:45:12.811 [info] Got 1 sessions for ...
2024-10-14 19:45:12.815 [info] Getting sessions for read:user,repo,user:email,workflow...
2024-10-14 19:45:12.815 [info] Got 1 sessions for read:user,repo,user:email,workflow...
2024-10-14 19:45:12.821 [info] Getting sessions for all scopes...
2024-10-14 19:45:12.821 [info] Got 1 sessions for ...
2024-10-14 19:45:12.824 [info] Getting sessions for read:user,repo,user:email,workflow...
2024-10-14 19:45:12.824 [info] Got 1 sessions for read:user,repo,user:email,workflow...
2024-10-14 19:45:12.840 [info] Getting sessions for all scopes...
2024-10-14 19:45:12.840 [info] Got 1 sessions for ...
2024-10-14 19:45:12.844 [info] Getting sessions for read:user,repo,user:email,workflow...
2024-10-14 19:45:12.844 [info] Got 1 sessions for read:user,repo,user:email,workflow...
2024-10-14 19:45:12.905 [info] Getting sessions for all scopes...
2024-10-14 19:45:12.905 [info] Got 1 sessions for ...
2024-10-14 19:45:12.909 [info] Getting sessions for read:user,repo,user:email,workflow...
2024-10-14 19:45:12.910 [info] Got 1 sessions for read:user,repo,user:email,workflow...
2024-10-14 19:45:30.821 [info] Getting sessions for all scopes...
2024-10-14 19:45:30.821 [info] Got 1 sessions for ...
2024-10-14 19:45:30.825 [info] Getting sessions for read:user,repo,user:email,workflow...
2024-10-14 19:45:30.825 [info] Got 1 sessions for read:user,repo,user:email,workflow...
2024-10-14 19:50:12.332 [info] Getting sessions for all scopes...
2024-10-14 19:50:12.332 [info] Got 1 sessions for ...
2024-10-14 19:50:12.337 [info] Getting sessions for read:user,repo,user:email,workflow...
2024-10-14 19:50:12.337 [info] Got 1 sessions for read:user,repo,user:email,workflow...
2024-10-14 19:55:11.705 [info] Getting sessions for all scopes...
2024-10-14 19:55:11.706 [info] Got 1 sessions for ...
2024-10-14 19:55:11.710 [info] Getting sessions for read:user,repo,user:email,workflow...
2024-10-14 19:55:11.710 [info] Got 1 sessions for read:user,repo,user:email,workflow...
2024-10-14 20:00:13.621 [info] Getting sessions for all scopes...
2024-10-14 20:00:13.621 [info] Got 1 sessions for ...
2024-10-14 20:00:13.625 [info] Getting sessions for read:user,repo,user:email,workflow...
2024-10-14 20:00:13.626 [info] Got 1 sessions for read:user,repo,user:email,workflow...
2024-10-14 20:00:13.631 [info] Getting sessions for all scopes...
2024-10-14 20:00:13.631 [info] Got 1 sessions for ...
2024-10-14 20:00:13.635 [info] Getting sessions for read:user,repo,user:email,workflow...
2024-10-14 20:00:13.635 [info] Got 1 sessions for read:user,repo,user:email,workflow...
2024-10-14 20:00:30.833 [info] Getting sessions for all scopes...
2024-10-14 20:00:30.833 [info] Got 1 sessions for ...
2024-10-14 20:00:30.837 [info] Getting sessions for read:user,repo,user:email,workflow...
2024-10-14 20:00:30.837 [info] Got 1 sessions for read:user,repo,user:email,workflow...
2024-10-14 20:05:12.344 [info] Getting sessions for all scopes...
2024-10-14 20:05:12.344 [info] Got 1 sessions for ...
2024-10-14 20:05:12.348 [info] Getting sessions for read:user,repo,user:email,workflow...
2024-10-14 20:05:12.348 [info] Got 1 sessions for read:user,repo,user:email,workflow...
2024-10-14 20:10:11.717 [info] Getting sessions for all scopes...
2024-10-14 20:10:11.717 [info] Got 1 sessions for ...
2024-10-14 20:10:11.720 [info] Getting sessions for read:user,repo,user:email,workflow...
2024-10-14 20:10:11.720 [info] Got 1 sessions for read:user,repo,user:email,workflow...
2024-10-14 20:10:12.809 [info] Getting sessions for all scopes...
2024-10-14 20:10:12.809 [info] Got 1 sessions for ...
2024-10-14 20:10:12.812 [info] Getting sessions for read:user,repo,user:email,workflow...
2024-10-14 20:10:12.813 [info] Got 1 sessions for read:user,repo,user:email,workflow...
2024-10-14 20:10:13.857 [info] Getting sessions for all scopes...
2024-10-14 20:10:13.857 [info] Got 1 sessions for ...
2024-10-14 20:10:13.857 [info] Getting sessions for all scopes...
2024-10-14 20:10:13.858 [info] Got 1 sessions for ...
2024-10-14 20:10:13.860 [info] Getting sessions for read:user,repo,user:email,workflow...
2024-10-14 20:10:13.860 [info] Got 1 sessions for read:user,repo,user:email,workflow...
2024-10-14 20:10:13.865 [info] Getting sessions for all scopes...
2024-10-14 20:10:13.865 [info] Got 1 sessions for ...
2024-10-14 20:10:13.868 [info] Getting sessions for read:user,repo,user:email,workflow...
2024-10-14 20:10:13.869 [info] Got 1 sessions for read:user,repo,user:email,workflow...
2024-10-14 20:10:13.882 [info] Getting sessions for all scopes...
2024-10-14 20:10:13.882 [info] Got 1 sessions for ...
2024-10-14 20:10:13.885 [info] Getting sessions for read:user,repo,user:email,workflow...
2024-10-14 20:10:13.885 [info] Got 1 sessions for read:user,repo,user:email,workflow...
2024-10-14 20:15:14.168 [info] Getting sessions for all scopes...
2024-10-14 20:15:14.168 [info] Got 1 sessions for ...
2024-10-14 20:15:14.172 [info] Getting sessions for read:user,repo,user:email,workflow...
2024-10-14 20:15:14.172 [info] Got 1 sessions for read:user,repo,user:email,workflow...
2024-10-14 20:15:14.176 [info] Getting sessions for all scopes...
2024-10-14 20:15:14.176 [info] Got 1 sessions for ...
2024-10-14 20:15:14.180 [info] Getting sessions for read:user,repo,user:email,workflow...
2024-10-14 20:15:14.180 [info] Got 1 sessions for read:user,repo,user:email,workflow...
2024-10-14 20:15:30.843 [info] Getting sessions for all scopes...
2024-10-14 20:15:30.843 [info] Got 1 sessions for ...
2024-10-14 20:15:30.846 [info] Getting sessions for read:user,repo,user:email,workflow...
2024-10-14 20:15:30.846 [info] Got 1 sessions for read:user,repo,user:email,workflow...
2024-10-14 20:20:12.354 [info] Getting sessions for all scopes...
2024-10-14 20:20:12.355 [info] Got 1 sessions for ...
2024-10-14 20:20:12.359 [info] Getting sessions for read:user,repo,user:email,workflow...
2024-10-14 20:20:12.359 [info] Got 1 sessions for read:user,repo,user:email,workflow...
2024-10-14 20:25:11.727 [info] Getting sessions for all scopes...
2024-10-14 20:25:11.727 [info] Got 1 sessions for ...
2024-10-14 20:25:11.731 [info] Getting sessions for read:user,repo,user:email,workflow...
2024-10-14 20:25:11.731 [info] Got 1 sessions for read:user,repo,user:email,workflow...
2024-10-14 20:25:13.938 [info] Getting sessions for all scopes...
2024-10-14 20:25:13.938 [info] Got 1 sessions for ...
2024-10-14 20:25:13.944 [info] Getting sessions for read:user,repo,user:email,workflow...
2024-10-14 20:25:13.944 [info] Got 1 sessions for read:user,repo,user:email,workflow...
2024-10-14 20:30:14.899 [info] Getting sessions for all scopes...
2024-10-14 20:30:14.900 [info] Got 1 sessions for ...
2024-10-14 20:30:14.903 [info] Getting sessions for read:user,repo,user:email,workflow...
2024-10-14 20:30:14.903 [info] Got 1 sessions for read:user,repo,user:email,workflow...
2024-10-14 20:30:14.908 [info] Getting sessions for all scopes...
2024-10-14 20:30:14.908 [info] Got 1 sessions for ...
2024-10-14 20:30:14.920 [info] Getting sessions for read:user,repo,user:email,workflow...
2024-10-14 20:30:14.920 [info] Got 1 sessions for read:user,repo,user:email,workflow...
2024-10-14 20:30:30.853 [info] Getting sessions for all scopes...
2024-10-14 20:30:30.853 [info] Got 1 sessions for ...
2024-10-14 20:30:30.856 [info] Getting sessions for read:user,repo,user:email,workflow...
2024-10-14 20:30:30.856 [info] Got 1 sessions for read:user,repo,user:email,workflow...
2024-10-14 20:35:12.367 [info] Getting sessions for all scopes...
2024-10-14 20:35:12.367 [info] Got 1 sessions for ...
2024-10-14 20:35:12.371 [info] Getting sessions for read:user,repo,user:email,workflow...
2024-10-14 20:35:12.371 [info] Got 1 sessions for read:user,repo,user:email,workflow...
2024-10-14 20:35:13.856 [info] Getting sessions for all scopes...
2024-10-14 20:35:13.856 [info] Got 1 sessions for ...
2024-10-14 20:35:13.860 [info] Getting sessions for read:user,repo,user:email,workflow...
2024-10-14 20:35:13.860 [info] Got 1 sessions for read:user,repo,user:email,workflow...
2024-10-14 20:35:14.803 [info] Getting sessions for all scopes...
2024-10-14 20:35:14.803 [info] Got 1 sessions for ...
2024-10-14 20:35:14.804 [info] Getting sessions for all scopes...
2024-10-14 20:35:14.804 [info] Got 1 sessions for ...
2024-10-14 20:35:14.806 [info] Getting sessions for read:user,repo,user:email,workflow...
2024-10-14 20:35:14.807 [info] Got 1 sessions for read:user,repo,user:email,workflow...
2024-10-14 20:35:14.811 [info] Getting sessions for all scopes...
2024-10-14 20:35:14.811 [info] Got 1 sessions for ...
2024-10-14 20:35:14.815 [info] Getting sessions for read:user,repo,user:email,workflow...
2024-10-14 20:35:14.815 [info] Got 1 sessions for read:user,repo,user:email,workflow...
2024-10-14 20:35:14.826 [info] Getting sessions for all scopes...
2024-10-14 20:35:14.827 [info] Got 1 sessions for ...
2024-10-14 20:35:14.830 [info] Getting sessions for read:user,repo,user:email,workflow...
2024-10-14 20:35:14.830 [info] Got 1 sessions for read:user,repo,user:email,workflow...
