2024-10-14 14:15:26.018 [info] [main] Log level: Info
2024-10-14 14:15:26.018 [info] [main] Validating found git in: "git"
2024-10-14 14:15:26.018 [info] [main] Using git "2.43.0" from "git"
2024-10-14 14:15:26.018 [info] [Model][doInitialScan] Initial repository scan started
2024-10-14 14:15:26.018 [info] [Model][doInitialScan] Initial repository scan completed - repositories (0), closed repositories (0), parent repositories (0), unsafe repositories (0)
2024-10-14 14:21:35.502 [info] [main] Log level: Info
2024-10-14 14:21:35.502 [info] [main] Validating found git in: "git"
2024-10-14 14:21:35.502 [info] [main] Using git "2.43.0" from "git"
2024-10-14 14:21:35.502 [info] [Model][doInitialScan] Initial repository scan started
2024-10-14 14:21:35.502 [info] > git rev-parse --show-toplevel [49ms]
2024-10-14 14:21:35.502 [info] fatal: not a git repository (or any of the parent directories): .git
2024-10-14 14:21:35.546 [info] > git rev-parse --show-toplevel [27ms]
2024-10-14 14:21:35.546 [info] fatal: not a git repository (or any of the parent directories): .git
2024-10-14 14:21:35.570 [info] > git rev-parse --show-toplevel [4ms]
2024-10-14 14:21:35.570 [info] fatal: not a git repository (or any of the parent directories): .git
2024-10-14 14:21:35.575 [info] [Model][doInitialScan] Initial repository scan completed - repositories (0), closed repositories (0), parent repositories (0), unsafe repositories (0)
2024-10-14 14:22:26.149 [info] > git rev-parse --show-toplevel [3ms]
2024-10-14 14:22:26.149 [info] fatal: not a git repository (or any of the parent directories): .git
2024-10-14 14:26:11.753 [info] > git rev-parse --show-toplevel [6ms]
2024-10-14 14:26:11.753 [info] fatal: not a git repository (or any of the parent directories): .git
2024-10-14 14:34:23.609 [info] > git rev-parse --show-toplevel [4ms]
2024-10-14 14:34:23.609 [info] fatal: not a git repository (or any of the parent directories): .git
2024-10-14 14:38:41.860 [info] > git rev-parse --show-toplevel [7ms]
2024-10-14 14:38:41.860 [info] fatal: not a git repository (or any of the parent directories): .git
2024-10-14 14:41:53.492 [info] > git rev-parse --show-toplevel [6ms]
2024-10-14 14:41:53.492 [info] fatal: not a git repository (or any of the parent directories): .git
2024-10-14 15:00:13.724 [info] > git rev-parse --show-toplevel [5ms]
2024-10-14 15:00:13.724 [info] fatal: not a git repository (or any of the parent directories): .git
2024-10-14 15:00:17.365 [info] > git rev-parse --show-toplevel [9ms]
2024-10-14 15:00:17.366 [info] fatal: not a git repository (or any of the parent directories): .git
2024-10-14 15:01:53.658 [info] > git rev-parse --show-toplevel [3ms]
2024-10-14 15:01:53.658 [info] fatal: not a git repository (or any of the parent directories): .git
2024-10-14 15:02:10.561 [info] > git rev-parse --show-toplevel [4ms]
2024-10-14 15:02:10.561 [info] fatal: not a git repository (or any of the parent directories): .git
2024-10-14 15:02:17.460 [info] > git rev-parse --show-toplevel [3ms]
2024-10-14 15:02:17.460 [info] fatal: not a git repository (or any of the parent directories): .git
2024-10-14 15:02:34.881 [info] > git rev-parse --show-toplevel [3ms]
2024-10-14 15:02:34.882 [info] fatal: not a git repository (or any of the parent directories): .git
2024-10-14 15:09:45.347 [info] > git rev-parse --show-toplevel [4ms]
2024-10-14 15:09:45.347 [info] fatal: not a git repository (or any of the parent directories): .git
2024-10-14 15:10:03.356 [info] > git rev-parse --show-toplevel [6ms]
2024-10-14 15:10:03.356 [info] fatal: not a git repository (or any of the parent directories): .git
2024-10-14 15:11:16.521 [info] > git rev-parse --show-toplevel [4ms]
2024-10-14 15:11:16.521 [info] fatal: not a git repository (or any of the parent directories): .git
2024-10-14 15:11:22.558 [info] > git rev-parse --show-toplevel [5ms]
2024-10-14 15:11:22.558 [info] fatal: not a git repository (or any of the parent directories): .git
2024-10-14 15:14:16.521 [info] > git rev-parse --show-toplevel [12ms]
2024-10-14 15:14:16.521 [info] fatal: not a git repository (or any of the parent directories): .git
2024-10-14 15:19:05.488 [info] > git rev-parse --show-toplevel [4ms]
2024-10-14 15:19:05.488 [info] fatal: not a git repository (or any of the parent directories): .git
2024-10-14 15:19:19.585 [info] > git rev-parse --show-toplevel [7ms]
2024-10-14 15:19:19.586 [info] fatal: not a git repository (or any of the parent directories): .git
2024-10-14 15:21:12.421 [info] > git rev-parse --show-toplevel [2ms]
2024-10-14 15:21:12.421 [info] fatal: not a git repository (or any of the parent directories): .git
2024-10-14 15:21:59.907 [info] > git rev-parse --show-toplevel [3ms]
2024-10-14 15:21:59.907 [info] fatal: not a git repository (or any of the parent directories): .git
2024-10-14 15:22:03.644 [info] > git rev-parse --show-toplevel [10ms]
2024-10-14 15:22:03.644 [info] fatal: not a git repository (or any of the parent directories): .git
2024-10-14 15:22:31.836 [info] > git rev-parse --show-toplevel [3ms]
2024-10-14 15:22:31.836 [info] fatal: not a git repository (or any of the parent directories): .git
2024-10-14 15:22:34.370 [info] > git rev-parse --show-toplevel [13ms]
2024-10-14 15:22:34.370 [info] fatal: not a git repository (or any of the parent directories): .git
2024-10-14 15:33:09.645 [info] > git rev-parse --show-toplevel [3ms]
2024-10-14 15:33:09.645 [info] fatal: not a git repository (or any of the parent directories): .git
2024-10-14 15:35:55.784 [info] > git rev-parse --show-toplevel [4ms]
2024-10-14 15:35:55.784 [info] fatal: not a git repository (or any of the parent directories): .git
2024-10-14 15:35:58.909 [info] > git rev-parse --show-toplevel [11ms]
2024-10-14 15:35:58.909 [info] fatal: not a git repository (or any of the parent directories): .git
2024-10-14 15:36:04.373 [info] > git rev-parse --show-toplevel [14ms]
2024-10-14 15:36:04.373 [info] fatal: not a git repository (or any of the parent directories): .git
2024-10-14 15:36:07.388 [info] > git rev-parse --show-toplevel [15ms]
2024-10-14 15:36:07.388 [info] fatal: not a git repository (or any of the parent directories): .git
2024-10-14 15:37:22.705 [info] > git rev-parse --show-toplevel [4ms]
2024-10-14 15:37:22.706 [info] fatal: not a git repository (or any of the parent directories): .git
2024-10-14 15:37:25.686 [info] > git rev-parse --show-toplevel [7ms]
2024-10-14 15:37:25.686 [info] fatal: not a git repository (or any of the parent directories): .git
2024-10-14 15:37:52.888 [info] > git rev-parse --show-toplevel [7ms]
2024-10-14 15:37:52.888 [info] fatal: not a git repository (or any of the parent directories): .git
2024-10-14 15:38:10.261 [info] > git rev-parse --show-toplevel [3ms]
2024-10-14 15:38:10.261 [info] fatal: not a git repository (or any of the parent directories): .git
2024-10-14 15:38:13.441 [info] > git rev-parse --show-toplevel [8ms]
2024-10-14 15:38:13.441 [info] fatal: not a git repository (or any of the parent directories): .git
2024-10-14 15:38:17.318 [info] > git rev-parse --show-toplevel [3ms]
2024-10-14 15:38:17.318 [info] fatal: not a git repository (or any of the parent directories): .git
2024-10-14 15:38:19.560 [info] > git rev-parse --show-toplevel [14ms]
2024-10-14 15:38:19.561 [info] fatal: not a git repository (or any of the parent directories): .git
2024-10-14 15:38:26.579 [info] > git rev-parse --show-toplevel [3ms]
2024-10-14 15:38:26.579 [info] fatal: not a git repository (or any of the parent directories): .git
2024-10-14 15:38:34.043 [info] > git rev-parse --show-toplevel [13ms]
2024-10-14 15:38:34.043 [info] fatal: not a git repository (or any of the parent directories): .git
2024-10-14 16:51:44.603 [info] > git rev-parse --show-toplevel [2ms]
2024-10-14 16:51:44.603 [info] fatal: not a git repository (or any of the parent directories): .git
2024-10-14 16:55:46.294 [info] > git rev-parse --show-toplevel [3ms]
2024-10-14 16:55:46.294 [info] fatal: not a git repository (or any of the parent directories): .git
2024-10-14 16:56:29.300 [info] > git rev-parse --show-toplevel [4ms]
2024-10-14 16:56:29.300 [info] fatal: not a git repository (or any of the parent directories): .git
2024-10-14 17:01:29.471 [info] > git rev-parse --show-toplevel [3ms]
2024-10-14 17:01:29.471 [info] fatal: not a git repository (or any of the parent directories): .git
2024-10-14 17:01:31.380 [info] > git rev-parse --show-toplevel [7ms]
2024-10-14 17:01:31.380 [info] fatal: not a git repository (or any of the parent directories): .git
2024-10-14 17:01:32.512 [info] > git rev-parse --show-toplevel [2ms]
2024-10-14 17:01:32.512 [info] fatal: not a git repository (or any of the parent directories): .git
2024-10-14 17:01:48.669 [info] > git rev-parse --show-toplevel [2ms]
2024-10-14 17:01:48.669 [info] fatal: not a git repository (or any of the parent directories): .git
2024-10-14 17:02:11.832 [info] > git rev-parse --show-toplevel [8ms]
2024-10-14 17:02:11.833 [info] fatal: not a git repository (or any of the parent directories): .git
2024-10-14 17:03:17.382 [info] > git rev-parse --show-toplevel [2ms]
2024-10-14 17:03:17.382 [info] fatal: not a git repository (or any of the parent directories): .git
2024-10-14 17:03:47.102 [info] > git rev-parse --show-toplevel [2ms]
2024-10-14 17:03:47.102 [info] fatal: not a git repository (or any of the parent directories): .git
