2024-10-15 09:27:03.055 [info] [main] Log level: Info
2024-10-15 09:27:03.055 [info] [main] Validating found git in: "git"
2024-10-15 09:27:03.055 [info] [main] Using git "2.43.0" from "git"
2024-10-15 09:27:03.055 [info] [Model][doInitialScan] Initial repository scan started
2024-10-15 09:27:03.055 [info] > git rev-parse --show-toplevel [2856ms]
2024-10-15 09:27:03.055 [info] fatal: not a git repository (or any of the parent directories): .git
2024-10-15 09:27:03.055 [info] > git rev-parse --show-toplevel [454ms]
2024-10-15 09:27:03.055 [info] fatal: not a git repository (or any of the parent directories): .git
2024-10-15 09:27:03.055 [info] > git rev-parse --show-toplevel [65ms]
2024-10-15 09:27:03.055 [info] fatal: not a git repository (or any of the parent directories): .git
2024-10-15 09:27:03.124 [info] > git rev-parse --show-toplevel [43ms]
2024-10-15 09:27:03.124 [info] fatal: not a git repository (or any of the parent directories): .git
2024-10-15 09:27:03.214 [info] > git rev-parse --show-toplevel [43ms]
2024-10-15 09:27:03.214 [info] fatal: not a git repository (or any of the parent directories): .git
2024-10-15 09:27:03.519 [info] > git rev-parse --show-toplevel [273ms]
2024-10-15 09:27:03.519 [info] fatal: not a git repository (or any of the parent directories): .git
2024-10-15 09:27:06.036 [info] > git rev-parse --show-toplevel [52ms]
2024-10-15 09:27:06.036 [info] fatal: not a git repository (or any of the parent directories): .git
2024-10-15 09:27:06.209 [info] > git rev-parse --show-toplevel [96ms]
2024-10-15 09:27:06.210 [info] fatal: not a git repository (or any of the parent directories): .git
2024-10-15 09:27:06.213 [info] [Model][doInitialScan] Initial repository scan completed - repositories (0), closed repositories (0), parent repositories (0), unsafe repositories (0)
2024-10-15 09:28:04.051 [info] > git rev-parse --show-toplevel [4ms]
2024-10-15 09:28:04.051 [info] fatal: not a git repository (or any of the parent directories): .git
2024-10-15 09:31:07.595 [info] > git rev-parse --show-toplevel [3ms]
2024-10-15 09:31:07.595 [info] fatal: not a git repository (or any of the parent directories): .git
