2024-10-14 14:21:31.456 [info] Configuration changed
2024-10-14 14:21:33.832 [info] Configuration changed
2024-10-14 14:21:34.159 [info] Configuration changed
2024-10-14 14:22:26.088 [info] Active editor: file:///home/youcef/my-first-app/src/main.jsx
2024-10-14 14:24:35.717 [info] /home/youcef/my-first-app/package.json closed
2024-10-14 14:26:11.690 [info] /home/youcef/my-first-app/src/main.jsx closed
2024-10-14 14:26:11.725 [info] Active editor: file:///home/youcef/my-first-app/README.md
2024-10-14 14:34:23.568 [info] Configuration changed
2024-10-14 14:38:41.857 [info] Active editor: output:tasks
2024-10-14 14:38:43.622 [info] Active editor: file:///home/youcef/my-first-app/README.md
2024-10-14 14:41:53.447 [info] Configuration changed
2024-10-14 15:00:13.623 [info] /home/youcef/my-first-app/README.md closed
2024-10-14 15:00:13.694 [info] Active editor: file:///home/youcef/my-first-app/src/App.css
2024-10-14 15:00:17.288 [info] /home/youcef/my-first-app/src/App.css closed
2024-10-14 15:00:17.325 [info] Active editor: file:///home/youcef/my-first-app/src/App.jsx
2024-10-14 15:01:53.627 [info] Active editor: file:///home/youcef/my-first-app/src/App.css
2024-10-14 15:02:10.534 [info] Active editor: file:///home/youcef/my-first-app/src/App.jsx
2024-10-14 15:02:11.094 [info] /home/youcef/.cache/typescript/5.6/node_modules/@types/react/index.d.ts closed
2024-10-14 15:02:14.933 [info] Active editor: output:tasks
2024-10-14 15:02:17.436 [info] Active editor: file:///home/youcef/my-first-app/src/App.jsx
2024-10-14 15:02:17.465 [info] tasks closed
2024-10-14 15:02:34.833 [info] Active editor: file:///home/youcef/my-first-app/src/index.css
2024-10-14 15:09:45.321 [info] Active editor: file:///home/youcef/my-first-app/src/Greeting.jsx
2024-10-14 15:10:03.266 [info] /home/youcef/.config/Code/User/settings.json closed
2024-10-14 15:10:03.328 [info] Configuration changed
2024-10-14 15:11:16.493 [info] Active editor: file:///home/youcef/my-first-app/src/App.jsx
2024-10-14 15:11:22.528 [info] Active editor: file:///home/youcef/my-first-app/src/Greeting.jsx
2024-10-14 15:14:16.484 [info] Active editor: file:///home/youcef/my-first-app/src/main.jsx
2024-10-14 15:19:05.464 [info] Active editor: file:///home/youcef/my-first-app/src/Greeting.jsx
2024-10-14 15:19:19.524 [info] Active editor: file:///home/youcef/my-first-app/src/main.jsx
2024-10-14 15:21:12.399 [info] Active editor: file:///home/youcef/my-first-app/src/Greeting.jsx
2024-10-14 15:21:59.882 [info] Active editor: file:///home/youcef/my-first-app/src/App.jsx
2024-10-14 15:22:03.593 [info] Active editor: file:///home/youcef/my-first-app/src/Greeting.jsx
2024-10-14 15:22:31.812 [info] Active editor: file:///home/youcef/my-first-app/src/App.jsx
2024-10-14 15:22:34.314 [info] Active editor: file:///home/youcef/my-first-app/src/Greeting.jsx
2024-10-14 15:33:09.609 [info] Active editor: file:///home/youcef/my-first-app/src/Todos.jsx
2024-10-14 15:35:55.743 [info] Active editor: file:///home/youcef/my-first-app/src/Greeting.jsx
2024-10-14 15:35:58.853 [info] Active editor: file:///home/youcef/my-first-app/src/Todos.jsx
2024-10-14 15:36:04.317 [info] Active editor: file:///home/youcef/my-first-app/src/App.jsx
2024-10-14 15:36:07.330 [info] Active editor: file:///home/youcef/my-first-app/src/main.jsx
2024-10-14 15:37:22.672 [info] Active editor: file:///home/youcef/my-first-app/src/Todos.jsx
2024-10-14 15:37:25.657 [info] Active editor: file:///home/youcef/my-first-app/src/main.jsx
2024-10-14 15:37:52.839 [info] /home/youcef/.config/Code/User/settings.json closed
2024-10-14 15:37:52.853 [info] Configuration changed
2024-10-14 15:38:10.236 [info] Active editor: file:///home/youcef/my-first-app/src/Greeting.jsx
2024-10-14 15:38:13.373 [info] Active editor: file:///home/youcef/my-first-app/src/Todos.jsx
2024-10-14 15:38:17.294 [info] Active editor: file:///home/youcef/my-first-app/src/App.jsx
2024-10-14 15:38:19.494 [info] Active editor: file:///home/youcef/my-first-app/src/Todos.jsx
2024-10-14 15:38:26.554 [info] Active editor: file:///home/youcef/my-first-app/src/Greeting.jsx
2024-10-14 15:38:33.984 [info] Active editor: file:///home/youcef/my-first-app/src/Todos.jsx
2024-10-14 16:51:44.585 [info] Active editor: file:///home/youcef/my-first-app/src/Animals.jsx
2024-10-14 16:55:46.278 [info] Active editor: file:///home/youcef/my-first-app/src/main.jsx
2024-10-14 16:56:29.280 [info] Active editor: file:///home/youcef/my-first-app/src/Animals.jsx
2024-10-14 17:01:29.452 [info] Active editor: file:///home/youcef/my-first-app/vite.config.js
2024-10-14 17:01:31.342 [info] /home/youcef/my-first-app/vite.config.js closed
2024-10-14 17:01:31.360 [info] Active editor: file:///home/youcef/my-first-app/package.json
2024-10-14 17:01:32.483 [info] /home/youcef/my-first-app/package.json closed
2024-10-14 17:01:32.497 [info] Active editor: file:///home/youcef/my-first-app/index.html
2024-10-14 17:01:48.638 [info] /home/youcef/my-first-app/index.html closed
2024-10-14 17:01:48.654 [info] Active editor: file:///home/youcef/my-first-app/package.json
2024-10-14 17:02:11.763 [info] /home/youcef/my-first-app/package.json closed
2024-10-14 17:02:11.805 [info] Active editor: file:///home/youcef/my-first-app/package-lock.json
2024-10-14 17:03:17.336 [info] /home/youcef/my-first-app/package-lock.json closed
2024-10-14 17:03:17.364 [info] Active editor: file:///home/youcef/my-first-app/eslint.config.js
2024-10-14 17:03:47.087 [info] Active editor: file:///home/youcef/my-first-app/src/Animals.jsx
2024-10-14 17:18:28.170 [info] /home/youcef/my-first-app/node_modules/@types/react/index.d.ts closed
