2024-10-15 19:14:39.636 [info] Reading sessions from keychain...
2024-10-15 19:14:39.636 [info] Getting sessions for all scopes...
2024-10-15 19:14:39.636 [info] Getting sessions for all scopes...
2024-10-15 19:14:39.636 [info] Got stored sessions!
2024-10-15 19:14:39.636 [info] Got 1 verified sessions.
2024-10-15 19:14:39.636 [info] Got 1 sessions for ...
2024-10-15 19:14:39.636 [info] Got 1 sessions for ...
2024-10-15 19:14:39.636 [info] Getting sessions for read:user,repo,user:email,workflow...
2024-10-15 19:14:39.636 [info] Got 1 sessions for read:user,repo,user:email,workflow...
2024-10-15 19:14:39.636 [info] Getting sessions for all scopes...
2024-10-15 19:14:39.636 [info] Got 1 sessions for ...
2024-10-15 19:14:39.636 [info] Getting sessions for all scopes...
2024-10-15 19:14:39.636 [info] Got 1 sessions for ...
2024-10-15 19:14:39.636 [info] Getting sessions for project,read:org,read:user,repo,user:email,workflow...
2024-10-15 19:14:39.636 [info] Got 0 sessions for project,read:org,read:user,repo,user:email,workflow...
2024-10-15 19:14:39.636 [info] Getting sessions for read:user,repo,user:email,workflow...
2024-10-15 19:14:39.636 [info] Got 1 sessions for read:user,repo,user:email,workflow...
2024-10-15 19:14:39.772 [info] Getting sessions for read:user,repo,user:email,workflow...
2024-10-15 19:14:39.773 [info] Got 1 sessions for read:user,repo,user:email,workflow...
2024-10-15 19:14:39.776 [info] Getting sessions for all scopes...
2024-10-15 19:14:39.776 [info] Got 1 sessions for ...
2024-10-15 19:14:39.777 [info] Getting sessions for all scopes...
2024-10-15 19:14:39.777 [info] Got 1 sessions for ...
2024-10-15 19:14:39.791 [info] Getting sessions for read:user,repo,user:email,workflow...
2024-10-15 19:14:39.791 [info] Got 1 sessions for read:user,repo,user:email,workflow...
2024-10-15 19:14:40.617 [info] Getting sessions for all scopes...
2024-10-15 19:14:40.617 [info] Got 1 sessions for ...
2024-10-15 19:14:40.617 [info] Getting sessions for all scopes...
2024-10-15 19:14:40.617 [info] Got 1 sessions for ...
2024-10-15 19:14:40.654 [info] Getting sessions for read:user,repo,user:email,workflow...
2024-10-15 19:14:40.654 [info] Got 1 sessions for read:user,repo,user:email,workflow...
2024-10-15 19:14:40.675 [info] Getting sessions for all scopes...
2024-10-15 19:14:40.675 [info] Got 1 sessions for ...
2024-10-15 19:14:40.676 [info] Getting sessions for read:user,repo,user:email,workflow...
2024-10-15 19:14:40.676 [info] Got 1 sessions for read:user,repo,user:email,workflow...
2024-10-15 19:14:40.751 [info] Getting sessions for all scopes...
2024-10-15 19:14:40.751 [info] Got 1 sessions for ...
2024-10-15 19:14:40.757 [info] Getting sessions for read:user,repo,user:email,workflow...
2024-10-15 19:14:40.757 [info] Got 1 sessions for read:user,repo,user:email,workflow...
2024-10-15 19:29:41.364 [info] Getting sessions for all scopes...
2024-10-15 19:29:41.364 [info] Got 1 sessions for ...
2024-10-15 19:29:41.369 [info] Getting sessions for read:user,repo,user:email,workflow...
2024-10-15 19:29:41.369 [info] Got 1 sessions for read:user,repo,user:email,workflow...
2024-10-15 19:29:41.378 [info] Getting sessions for all scopes...
2024-10-15 19:29:41.378 [info] Got 1 sessions for ...
2024-10-15 19:29:41.383 [info] Getting sessions for read:user,repo,user:email,workflow...
2024-10-15 19:29:41.383 [info] Got 1 sessions for read:user,repo,user:email,workflow...
2024-10-15 19:34:38.957 [info] Getting sessions for all scopes...
2024-10-15 19:34:38.957 [info] Got 1 sessions for ...
2024-10-15 19:39:53.439 [info] Getting sessions for read:user,repo,user:email,workflow...
2024-10-15 19:39:53.439 [info] Got 1 sessions for read:user,repo,user:email,workflow...
2024-10-15 19:39:53.859 [info] Getting sessions for all scopes...
2024-10-15 19:39:53.859 [info] Got 1 sessions for ...
2024-10-15 19:39:53.863 [info] Getting sessions for read:user,repo,user:email,workflow...
2024-10-15 19:39:53.863 [info] Got 1 sessions for read:user,repo,user:email,workflow...
2024-10-15 19:39:55.033 [info] Getting sessions for all scopes...
2024-10-15 19:39:55.033 [info] Got 1 sessions for ...
2024-10-15 19:39:55.033 [info] Getting sessions for all scopes...
2024-10-15 19:39:55.033 [info] Got 1 sessions for ...
2024-10-15 19:39:55.037 [info] Getting sessions for read:user,repo,user:email,workflow...
2024-10-15 19:39:55.037 [info] Got 1 sessions for read:user,repo,user:email,workflow...
2024-10-15 19:39:55.041 [info] Getting sessions for all scopes...
2024-10-15 19:39:55.041 [info] Got 1 sessions for ...
2024-10-15 19:39:55.045 [info] Getting sessions for read:user,repo,user:email,workflow...
2024-10-15 19:39:55.045 [info] Got 1 sessions for read:user,repo,user:email,workflow...
2024-10-15 19:39:55.062 [info] Getting sessions for all scopes...
2024-10-15 19:39:55.062 [info] Got 1 sessions for ...
2024-10-15 19:39:55.064 [info] Getting sessions for read:user,repo,user:email,workflow...
2024-10-15 19:39:55.064 [info] Got 1 sessions for read:user,repo,user:email,workflow...
2024-10-15 19:39:55.068 [info] Getting sessions for all scopes...
2024-10-15 19:39:55.068 [info] Got 1 sessions for ...
2024-10-15 19:39:55.069 [info] Getting sessions for read:user,repo,user:email,workflow...
2024-10-15 19:39:55.069 [info] Got 1 sessions for read:user,repo,user:email,workflow...
2024-10-15 19:40:25.537 [info] Getting sessions for all scopes...
2024-10-15 19:40:25.537 [info] Got 1 sessions for ...
2024-10-15 19:40:25.538 [info] Getting sessions for read:user,repo,user:email,workflow...
2024-10-15 19:40:25.538 [info] Got 1 sessions for read:user,repo,user:email,workflow...
2024-10-15 19:44:55.257 [info] Getting sessions for all scopes...
2024-10-15 19:44:55.257 [info] Got 1 sessions for ...
2024-10-15 19:44:55.262 [info] Getting sessions for read:user,repo,user:email,workflow...
2024-10-15 19:44:55.262 [info] Got 1 sessions for read:user,repo,user:email,workflow...
2024-10-15 19:44:55.267 [info] Getting sessions for all scopes...
2024-10-15 19:44:55.267 [info] Got 1 sessions for ...
2024-10-15 19:44:55.272 [info] Getting sessions for read:user,repo,user:email,workflow...
2024-10-15 19:44:55.272 [info] Got 1 sessions for read:user,repo,user:email,workflow...
2024-10-15 19:55:27.283 [info] Getting sessions for all scopes...
2024-10-15 19:55:27.284 [info] Got 1 sessions for ...
2024-10-15 19:55:27.288 [info] Getting sessions for read:user,repo,user:email,workflow...
2024-10-15 19:55:27.288 [info] Got 1 sessions for read:user,repo,user:email,workflow...
2024-10-15 19:55:27.294 [info] Getting sessions for all scopes...
2024-10-15 19:55:27.294 [info] Got 1 sessions for ...
2024-10-15 19:55:27.301 [info] Getting sessions for read:user,repo,user:email,workflow...
2024-10-15 19:55:27.301 [info] Got 1 sessions for read:user,repo,user:email,workflow...
2024-10-15 19:59:56.023 [info] Getting sessions for all scopes...
2024-10-15 19:59:56.023 [info] Got 1 sessions for ...
2024-10-15 19:59:56.028 [info] Getting sessions for read:user,repo,user:email,workflow...
2024-10-15 19:59:56.028 [info] Got 1 sessions for read:user,repo,user:email,workflow...
2024-10-15 20:04:53.904 [info] Getting sessions for read:user,repo,user:email,workflow...
2024-10-15 20:04:53.904 [info] Got 1 sessions for read:user,repo,user:email,workflow...
2024-10-15 20:04:55.032 [info] Getting sessions for all scopes...
2024-10-15 20:04:55.032 [info] Got 1 sessions for ...
2024-10-15 20:04:55.036 [info] Getting sessions for read:user,repo,user:email,workflow...
2024-10-15 20:04:55.036 [info] Got 1 sessions for read:user,repo,user:email,workflow...
2024-10-15 20:04:56.111 [info] Getting sessions for all scopes...
2024-10-15 20:04:56.111 [info] Got 1 sessions for ...
2024-10-15 20:04:56.112 [info] Getting sessions for all scopes...
2024-10-15 20:04:56.112 [info] Got 1 sessions for ...
2024-10-15 20:04:56.115 [info] Getting sessions for read:user,repo,user:email,workflow...
2024-10-15 20:04:56.115 [info] Got 1 sessions for read:user,repo,user:email,workflow...
2024-10-15 20:04:56.120 [info] Getting sessions for all scopes...
2024-10-15 20:04:56.121 [info] Got 1 sessions for ...
2024-10-15 20:04:56.125 [info] Getting sessions for read:user,repo,user:email,workflow...
2024-10-15 20:04:56.125 [info] Got 1 sessions for read:user,repo,user:email,workflow...
2024-10-15 20:04:56.140 [info] Getting sessions for all scopes...
2024-10-15 20:04:56.140 [info] Got 1 sessions for ...
2024-10-15 20:04:56.144 [info] Getting sessions for read:user,repo,user:email,workflow...
2024-10-15 20:04:56.144 [info] Got 1 sessions for read:user,repo,user:email,workflow...
2024-10-15 20:08:43.991 [info] Getting sessions for all scopes...
2024-10-15 20:08:43.991 [info] Got 1 sessions for ...
2024-10-15 20:10:27.858 [info] Getting sessions for all scopes...
2024-10-15 20:10:27.858 [info] Got 1 sessions for ...
2024-10-15 20:10:27.864 [info] Getting sessions for read:user,repo,user:email,workflow...
2024-10-15 20:10:27.864 [info] Got 1 sessions for read:user,repo,user:email,workflow...
2024-10-15 20:10:27.872 [info] Getting sessions for all scopes...
2024-10-15 20:10:27.872 [info] Got 1 sessions for ...
2024-10-15 20:10:27.876 [info] Getting sessions for read:user,repo,user:email,workflow...
2024-10-15 20:10:27.876 [info] Got 1 sessions for read:user,repo,user:email,workflow...
2024-10-15 20:14:56.036 [info] Getting sessions for all scopes...
2024-10-15 20:14:56.036 [info] Got 1 sessions for ...
2024-10-15 20:14:56.040 [info] Getting sessions for read:user,repo,user:email,workflow...
2024-10-15 20:14:56.041 [info] Got 1 sessions for read:user,repo,user:email,workflow...
2024-10-15 20:19:56.167 [info] Getting sessions for all scopes...
2024-10-15 20:19:56.167 [info] Got 1 sessions for ...
2024-10-15 20:19:56.168 [info] Getting sessions for read:user,repo,user:email,workflow...
2024-10-15 20:19:56.169 [info] Got 1 sessions for read:user,repo,user:email,workflow...
2024-10-15 20:25:28.425 [info] Getting sessions for all scopes...
2024-10-15 20:25:28.425 [info] Got 1 sessions for ...
2024-10-15 20:25:28.429 [info] Getting sessions for read:user,repo,user:email,workflow...
2024-10-15 20:25:28.429 [info] Got 1 sessions for read:user,repo,user:email,workflow...
2024-10-15 20:25:28.460 [info] Getting sessions for all scopes...
2024-10-15 20:25:28.460 [info] Got 1 sessions for ...
2024-10-15 20:25:28.461 [info] Getting sessions for read:user,repo,user:email,workflow...
2024-10-15 20:25:28.461 [info] Got 1 sessions for read:user,repo,user:email,workflow...
2024-10-15 20:29:54.391 [info] Getting sessions for read:user,repo,user:email,workflow...
2024-10-15 20:29:54.392 [info] Got 1 sessions for read:user,repo,user:email,workflow...
2024-10-15 20:29:56.045 [info] Getting sessions for all scopes...
2024-10-15 20:29:56.045 [info] Got 1 sessions for ...
2024-10-15 20:29:56.046 [info] Getting sessions for read:user,repo,user:email,workflow...
2024-10-15 20:29:56.046 [info] Got 1 sessions for read:user,repo,user:email,workflow...
2024-10-15 20:29:56.108 [info] Getting sessions for all scopes...
2024-10-15 20:29:56.108 [info] Got 1 sessions for ...
2024-10-15 20:29:56.112 [info] Getting sessions for read:user,repo,user:email,workflow...
2024-10-15 20:29:56.112 [info] Got 1 sessions for read:user,repo,user:email,workflow...
2024-10-15 20:29:57.238 [info] Getting sessions for all scopes...
2024-10-15 20:29:57.238 [info] Got 1 sessions for ...
2024-10-15 20:29:57.238 [info] Getting sessions for all scopes...
2024-10-15 20:29:57.238 [info] Got 1 sessions for ...
2024-10-15 20:29:57.242 [info] Getting sessions for read:user,repo,user:email,workflow...
2024-10-15 20:29:57.242 [info] Got 1 sessions for read:user,repo,user:email,workflow...
2024-10-15 20:29:57.248 [info] Getting sessions for all scopes...
2024-10-15 20:29:57.248 [info] Got 1 sessions for ...
2024-10-15 20:29:57.252 [info] Getting sessions for read:user,repo,user:email,workflow...
2024-10-15 20:29:57.252 [info] Got 1 sessions for read:user,repo,user:email,workflow...
2024-10-15 20:29:57.267 [info] Getting sessions for all scopes...
2024-10-15 20:29:57.267 [info] Got 1 sessions for ...
2024-10-15 20:29:57.269 [info] Getting sessions for read:user,repo,user:email,workflow...
2024-10-15 20:29:57.269 [info] Got 1 sessions for read:user,repo,user:email,workflow...
2024-10-15 20:34:56.183 [info] Getting sessions for all scopes...
2024-10-15 20:34:56.183 [info] Got 1 sessions for ...
2024-10-15 20:34:56.185 [info] Getting sessions for read:user,repo,user:email,workflow...
2024-10-15 20:34:56.185 [info] Got 1 sessions for read:user,repo,user:email,workflow...
2024-10-15 20:40:29.283 [info] Getting sessions for all scopes...
2024-10-15 20:40:29.283 [info] Got 1 sessions for ...
2024-10-15 20:40:29.288 [info] Getting sessions for read:user,repo,user:email,workflow...
2024-10-15 20:40:29.288 [info] Got 1 sessions for read:user,repo,user:email,workflow...
2024-10-15 20:40:29.293 [info] Getting sessions for all scopes...
2024-10-15 20:40:29.293 [info] Got 1 sessions for ...
2024-10-15 20:40:29.297 [info] Getting sessions for read:user,repo,user:email,workflow...
2024-10-15 20:40:29.297 [info] Got 1 sessions for read:user,repo,user:email,workflow...
2024-10-15 20:44:56.048 [info] Getting sessions for all scopes...
2024-10-15 20:44:56.048 [info] Got 1 sessions for ...
2024-10-15 20:44:56.049 [info] Getting sessions for read:user,repo,user:email,workflow...
2024-10-15 20:44:56.049 [info] Got 1 sessions for read:user,repo,user:email,workflow...
2024-10-15 20:44:57.278 [info] Getting sessions for all scopes...
2024-10-15 20:44:57.278 [info] Got 1 sessions for ...
2024-10-15 20:44:57.279 [info] Getting sessions for read:user,repo,user:email,workflow...
2024-10-15 20:44:57.279 [info] Got 1 sessions for read:user,repo,user:email,workflow...
2024-10-15 20:49:56.189 [info] Getting sessions for all scopes...
2024-10-15 20:49:56.189 [info] Got 1 sessions for ...
2024-10-15 20:49:56.191 [info] Getting sessions for read:user,repo,user:email,workflow...
2024-10-15 20:49:56.191 [info] Got 1 sessions for read:user,repo,user:email,workflow...
2024-10-15 20:54:54.935 [info] Getting sessions for read:user,repo,user:email,workflow...
2024-10-15 20:54:54.936 [info] Got 1 sessions for read:user,repo,user:email,workflow...
2024-10-15 20:54:57.237 [info] Getting sessions for all scopes...
2024-10-15 20:54:57.237 [info] Got 1 sessions for ...
2024-10-15 20:54:57.242 [info] Getting sessions for read:user,repo,user:email,workflow...
2024-10-15 20:54:57.242 [info] Got 1 sessions for read:user,repo,user:email,workflow...
2024-10-15 20:54:58.221 [info] Getting sessions for all scopes...
2024-10-15 20:54:58.222 [info] Got 1 sessions for ...
2024-10-15 20:54:58.222 [info] Getting sessions for all scopes...
2024-10-15 20:54:58.222 [info] Got 1 sessions for ...
2024-10-15 20:54:58.226 [info] Getting sessions for read:user,repo,user:email,workflow...
2024-10-15 20:54:58.226 [info] Got 1 sessions for read:user,repo,user:email,workflow...
2024-10-15 20:54:58.230 [info] Getting sessions for all scopes...
2024-10-15 20:54:58.230 [info] Got 1 sessions for ...
2024-10-15 20:54:58.234 [info] Getting sessions for read:user,repo,user:email,workflow...
2024-10-15 20:54:58.234 [info] Got 1 sessions for read:user,repo,user:email,workflow...
2024-10-15 20:54:58.247 [info] Getting sessions for all scopes...
2024-10-15 20:54:58.247 [info] Got 1 sessions for ...
2024-10-15 20:54:58.251 [info] Getting sessions for read:user,repo,user:email,workflow...
2024-10-15 20:54:58.251 [info] Got 1 sessions for read:user,repo,user:email,workflow...
2024-10-15 20:54:58.279 [info] Getting sessions for all scopes...
2024-10-15 20:54:58.279 [info] Got 1 sessions for ...
2024-10-15 20:54:58.280 [info] Getting sessions for read:user,repo,user:email,workflow...
2024-10-15 20:54:58.280 [info] Got 1 sessions for read:user,repo,user:email,workflow...
2024-10-15 20:55:30.200 [info] Getting sessions for all scopes...
2024-10-15 20:55:30.200 [info] Got 1 sessions for ...
2024-10-15 20:55:30.204 [info] Getting sessions for read:user,repo,user:email,workflow...
2024-10-15 20:55:30.208 [info] Got 1 sessions for read:user,repo,user:email,workflow...
2024-10-15 20:59:56.078 [info] Getting sessions for all scopes...
2024-10-15 20:59:56.078 [info] Got 1 sessions for ...
2024-10-15 20:59:56.082 [info] Getting sessions for read:user,repo,user:email,workflow...
2024-10-15 20:59:56.083 [info] Got 1 sessions for read:user,repo,user:email,workflow...
2024-10-15 20:59:57.309 [info] Getting sessions for all scopes...
2024-10-15 20:59:57.309 [info] Got 1 sessions for ...
2024-10-15 20:59:57.310 [info] Getting sessions for read:user,repo,user:email,workflow...
2024-10-15 20:59:57.310 [info] Got 1 sessions for read:user,repo,user:email,workflow...
2024-10-15 21:04:56.195 [info] Getting sessions for all scopes...
2024-10-15 21:04:56.195 [info] Got 1 sessions for ...
2024-10-15 21:04:56.197 [info] Getting sessions for read:user,repo,user:email,workflow...
2024-10-15 21:04:56.197 [info] Got 1 sessions for read:user,repo,user:email,workflow...
2024-10-15 21:09:58.837 [info] Getting sessions for all scopes...
2024-10-15 21:09:58.837 [info] Got 1 sessions for ...
2024-10-15 21:09:58.841 [info] Getting sessions for read:user,repo,user:email,workflow...
2024-10-15 21:09:58.841 [info] Got 1 sessions for read:user,repo,user:email,workflow...
2024-10-15 21:09:58.848 [info] Getting sessions for all scopes...
2024-10-15 21:09:58.848 [info] Got 1 sessions for ...
2024-10-15 21:09:58.852 [info] Getting sessions for read:user,repo,user:email,workflow...
2024-10-15 21:09:58.852 [info] Got 1 sessions for read:user,repo,user:email,workflow...
2024-10-15 21:10:30.217 [info] Getting sessions for all scopes...
2024-10-15 21:10:30.217 [info] Got 1 sessions for ...
2024-10-15 21:10:30.219 [info] Getting sessions for read:user,repo,user:email,workflow...
2024-10-15 21:10:30.219 [info] Got 1 sessions for read:user,repo,user:email,workflow...
2024-10-15 23:34:08.664 [info] Getting sessions for all scopes...
2024-10-15 23:34:08.664 [info] Got 1 sessions for ...
2024-10-15 23:34:08.665 [info] Getting sessions for read:user,repo,user:email,workflow...
2024-10-15 23:34:08.665 [info] Got 1 sessions for read:user,repo,user:email,workflow...
2024-10-15 23:34:08.667 [info] Getting sessions for all scopes...
2024-10-15 23:34:08.667 [info] Got 1 sessions for ...
2024-10-15 23:34:08.668 [info] Getting sessions for read:user,repo,user:email,workflow...
2024-10-15 23:34:08.668 [info] Got 1 sessions for read:user,repo,user:email,workflow...
2024-10-15 23:34:09.616 [info] Getting sessions for all scopes...
2024-10-15 23:34:09.616 [info] Got 1 sessions for ...
2024-10-15 23:34:09.616 [info] Getting sessions for all scopes...
2024-10-15 23:34:09.616 [info] Got 1 sessions for ...
2024-10-15 23:34:09.617 [info] Getting sessions for read:user,repo,user:email,workflow...
2024-10-15 23:34:09.617 [info] Got 1 sessions for read:user,repo,user:email,workflow...
2024-10-15 23:34:09.619 [info] Getting sessions for all scopes...
2024-10-15 23:34:09.619 [info] Got 1 sessions for ...
2024-10-15 23:34:09.621 [info] Getting sessions for read:user,repo,user:email,workflow...
2024-10-15 23:34:09.621 [info] Got 1 sessions for read:user,repo,user:email,workflow...
2024-10-15 23:34:09.624 [info] Getting sessions for all scopes...
2024-10-15 23:34:09.624 [info] Got 1 sessions for ...
2024-10-15 23:34:09.625 [info] Getting sessions for read:user,repo,user:email,workflow...
2024-10-15 23:34:09.625 [info] Got 1 sessions for read:user,repo,user:email,workflow...
2024-10-15 23:34:09.890 [info] Getting sessions for all scopes...
2024-10-15 23:34:09.890 [info] Got 1 sessions for ...
2024-10-15 23:34:09.892 [info] Getting sessions for read:user,repo,user:email,workflow...
2024-10-15 23:34:09.892 [info] Got 1 sessions for read:user,repo,user:email,workflow...
2024-10-15 23:39:07.984 [info] Getting sessions for read:user,repo,user:email,workflow...
2024-10-15 23:39:07.984 [info] Got 1 sessions for read:user,repo,user:email,workflow...
2024-10-15 23:39:08.777 [info] Getting sessions for all scopes...
2024-10-15 23:39:08.777 [info] Got 1 sessions for ...
2024-10-15 23:39:08.779 [info] Getting sessions for read:user,repo,user:email,workflow...
2024-10-15 23:39:08.780 [info] Got 1 sessions for read:user,repo,user:email,workflow...
2024-10-15 23:44:12.034 [info] Getting sessions for all scopes...
2024-10-15 23:44:12.034 [info] Got 1 sessions for ...
2024-10-15 23:44:12.038 [info] Getting sessions for read:user,repo,user:email,workflow...
2024-10-15 23:44:12.038 [info] Got 1 sessions for read:user,repo,user:email,workflow...
2024-10-15 23:44:12.043 [info] Getting sessions for all scopes...
2024-10-15 23:44:12.044 [info] Got 1 sessions for ...
2024-10-15 23:44:12.048 [info] Getting sessions for read:user,repo,user:email,workflow...
2024-10-15 23:44:12.048 [info] Got 1 sessions for read:user,repo,user:email,workflow...
2024-10-15 23:44:42.805 [info] Getting sessions for all scopes...
2024-10-15 23:44:42.805 [info] Got 1 sessions for ...
2024-10-15 23:44:42.809 [info] Getting sessions for read:user,repo,user:email,workflow...
2024-10-15 23:44:42.809 [info] Got 1 sessions for read:user,repo,user:email,workflow...
2024-10-15 23:49:10.124 [info] Getting sessions for all scopes...
2024-10-15 23:49:10.124 [info] Got 1 sessions for ...
2024-10-15 23:49:10.128 [info] Getting sessions for read:user,repo,user:email,workflow...
2024-10-15 23:49:10.128 [info] Got 1 sessions for read:user,repo,user:email,workflow...
2024-10-15 23:54:08.782 [info] Getting sessions for all scopes...
2024-10-15 23:54:08.782 [info] Got 1 sessions for ...
2024-10-15 23:54:08.784 [info] Getting sessions for read:user,repo,user:email,workflow...
2024-10-15 23:54:08.784 [info] Got 1 sessions for read:user,repo,user:email,workflow...
2024-10-15 23:59:09.613 [info] Getting sessions for all scopes...
2024-10-15 23:59:09.613 [info] Got 1 sessions for ...
2024-10-15 23:59:09.614 [info] Getting sessions for read:user,repo,user:email,workflow...
2024-10-15 23:59:09.614 [info] Got 1 sessions for read:user,repo,user:email,workflow...
2024-10-15 23:59:10.656 [info] Getting sessions for all scopes...
2024-10-15 23:59:10.656 [info] Got 1 sessions for ...
2024-10-15 23:59:10.656 [info] Getting sessions for all scopes...
2024-10-15 23:59:10.656 [info] Got 1 sessions for ...
2024-10-15 23:59:10.657 [info] Getting sessions for read:user,repo,user:email,workflow...
2024-10-15 23:59:10.657 [info] Got 1 sessions for read:user,repo,user:email,workflow...
2024-10-15 23:59:10.659 [info] Getting sessions for all scopes...
2024-10-15 23:59:10.659 [info] Got 1 sessions for ...
2024-10-15 23:59:10.661 [info] Getting sessions for read:user,repo,user:email,workflow...
2024-10-15 23:59:10.661 [info] Got 1 sessions for read:user,repo,user:email,workflow...
2024-10-15 23:59:10.664 [info] Getting sessions for all scopes...
2024-10-15 23:59:10.664 [info] Got 1 sessions for ...
2024-10-15 23:59:10.666 [info] Getting sessions for read:user,repo,user:email,workflow...
2024-10-15 23:59:10.666 [info] Got 1 sessions for read:user,repo,user:email,workflow...
2024-10-15 23:59:10.671 [info] Getting sessions for all scopes...
2024-10-15 23:59:10.671 [info] Got 1 sessions for ...
2024-10-15 23:59:10.672 [info] Getting sessions for read:user,repo,user:email,workflow...
2024-10-15 23:59:10.672 [info] Got 1 sessions for read:user,repo,user:email,workflow...
2024-10-15 23:59:12.832 [info] Getting sessions for all scopes...
2024-10-15 23:59:12.832 [info] Got 1 sessions for ...
2024-10-15 23:59:12.833 [info] Getting sessions for read:user,repo,user:email,workflow...
2024-10-15 23:59:12.833 [info] Got 1 sessions for read:user,repo,user:email,workflow...
2024-10-15 23:59:42.816 [info] Getting sessions for all scopes...
2024-10-15 23:59:42.816 [info] Got 1 sessions for ...
2024-10-15 23:59:42.817 [info] Getting sessions for read:user,repo,user:email,workflow...
2024-10-15 23:59:42.817 [info] Got 1 sessions for read:user,repo,user:email,workflow...
2024-10-16 00:04:08.467 [info] Getting sessions for read:user,repo,user:email,workflow...
2024-10-16 00:04:08.467 [info] Got 1 sessions for read:user,repo,user:email,workflow...
2024-10-16 00:04:10.135 [info] Getting sessions for all scopes...
2024-10-16 00:04:10.135 [info] Got 1 sessions for ...
2024-10-16 00:04:10.138 [info] Getting sessions for read:user,repo,user:email,workflow...
2024-10-16 00:04:10.138 [info] Got 1 sessions for read:user,repo,user:email,workflow...
2024-10-16 00:09:08.785 [info] Getting sessions for all scopes...
2024-10-16 00:09:08.785 [info] Got 1 sessions for ...
2024-10-16 00:09:08.786 [info] Getting sessions for read:user,repo,user:email,workflow...
2024-10-16 00:09:08.786 [info] Got 1 sessions for read:user,repo,user:email,workflow...
2024-10-16 00:14:11.295 [info] Getting sessions for all scopes...
2024-10-16 00:14:11.295 [info] Got 1 sessions for ...
2024-10-16 00:14:11.296 [info] Getting sessions for read:user,repo,user:email,workflow...
2024-10-16 00:14:11.296 [info] Got 1 sessions for read:user,repo,user:email,workflow...
2024-10-16 00:14:11.297 [info] Getting sessions for all scopes...
2024-10-16 00:14:11.297 [info] Got 1 sessions for ...
2024-10-16 00:14:11.298 [info] Getting sessions for read:user,repo,user:email,workflow...
2024-10-16 00:14:11.298 [info] Got 1 sessions for read:user,repo,user:email,workflow...
2024-10-16 00:14:12.838 [info] Getting sessions for all scopes...
2024-10-16 00:14:12.838 [info] Got 1 sessions for ...
2024-10-16 00:14:12.842 [info] Getting sessions for read:user,repo,user:email,workflow...
2024-10-16 00:14:12.842 [info] Got 1 sessions for read:user,repo,user:email,workflow...
2024-10-16 00:14:41.444 [info] Getting sessions for all scopes...
2024-10-16 00:14:41.444 [info] Got 1 sessions for ...
2024-10-16 00:14:41.448 [info] Getting sessions for read:user,repo,user:email,workflow...
2024-10-16 00:14:41.448 [info] Got 1 sessions for read:user,repo,user:email,workflow...
2024-10-16 00:14:42.820 [info] Getting sessions for all scopes...
2024-10-16 00:14:42.821 [info] Got 1 sessions for ...
2024-10-16 00:14:42.822 [info] Getting sessions for read:user,repo,user:email,workflow...
2024-10-16 00:14:42.822 [info] Got 1 sessions for read:user,repo,user:email,workflow...
2024-10-16 00:19:10.144 [info] Getting sessions for all scopes...
2024-10-16 00:19:10.144 [info] Got 1 sessions for ...
2024-10-16 00:19:10.148 [info] Getting sessions for read:user,repo,user:email,workflow...
2024-10-16 00:19:10.148 [info] Got 1 sessions for read:user,repo,user:email,workflow...
