2024-10-15 09:27:03.211 [info] Reading sessions from keychain...
2024-10-15 09:27:03.211 [info] Getting sessions for all scopes...
2024-10-15 09:27:03.211 [info] Getting sessions for all scopes...
2024-10-15 09:27:03.211 [info] Got stored sessions!
2024-10-15 09:27:03.211 [info] Got 1 verified sessions.
2024-10-15 09:27:03.211 [info] Got 1 sessions for ...
2024-10-15 09:27:03.211 [info] Got 1 sessions for ...
2024-10-15 09:27:03.211 [info] Getting sessions for read:user,repo,user:email,workflow...
2024-10-15 09:27:03.211 [info] Got 1 sessions for read:user,repo,user:email,workflow...
2024-10-15 09:27:03.211 [info] Getting sessions for all scopes...
2024-10-15 09:27:03.211 [info] Got 1 sessions for ...
2024-10-15 09:27:03.211 [info] Getting sessions for all scopes...
2024-10-15 09:27:03.211 [info] Got 1 sessions for ...
2024-10-15 09:27:03.211 [info] Getting sessions for project,read:org,read:user,repo,user:email,workflow...
2024-10-15 09:27:03.211 [info] Got 0 sessions for project,read:org,read:user,repo,user:email,workflow...
2024-10-15 09:27:03.215 [info] Getting sessions for read:user,repo,user:email,workflow...
2024-10-15 09:27:03.215 [info] Got 1 sessions for read:user,repo,user:email,workflow...
2024-10-15 09:27:06.026 [info] Getting sessions for read:user,repo,user:email,workflow...
2024-10-15 09:27:06.026 [info] Got 1 sessions for read:user,repo,user:email,workflow...
2024-10-15 09:27:06.026 [info] Getting sessions for all scopes...
2024-10-15 09:27:06.026 [info] Got 1 sessions for ...
2024-10-15 09:27:06.027 [info] Getting sessions for all scopes...
2024-10-15 09:27:06.027 [info] Got 1 sessions for ...
2024-10-15 09:27:06.218 [info] Getting sessions for read:user,repo,user:email,workflow...
2024-10-15 09:27:06.218 [info] Got 1 sessions for read:user,repo,user:email,workflow...
2024-10-15 09:27:06.464 [info] Getting sessions for all scopes...
2024-10-15 09:27:06.464 [info] Got 1 sessions for ...
2024-10-15 09:27:06.541 [info] Getting sessions for read:user,repo,user:email,workflow...
2024-10-15 09:27:06.541 [info] Got 1 sessions for read:user,repo,user:email,workflow...
2024-10-15 09:27:06.551 [info] Getting sessions for all scopes...
2024-10-15 09:27:06.551 [info] Got 1 sessions for ...
2024-10-15 09:27:06.556 [info] Getting sessions for read:user,repo,user:email,workflow...
2024-10-15 09:27:06.556 [info] Got 1 sessions for read:user,repo,user:email,workflow...
2024-10-15 09:31:07.810 [info] Getting sessions for all scopes...
2024-10-15 09:31:07.811 [info] Got 1 sessions for ...
