2024-10-14 14:33:46.512 [info] Reading sessions from keychain...
2024-10-14 14:33:46.512 [info] Getting sessions for all scopes...
2024-10-14 14:33:46.512 [info] Getting sessions for all scopes...
2024-10-14 14:33:46.512 [info] Got stored sessions!
2024-10-14 14:33:46.512 [info] Got 1 verified sessions.
2024-10-14 14:33:46.512 [info] Got 1 sessions for ...
2024-10-14 14:33:46.512 [info] Got 1 sessions for ...
2024-10-14 14:33:46.512 [info] Getting sessions for read:user,repo,user:email,workflow...
2024-10-14 14:33:46.512 [info] Got 1 sessions for read:user,repo,user:email,workflow...
2024-10-14 14:33:46.512 [info] Getting sessions for all scopes...
2024-10-14 14:33:46.512 [info] Got 1 sessions for ...
2024-10-14 14:33:46.512 [info] Getting sessions for all scopes...
2024-10-14 14:33:46.512 [info] Got 1 sessions for ...
2024-10-14 14:33:46.602 [info] Getting sessions for project,read:org,read:user,repo,user:email,workflow...
2024-10-14 14:33:46.602 [info] Got 0 sessions for project,read:org,read:user,repo,user:email,workflow...
2024-10-14 14:33:46.602 [info] Getting sessions for read:user,repo,user:email,workflow...
2024-10-14 14:33:46.602 [info] Got 1 sessions for read:user,repo,user:email,workflow...
2024-10-14 14:33:46.779 [info] Getting sessions for read:user,repo,user:email,workflow...
2024-10-14 14:33:46.779 [info] Got 1 sessions for read:user,repo,user:email,workflow...
2024-10-14 14:33:46.780 [info] Getting sessions for all scopes...
2024-10-14 14:33:46.780 [info] Got 1 sessions for ...
2024-10-14 14:33:46.823 [info] Getting sessions for read:user,repo,user:email,workflow...
2024-10-14 14:33:46.823 [info] Got 1 sessions for read:user,repo,user:email,workflow...
2024-10-14 14:33:46.868 [info] Getting sessions for all scopes...
2024-10-14 14:33:46.868 [info] Got 1 sessions for ...
2024-10-14 14:33:46.870 [info] Getting sessions for read:user,repo,user:email,workflow...
2024-10-14 14:33:46.870 [info] Got 1 sessions for read:user,repo,user:email,workflow...
2024-10-14 14:33:46.921 [info] Getting sessions for all scopes...
2024-10-14 14:33:46.921 [info] Got 1 sessions for ...
2024-10-14 14:33:46.923 [info] Getting sessions for read:user,repo,user:email,workflow...
2024-10-14 14:33:46.923 [info] Got 1 sessions for read:user,repo,user:email,workflow...
2024-10-14 14:33:48.295 [info] Getting sessions for all scopes...
2024-10-14 14:33:48.295 [info] Got 1 sessions for ...
2024-10-14 14:33:48.295 [info] Getting sessions for all scopes...
2024-10-14 14:33:48.296 [info] Got 1 sessions for ...
2024-10-14 14:33:48.354 [info] Getting sessions for read:user,repo,user:email,workflow...
2024-10-14 14:33:48.354 [info] Got 1 sessions for read:user,repo,user:email,workflow...
2024-10-14 14:33:48.371 [info] Getting sessions for all scopes...
2024-10-14 14:33:48.371 [info] Got 1 sessions for ...
2024-10-14 14:33:48.375 [info] Getting sessions for read:user,repo,user:email,workflow...
2024-10-14 14:33:48.375 [info] Got 1 sessions for read:user,repo,user:email,workflow...
2024-10-14 14:33:48.535 [info] Getting sessions for all scopes...
2024-10-14 14:33:48.535 [info] Got 1 sessions for ...
2024-10-14 14:33:48.542 [info] Getting sessions for read:user,repo,user:email,workflow...
2024-10-14 14:33:48.542 [info] Got 1 sessions for read:user,repo,user:email,workflow...
2024-10-14 14:34:28.644 [info] Reading sessions from keychain...
2024-10-14 14:34:28.644 [info] Getting sessions for all scopes...
2024-10-14 14:34:28.644 [info] Getting sessions for all scopes...
2024-10-14 14:34:28.644 [info] Got stored sessions!
2024-10-14 14:34:28.644 [info] Got 1 verified sessions.
2024-10-14 14:34:28.644 [info] Got 1 sessions for ...
2024-10-14 14:34:28.644 [info] Got 1 sessions for ...
2024-10-14 14:34:28.644 [info] Getting sessions for read:user,repo,user:email,workflow...
2024-10-14 14:34:28.644 [info] Got 1 sessions for read:user,repo,user:email,workflow...
2024-10-14 14:34:28.644 [info] Getting sessions for read:user,repo,user:email,workflow...
2024-10-14 14:34:28.644 [info] Got 1 sessions for read:user,repo,user:email,workflow...
2024-10-14 14:34:28.644 [info] Getting sessions for all scopes...
2024-10-14 14:34:28.644 [info] Got 1 sessions for ...
2024-10-14 14:34:28.644 [info] Getting sessions for all scopes...
2024-10-14 14:34:28.644 [info] Got 1 sessions for ...
2024-10-14 14:34:28.718 [info] Getting sessions for project,read:org,read:user,repo,user:email,workflow...
2024-10-14 14:34:28.718 [info] Got 0 sessions for project,read:org,read:user,repo,user:email,workflow...
2024-10-14 14:34:28.792 [info] Getting sessions for read:user,repo,user:email,workflow...
2024-10-14 14:34:28.792 [info] Got 1 sessions for read:user,repo,user:email,workflow...
2024-10-14 14:34:31.184 [info] Getting sessions for read:user,repo,user:email,workflow...
2024-10-14 14:34:31.184 [info] Got 1 sessions for read:user,repo,user:email,workflow...
2024-10-14 14:34:31.256 [info] Getting sessions for all scopes...
2024-10-14 14:34:31.256 [info] Got 1 sessions for ...
2024-10-14 14:34:31.265 [info] Getting sessions for all scopes...
2024-10-14 14:34:31.265 [info] Got 1 sessions for ...
2024-10-14 14:34:31.417 [info] Getting sessions for read:user,repo,user:email,workflow...
2024-10-14 14:34:31.417 [info] Got 1 sessions for read:user,repo,user:email,workflow...
2024-10-14 14:34:32.707 [info] Getting sessions for all scopes...
2024-10-14 14:34:32.707 [info] Got 1 sessions for ...
2024-10-14 14:34:32.708 [info] Getting sessions for all scopes...
2024-10-14 14:34:32.708 [info] Got 1 sessions for ...
2024-10-14 14:34:32.748 [info] Getting sessions for read:user,repo,user:email,workflow...
2024-10-14 14:34:32.748 [info] Got 1 sessions for read:user,repo,user:email,workflow...
2024-10-14 14:34:32.757 [info] Getting sessions for all scopes...
2024-10-14 14:34:32.757 [info] Got 1 sessions for ...
2024-10-14 14:34:32.761 [info] Getting sessions for read:user,repo,user:email,workflow...
2024-10-14 14:34:32.761 [info] Got 1 sessions for read:user,repo,user:email,workflow...
2024-10-14 14:34:32.895 [info] Getting sessions for all scopes...
2024-10-14 14:34:32.895 [info] Got 1 sessions for ...
2024-10-14 14:34:32.901 [info] Getting sessions for all scopes...
2024-10-14 14:34:32.901 [info] Got 1 sessions for ...
2024-10-14 14:34:32.904 [info] Getting sessions for read:user,repo,user:email,workflow...
2024-10-14 14:34:32.904 [info] Got 1 sessions for read:user,repo,user:email,workflow...
2024-10-14 14:34:36.962 [info] Getting sessions for all scopes...
2024-10-14 14:34:36.962 [info] Got 1 sessions for ...
