2024-10-15 19:14:39.060 [info] Reading sessions from keychain...
2024-10-15 19:14:39.060 [info] Getting sessions for all scopes...
2024-10-15 19:14:39.060 [info] Getting sessions for all scopes...
2024-10-15 19:14:39.060 [info] Got stored sessions!
2024-10-15 19:14:39.060 [info] Got 1 verified sessions.
2024-10-15 19:14:39.061 [info] Got 1 sessions for ...
2024-10-15 19:14:39.061 [info] Got 1 sessions for ...
2024-10-15 19:14:39.061 [info] Getting sessions for read:user,repo,user:email,workflow...
2024-10-15 19:14:39.061 [info] Got 1 sessions for read:user,repo,user:email,workflow...
2024-10-15 19:14:39.061 [info] Getting sessions for all scopes...
2024-10-15 19:14:39.061 [info] Got 1 sessions for ...
2024-10-15 19:14:39.061 [info] Getting sessions for all scopes...
2024-10-15 19:14:39.061 [info] Got 1 sessions for ...
2024-10-15 19:14:39.061 [info] Getting sessions for project,read:org,read:user,repo,user:email,workflow...
2024-10-15 19:14:39.061 [info] Got 0 sessions for project,read:org,read:user,repo,user:email,workflow...
2024-10-15 19:14:39.061 [info] Getting sessions for read:user,repo,user:email,workflow...
2024-10-15 19:14:39.061 [info] Got 1 sessions for read:user,repo,user:email,workflow...
2024-10-15 19:14:39.218 [info] Getting sessions for read:user,repo,user:email,workflow...
2024-10-15 19:14:39.218 [info] Got 1 sessions for read:user,repo,user:email,workflow...
2024-10-15 19:14:39.221 [info] Getting sessions for all scopes...
2024-10-15 19:14:39.221 [info] Got 1 sessions for ...
2024-10-15 19:14:39.221 [info] Getting sessions for all scopes...
2024-10-15 19:14:39.221 [info] Got 1 sessions for ...
2024-10-15 19:14:39.238 [info] Getting sessions for read:user,repo,user:email,workflow...
2024-10-15 19:14:39.238 [info] Got 1 sessions for read:user,repo,user:email,workflow...
2024-10-15 19:14:40.168 [info] Getting sessions for all scopes...
2024-10-15 19:14:40.168 [info] Got 1 sessions for ...
2024-10-15 19:14:40.168 [info] Getting sessions for all scopes...
2024-10-15 19:14:40.168 [info] Got 1 sessions for ...
2024-10-15 19:14:40.180 [info] Getting sessions for read:user,repo,user:email,workflow...
2024-10-15 19:14:40.180 [info] Got 1 sessions for read:user,repo,user:email,workflow...
2024-10-15 19:14:40.183 [info] Getting sessions for all scopes...
2024-10-15 19:14:40.183 [info] Got 1 sessions for ...
2024-10-15 19:14:40.185 [info] Getting sessions for read:user,repo,user:email,workflow...
2024-10-15 19:14:40.186 [info] Got 1 sessions for read:user,repo,user:email,workflow...
2024-10-15 19:14:40.274 [info] Getting sessions for all scopes...
2024-10-15 19:14:40.274 [info] Got 1 sessions for ...
2024-10-15 19:14:40.277 [info] Getting sessions for read:user,repo,user:email,workflow...
2024-10-15 19:14:40.278 [info] Got 1 sessions for read:user,repo,user:email,workflow...
