2024-10-14 22:41:25.121 [info] Reading sessions from keychain...
2024-10-14 22:41:25.121 [info] Getting sessions for all scopes...
2024-10-14 22:41:25.121 [info] Getting sessions for all scopes...
2024-10-14 22:41:25.121 [info] Got stored sessions!
2024-10-14 22:41:25.121 [info] Got 1 verified sessions.
2024-10-14 22:41:25.121 [info] Got 1 sessions for ...
2024-10-14 22:41:25.121 [info] Got 1 sessions for ...
2024-10-14 22:41:25.121 [info] Getting sessions for read:user,repo,user:email,workflow...
2024-10-14 22:41:25.121 [info] Got 1 sessions for read:user,repo,user:email,workflow...
2024-10-14 22:41:25.121 [info] Getting sessions for all scopes...
2024-10-14 22:41:25.121 [info] Got 1 sessions for ...
2024-10-14 22:41:25.121 [info] Getting sessions for all scopes...
2024-10-14 22:41:25.121 [info] Got 1 sessions for ...
2024-10-14 22:41:25.121 [info] Getting sessions for project,read:org,read:user,repo,user:email,workflow...
2024-10-14 22:41:25.121 [info] Got 0 sessions for project,read:org,read:user,repo,user:email,workflow...
2024-10-14 22:41:25.125 [info] Getting sessions for read:user,repo,user:email,workflow...
2024-10-14 22:41:25.126 [info] Got 1 sessions for read:user,repo,user:email,workflow...
2024-10-14 22:41:25.251 [info] Getting sessions for read:user,repo,user:email,workflow...
2024-10-14 22:41:25.251 [info] Got 1 sessions for read:user,repo,user:email,workflow...
2024-10-14 22:41:25.252 [info] Getting sessions for all scopes...
2024-10-14 22:41:25.252 [info] Got 1 sessions for ...
2024-10-14 22:41:25.252 [info] Getting sessions for all scopes...
2024-10-14 22:41:25.252 [info] Got 1 sessions for ...
2024-10-14 22:41:25.262 [info] Getting sessions for read:user,repo,user:email,workflow...
2024-10-14 22:41:25.262 [info] Got 1 sessions for read:user,repo,user:email,workflow...
2024-10-14 22:41:26.166 [info] Getting sessions for all scopes...
2024-10-14 22:41:26.166 [info] Got 1 sessions for ...
2024-10-14 22:41:26.167 [info] Getting sessions for all scopes...
2024-10-14 22:41:26.167 [info] Got 1 sessions for ...
2024-10-14 22:41:26.184 [info] Getting sessions for read:user,repo,user:email,workflow...
2024-10-14 22:41:26.185 [info] Got 1 sessions for read:user,repo,user:email,workflow...
2024-10-14 22:41:26.187 [info] Getting sessions for all scopes...
2024-10-14 22:41:26.187 [info] Got 1 sessions for ...
2024-10-14 22:41:26.189 [info] Getting sessions for read:user,repo,user:email,workflow...
2024-10-14 22:41:26.189 [info] Got 1 sessions for read:user,repo,user:email,workflow...
2024-10-14 22:41:26.299 [info] Getting sessions for all scopes...
2024-10-14 22:41:26.299 [info] Got 1 sessions for ...
2024-10-14 22:41:26.314 [info] Getting sessions for read:user,repo,user:email,workflow...
2024-10-14 22:41:26.314 [info] Got 1 sessions for read:user,repo,user:email,workflow...
