2024-10-17 11:44:23.139 [info] Reading sessions from keychain...
2024-10-17 11:44:23.139 [info] Getting sessions for all scopes...
2024-10-17 11:44:23.139 [info] Getting sessions for all scopes...
2024-10-17 11:44:23.139 [info] Got stored sessions!
2024-10-17 11:44:23.139 [info] Got 1 verified sessions.
2024-10-17 11:44:23.139 [info] Got 1 sessions for ...
2024-10-17 11:44:23.139 [info] Got 1 sessions for ...
2024-10-17 11:44:23.139 [info] Getting sessions for read:user,repo,user:email,workflow...
2024-10-17 11:44:23.139 [info] Got 1 sessions for read:user,repo,user:email,workflow...
2024-10-17 11:44:23.139 [info] Getting sessions for all scopes...
2024-10-17 11:44:23.139 [info] Got 1 sessions for ...
2024-10-17 11:44:23.139 [info] Getting sessions for all scopes...
2024-10-17 11:44:23.139 [info] Got 1 sessions for ...
2024-10-17 11:44:23.139 [info] Getting sessions for project,read:org,read:user,repo,user:email,workflow...
2024-10-17 11:44:23.139 [info] Got 0 sessions for project,read:org,read:user,repo,user:email,workflow...
2024-10-17 11:44:23.155 [info] Getting sessions for read:user,repo,user:email,workflow...
2024-10-17 11:44:23.155 [info] Got 1 sessions for read:user,repo,user:email,workflow...
2024-10-17 11:44:23.366 [info] Getting sessions for read:user,repo,user:email,workflow...
2024-10-17 11:44:23.366 [info] Got 1 sessions for read:user,repo,user:email,workflow...
2024-10-17 11:44:23.366 [info] Getting sessions for all scopes...
2024-10-17 11:44:23.366 [info] Got 1 sessions for ...
2024-10-17 11:44:23.366 [info] Getting sessions for all scopes...
2024-10-17 11:44:23.366 [info] Got 1 sessions for ...
2024-10-17 11:44:23.384 [info] Getting sessions for read:user,repo,user:email,workflow...
2024-10-17 11:44:23.384 [info] Got 1 sessions for read:user,repo,user:email,workflow...
2024-10-17 11:44:24.614 [info] Getting sessions for all scopes...
2024-10-17 11:44:24.614 [info] Got 1 sessions for ...
2024-10-17 11:44:24.614 [info] Getting sessions for all scopes...
2024-10-17 11:44:24.614 [info] Got 1 sessions for ...
2024-10-17 11:44:24.716 [info] Getting sessions for read:user,repo,user:email,workflow...
2024-10-17 11:44:24.716 [info] Got 1 sessions for read:user,repo,user:email,workflow...
2024-10-17 11:44:24.722 [info] Getting sessions for all scopes...
2024-10-17 11:44:24.722 [info] Got 1 sessions for ...
2024-10-17 11:44:24.725 [info] Getting sessions for read:user,repo,user:email,workflow...
2024-10-17 11:44:24.725 [info] Got 1 sessions for read:user,repo,user:email,workflow...
2024-10-17 11:44:24.868 [info] Getting sessions for all scopes...
2024-10-17 11:44:24.868 [info] Got 1 sessions for ...
2024-10-17 11:44:24.946 [info] Getting sessions for read:user,repo,user:email,workflow...
2024-10-17 11:44:24.946 [info] Got 1 sessions for read:user,repo,user:email,workflow...
2024-10-17 11:59:26.230 [info] Getting sessions for all scopes...
2024-10-17 11:59:26.230 [info] Got 1 sessions for ...
2024-10-17 11:59:26.234 [info] Getting sessions for read:user,repo,user:email,workflow...
2024-10-17 11:59:26.234 [info] Got 1 sessions for read:user,repo,user:email,workflow...
2024-10-17 11:59:26.240 [info] Getting sessions for all scopes...
2024-10-17 11:59:26.240 [info] Got 1 sessions for ...
2024-10-17 11:59:26.245 [info] Getting sessions for read:user,repo,user:email,workflow...
2024-10-17 11:59:26.245 [info] Got 1 sessions for read:user,repo,user:email,workflow...
2024-10-17 12:09:23.813 [info] Getting sessions for read:user,repo,user:email,workflow...
2024-10-17 12:09:23.813 [info] Got 1 sessions for read:user,repo,user:email,workflow...
2024-10-17 12:09:24.580 [info] Getting sessions for all scopes...
2024-10-17 12:09:24.580 [info] Got 1 sessions for ...
2024-10-17 12:09:24.584 [info] Getting sessions for read:user,repo,user:email,workflow...
2024-10-17 12:09:24.584 [info] Got 1 sessions for read:user,repo,user:email,workflow...
2024-10-17 12:09:25.770 [info] Getting sessions for all scopes...
2024-10-17 12:09:25.770 [info] Got 1 sessions for ...
2024-10-17 12:09:25.771 [info] Getting sessions for all scopes...
2024-10-17 12:09:25.771 [info] Got 1 sessions for ...
2024-10-17 12:09:25.774 [info] Getting sessions for read:user,repo,user:email,workflow...
2024-10-17 12:09:25.774 [info] Got 1 sessions for read:user,repo,user:email,workflow...
2024-10-17 12:09:25.779 [info] Getting sessions for all scopes...
2024-10-17 12:09:25.779 [info] Got 1 sessions for ...
2024-10-17 12:09:25.784 [info] Getting sessions for read:user,repo,user:email,workflow...
2024-10-17 12:09:25.784 [info] Got 1 sessions for read:user,repo,user:email,workflow...
2024-10-17 12:09:25.824 [info] Getting sessions for all scopes...
2024-10-17 12:09:25.824 [info] Got 1 sessions for ...
2024-10-17 12:09:25.864 [info] Getting sessions for read:user,repo,user:email,workflow...
2024-10-17 12:09:25.864 [info] Got 1 sessions for read:user,repo,user:email,workflow...
2024-10-17 12:14:29.446 [info] Getting sessions for all scopes...
2024-10-17 12:14:29.446 [info] Got 1 sessions for ...
2024-10-17 12:14:29.449 [info] Getting sessions for read:user,repo,user:email,workflow...
2024-10-17 12:14:29.449 [info] Got 1 sessions for read:user,repo,user:email,workflow...
2024-10-17 12:14:29.547 [info] Getting sessions for all scopes...
2024-10-17 12:14:29.547 [info] Got 1 sessions for ...
2024-10-17 12:14:29.549 [info] Getting sessions for read:user,repo,user:email,workflow...
2024-10-17 12:14:29.549 [info] Got 1 sessions for read:user,repo,user:email,workflow...
2024-10-17 12:14:59.793 [info] Getting sessions for all scopes...
2024-10-17 12:14:59.793 [info] Got 1 sessions for ...
2024-10-17 12:14:59.799 [info] Getting sessions for read:user,repo,user:email,workflow...
2024-10-17 12:14:59.799 [info] Got 1 sessions for read:user,repo,user:email,workflow...
2024-10-17 12:24:28.080 [info] Getting sessions for all scopes...
2024-10-17 12:24:28.080 [info] Got 1 sessions for ...
2024-10-17 12:24:28.084 [info] Getting sessions for read:user,repo,user:email,workflow...
2024-10-17 12:24:28.084 [info] Got 1 sessions for read:user,repo,user:email,workflow...
2024-10-17 12:30:00.577 [info] Getting sessions for all scopes...
2024-10-17 12:30:00.577 [info] Got 1 sessions for ...
2024-10-17 12:30:00.580 [info] Getting sessions for read:user,repo,user:email,workflow...
2024-10-17 12:30:00.580 [info] Got 1 sessions for read:user,repo,user:email,workflow...
2024-10-17 12:30:00.692 [info] Getting sessions for all scopes...
2024-10-17 12:30:00.692 [info] Got 1 sessions for ...
2024-10-17 12:30:00.696 [info] Getting sessions for read:user,repo,user:email,workflow...
2024-10-17 12:30:00.696 [info] Got 1 sessions for read:user,repo,user:email,workflow...
2024-10-17 12:34:26.725 [info] Getting sessions for read:user,repo,user:email,workflow...
2024-10-17 12:34:26.725 [info] Got 1 sessions for read:user,repo,user:email,workflow...
2024-10-17 12:34:27.925 [info] Getting sessions for all scopes...
2024-10-17 12:34:27.926 [info] Got 1 sessions for ...
2024-10-17 12:34:27.931 [info] Getting sessions for read:user,repo,user:email,workflow...
2024-10-17 12:34:27.931 [info] Got 1 sessions for read:user,repo,user:email,workflow...
2024-10-17 12:34:29.351 [info] Getting sessions for all scopes...
2024-10-17 12:34:29.351 [info] Got 1 sessions for ...
2024-10-17 12:34:29.352 [info] Getting sessions for all scopes...
2024-10-17 12:34:29.352 [info] Got 1 sessions for ...
2024-10-17 12:34:29.355 [info] Getting sessions for read:user,repo,user:email,workflow...
2024-10-17 12:34:29.355 [info] Got 1 sessions for read:user,repo,user:email,workflow...
2024-10-17 12:34:29.360 [info] Getting sessions for all scopes...
2024-10-17 12:34:29.360 [info] Got 1 sessions for ...
2024-10-17 12:34:29.364 [info] Getting sessions for read:user,repo,user:email,workflow...
2024-10-17 12:34:29.364 [info] Got 1 sessions for read:user,repo,user:email,workflow...
2024-10-17 12:34:29.377 [info] Getting sessions for all scopes...
2024-10-17 12:34:29.377 [info] Got 1 sessions for ...
2024-10-17 12:34:29.380 [info] Getting sessions for read:user,repo,user:email,workflow...
2024-10-17 12:34:29.380 [info] Got 1 sessions for read:user,repo,user:email,workflow...
2024-10-17 12:39:28.090 [info] Getting sessions for all scopes...
2024-10-17 12:39:28.090 [info] Got 1 sessions for ...
2024-10-17 12:39:28.094 [info] Getting sessions for read:user,repo,user:email,workflow...
2024-10-17 12:39:28.094 [info] Got 1 sessions for read:user,repo,user:email,workflow...
2024-10-17 12:45:01.554 [info] Getting sessions for all scopes...
2024-10-17 12:45:01.554 [info] Got 1 sessions for ...
2024-10-17 12:45:01.558 [info] Getting sessions for read:user,repo,user:email,workflow...
2024-10-17 12:45:01.558 [info] Got 1 sessions for read:user,repo,user:email,workflow...
2024-10-17 12:45:01.564 [info] Getting sessions for all scopes...
2024-10-17 12:45:01.564 [info] Got 1 sessions for ...
2024-10-17 12:45:01.568 [info] Getting sessions for read:user,repo,user:email,workflow...
2024-10-17 12:45:01.568 [info] Got 1 sessions for read:user,repo,user:email,workflow...
2024-10-17 12:49:29.390 [info] Getting sessions for all scopes...
2024-10-17 12:49:29.390 [info] Got 1 sessions for ...
2024-10-17 12:49:29.394 [info] Getting sessions for read:user,repo,user:email,workflow...
2024-10-17 12:49:29.394 [info] Got 1 sessions for read:user,repo,user:email,workflow...
2024-10-17 12:54:28.101 [info] Getting sessions for all scopes...
2024-10-17 12:54:28.101 [info] Got 1 sessions for ...
2024-10-17 12:54:28.104 [info] Getting sessions for read:user,repo,user:email,workflow...
2024-10-17 12:54:28.105 [info] Got 1 sessions for read:user,repo,user:email,workflow...
2024-10-17 12:59:27.288 [info] Getting sessions for read:user,repo,user:email,workflow...
2024-10-17 12:59:27.288 [info] Got 1 sessions for read:user,repo,user:email,workflow...
2024-10-17 12:59:29.361 [info] Getting sessions for all scopes...
2024-10-17 12:59:29.361 [info] Got 1 sessions for ...
2024-10-17 12:59:29.364 [info] Getting sessions for read:user,repo,user:email,workflow...
2024-10-17 12:59:29.364 [info] Got 1 sessions for read:user,repo,user:email,workflow...
2024-10-17 12:59:30.643 [info] Getting sessions for all scopes...
2024-10-17 12:59:30.643 [info] Got 1 sessions for ...
2024-10-17 12:59:30.644 [info] Getting sessions for all scopes...
2024-10-17 12:59:30.644 [info] Got 1 sessions for ...
2024-10-17 12:59:30.647 [info] Getting sessions for read:user,repo,user:email,workflow...
2024-10-17 12:59:30.647 [info] Got 1 sessions for read:user,repo,user:email,workflow...
2024-10-17 12:59:30.652 [info] Getting sessions for all scopes...
2024-10-17 12:59:30.652 [info] Got 1 sessions for ...
2024-10-17 12:59:30.656 [info] Getting sessions for read:user,repo,user:email,workflow...
2024-10-17 12:59:30.656 [info] Got 1 sessions for read:user,repo,user:email,workflow...
2024-10-17 12:59:30.669 [info] Getting sessions for all scopes...
2024-10-17 12:59:30.669 [info] Got 1 sessions for ...
2024-10-17 12:59:30.673 [info] Getting sessions for read:user,repo,user:email,workflow...
2024-10-17 12:59:30.673 [info] Got 1 sessions for read:user,repo,user:email,workflow...
2024-10-17 12:59:30.683 [info] Getting sessions for all scopes...
2024-10-17 12:59:30.683 [info] Got 1 sessions for ...
2024-10-17 12:59:30.686 [info] Getting sessions for read:user,repo,user:email,workflow...
2024-10-17 12:59:30.686 [info] Got 1 sessions for read:user,repo,user:email,workflow...
2024-10-17 13:00:02.310 [info] Getting sessions for all scopes...
2024-10-17 13:00:02.311 [info] Got 1 sessions for ...
2024-10-17 13:00:02.314 [info] Getting sessions for read:user,repo,user:email,workflow...
2024-10-17 13:00:02.315 [info] Got 1 sessions for read:user,repo,user:email,workflow...
2024-10-17 13:04:29.399 [info] Getting sessions for all scopes...
2024-10-17 13:04:29.399 [info] Got 1 sessions for ...
2024-10-17 13:04:29.402 [info] Getting sessions for read:user,repo,user:email,workflow...
2024-10-17 13:04:29.402 [info] Got 1 sessions for read:user,repo,user:email,workflow...
2024-10-17 13:08:07.636 [info] Getting sessions for all scopes...
2024-10-17 13:08:07.636 [info] Got 1 sessions for ...
2024-10-17 13:09:28.108 [info] Getting sessions for all scopes...
2024-10-17 13:09:28.108 [info] Got 1 sessions for ...
2024-10-17 13:09:28.110 [info] Getting sessions for read:user,repo,user:email,workflow...
2024-10-17 13:09:28.110 [info] Got 1 sessions for read:user,repo,user:email,workflow...
2024-10-17 13:14:31.805 [info] Getting sessions for all scopes...
2024-10-17 13:14:31.805 [info] Got 1 sessions for ...
2024-10-17 13:14:31.809 [info] Getting sessions for read:user,repo,user:email,workflow...
2024-10-17 13:14:31.809 [info] Got 1 sessions for read:user,repo,user:email,workflow...
2024-10-17 13:14:31.814 [info] Getting sessions for all scopes...
2024-10-17 13:14:31.814 [info] Got 1 sessions for ...
2024-10-17 13:14:31.822 [info] Getting sessions for read:user,repo,user:email,workflow...
2024-10-17 13:14:31.822 [info] Got 1 sessions for read:user,repo,user:email,workflow...
2024-10-17 13:15:02.321 [info] Getting sessions for all scopes...
2024-10-17 13:15:02.321 [info] Got 1 sessions for ...
2024-10-17 13:15:02.325 [info] Getting sessions for read:user,repo,user:email,workflow...
2024-10-17 13:15:02.325 [info] Got 1 sessions for read:user,repo,user:email,workflow...
2024-10-17 13:16:25.006 [info] Getting sessions for all scopes...
2024-10-17 13:16:25.006 [info] Got 1 sessions for ...
2024-10-17 13:19:29.409 [info] Getting sessions for all scopes...
2024-10-17 13:19:29.409 [info] Got 1 sessions for ...
2024-10-17 13:19:29.413 [info] Getting sessions for read:user,repo,user:email,workflow...
2024-10-17 13:19:29.413 [info] Got 1 sessions for read:user,repo,user:email,workflow...
2024-10-17 13:24:24.274 [info] Getting sessions for all scopes...
2024-10-17 13:24:24.274 [info] Got 1 sessions for ...
2024-10-17 13:24:28.044 [info] Getting sessions for read:user,repo,user:email,workflow...
2024-10-17 13:24:28.044 [info] Got 1 sessions for read:user,repo,user:email,workflow...
2024-10-17 13:24:28.114 [info] Getting sessions for all scopes...
2024-10-17 13:24:28.114 [info] Got 1 sessions for ...
2024-10-17 13:24:28.118 [info] Getting sessions for read:user,repo,user:email,workflow...
2024-10-17 13:24:28.118 [info] Got 1 sessions for read:user,repo,user:email,workflow...
2024-10-17 13:24:30.642 [info] Getting sessions for all scopes...
2024-10-17 13:24:30.642 [info] Got 1 sessions for ...
2024-10-17 13:24:30.646 [info] Getting sessions for read:user,repo,user:email,workflow...
2024-10-17 13:24:30.646 [info] Got 1 sessions for read:user,repo,user:email,workflow...
2024-10-17 13:24:31.748 [info] Getting sessions for all scopes...
2024-10-17 13:24:31.748 [info] Got 1 sessions for ...
2024-10-17 13:24:31.748 [info] Getting sessions for all scopes...
2024-10-17 13:24:31.748 [info] Got 1 sessions for ...
2024-10-17 13:24:31.751 [info] Getting sessions for read:user,repo,user:email,workflow...
2024-10-17 13:24:31.751 [info] Got 1 sessions for read:user,repo,user:email,workflow...
2024-10-17 13:24:31.757 [info] Getting sessions for all scopes...
2024-10-17 13:24:31.757 [info] Got 1 sessions for ...
2024-10-17 13:24:31.762 [info] Getting sessions for read:user,repo,user:email,workflow...
2024-10-17 13:24:31.762 [info] Got 1 sessions for read:user,repo,user:email,workflow...
2024-10-17 13:24:31.779 [info] Getting sessions for all scopes...
2024-10-17 13:24:31.779 [info] Got 1 sessions for ...
2024-10-17 13:24:31.783 [info] Getting sessions for read:user,repo,user:email,workflow...
2024-10-17 13:24:31.783 [info] Got 1 sessions for read:user,repo,user:email,workflow...
2024-10-17 13:29:32.638 [info] Getting sessions for all scopes...
2024-10-17 13:29:32.638 [info] Got 1 sessions for ...
2024-10-17 13:29:32.642 [info] Getting sessions for read:user,repo,user:email,workflow...
2024-10-17 13:29:32.642 [info] Got 1 sessions for read:user,repo,user:email,workflow...
2024-10-17 13:29:32.647 [info] Getting sessions for all scopes...
2024-10-17 13:29:32.647 [info] Got 1 sessions for ...
2024-10-17 13:29:32.651 [info] Getting sessions for read:user,repo,user:email,workflow...
2024-10-17 13:29:32.651 [info] Got 1 sessions for read:user,repo,user:email,workflow...
2024-10-17 13:30:02.336 [info] Getting sessions for all scopes...
2024-10-17 13:30:02.336 [info] Got 1 sessions for ...
2024-10-17 13:30:02.340 [info] Getting sessions for read:user,repo,user:email,workflow...
2024-10-17 13:30:02.340 [info] Got 1 sessions for read:user,repo,user:email,workflow...
2024-10-17 13:34:29.418 [info] Getting sessions for all scopes...
2024-10-17 13:34:29.418 [info] Got 1 sessions for ...
2024-10-17 13:34:29.422 [info] Getting sessions for read:user,repo,user:email,workflow...
2024-10-17 13:34:29.423 [info] Got 1 sessions for read:user,repo,user:email,workflow...
2024-10-17 13:39:28.125 [info] Getting sessions for all scopes...
2024-10-17 13:39:28.125 [info] Got 1 sessions for ...
2024-10-17 13:39:28.129 [info] Getting sessions for read:user,repo,user:email,workflow...
2024-10-17 13:39:28.129 [info] Got 1 sessions for read:user,repo,user:email,workflow...
2024-10-17 13:39:31.794 [info] Getting sessions for all scopes...
2024-10-17 13:39:31.794 [info] Got 1 sessions for ...
2024-10-17 13:39:31.798 [info] Getting sessions for read:user,repo,user:email,workflow...
2024-10-17 13:39:31.798 [info] Got 1 sessions for read:user,repo,user:email,workflow...
2024-10-17 13:44:33.228 [info] Getting sessions for all scopes...
2024-10-17 13:44:33.228 [info] Got 1 sessions for ...
2024-10-17 13:44:33.232 [info] Getting sessions for read:user,repo,user:email,workflow...
2024-10-17 13:44:33.232 [info] Got 1 sessions for read:user,repo,user:email,workflow...
2024-10-17 13:44:33.237 [info] Getting sessions for all scopes...
2024-10-17 13:44:33.237 [info] Got 1 sessions for ...
2024-10-17 13:44:33.241 [info] Getting sessions for read:user,repo,user:email,workflow...
2024-10-17 13:44:33.242 [info] Got 1 sessions for read:user,repo,user:email,workflow...
2024-10-17 13:45:02.347 [info] Getting sessions for all scopes...
2024-10-17 13:45:02.347 [info] Got 1 sessions for ...
2024-10-17 13:45:02.351 [info] Getting sessions for read:user,repo,user:email,workflow...
2024-10-17 13:45:02.351 [info] Got 1 sessions for read:user,repo,user:email,workflow...
2024-10-17 13:45:03.452 [info] Getting sessions for all scopes...
2024-10-17 13:45:03.452 [info] Got 1 sessions for ...
2024-10-17 13:45:03.456 [info] Getting sessions for read:user,repo,user:email,workflow...
2024-10-17 13:45:03.456 [info] Got 1 sessions for read:user,repo,user:email,workflow...
2024-10-17 13:49:28.568 [info] Getting sessions for read:user,repo,user:email,workflow...
2024-10-17 13:49:28.568 [info] Got 1 sessions for read:user,repo,user:email,workflow...
2024-10-17 13:49:29.431 [info] Getting sessions for all scopes...
2024-10-17 13:49:29.431 [info] Got 1 sessions for ...
2024-10-17 13:49:29.435 [info] Getting sessions for read:user,repo,user:email,workflow...
2024-10-17 13:49:29.435 [info] Got 1 sessions for read:user,repo,user:email,workflow...
2024-10-17 13:49:31.748 [info] Getting sessions for all scopes...
2024-10-17 13:49:31.749 [info] Got 1 sessions for ...
2024-10-17 13:49:31.753 [info] Getting sessions for read:user,repo,user:email,workflow...
2024-10-17 13:49:31.753 [info] Got 1 sessions for read:user,repo,user:email,workflow...
2024-10-17 13:49:32.864 [info] Getting sessions for all scopes...
2024-10-17 13:49:32.864 [info] Got 1 sessions for ...
2024-10-17 13:49:32.866 [info] Getting sessions for all scopes...
2024-10-17 13:49:32.866 [info] Got 1 sessions for ...
2024-10-17 13:49:32.870 [info] Getting sessions for read:user,repo,user:email,workflow...
2024-10-17 13:49:32.870 [info] Got 1 sessions for read:user,repo,user:email,workflow...
2024-10-17 13:49:32.877 [info] Getting sessions for all scopes...
2024-10-17 13:49:32.877 [info] Got 1 sessions for ...
2024-10-17 13:49:32.882 [info] Getting sessions for read:user,repo,user:email,workflow...
2024-10-17 13:49:32.882 [info] Got 1 sessions for read:user,repo,user:email,workflow...
2024-10-17 13:49:32.911 [info] Getting sessions for all scopes...
2024-10-17 13:49:32.911 [info] Got 1 sessions for ...
2024-10-17 13:49:32.915 [info] Getting sessions for read:user,repo,user:email,workflow...
2024-10-17 13:49:32.915 [info] Got 1 sessions for read:user,repo,user:email,workflow...
2024-10-17 13:54:28.135 [info] Getting sessions for all scopes...
2024-10-17 13:54:28.136 [info] Got 1 sessions for ...
2024-10-17 13:54:28.140 [info] Getting sessions for read:user,repo,user:email,workflow...
2024-10-17 13:54:28.140 [info] Got 1 sessions for read:user,repo,user:email,workflow...
2024-10-17 13:54:31.802 [info] Getting sessions for all scopes...
2024-10-17 13:54:31.802 [info] Got 1 sessions for ...
2024-10-17 13:54:31.804 [info] Getting sessions for read:user,repo,user:email,workflow...
2024-10-17 13:54:31.804 [info] Got 1 sessions for read:user,repo,user:email,workflow...
2024-10-17 14:00:04.336 [info] Getting sessions for all scopes...
2024-10-17 14:00:04.336 [info] Got 1 sessions for ...
2024-10-17 14:00:04.340 [info] Getting sessions for read:user,repo,user:email,workflow...
2024-10-17 14:00:04.340 [info] Got 1 sessions for read:user,repo,user:email,workflow...
2024-10-17 14:00:04.345 [info] Getting sessions for all scopes...
2024-10-17 14:00:04.345 [info] Got 1 sessions for ...
2024-10-17 14:00:04.348 [info] Getting sessions for read:user,repo,user:email,workflow...
2024-10-17 14:00:04.348 [info] Got 1 sessions for read:user,repo,user:email,workflow...
2024-10-17 14:04:29.441 [info] Getting sessions for all scopes...
2024-10-17 14:04:29.441 [info] Got 1 sessions for ...
2024-10-17 14:04:29.445 [info] Getting sessions for read:user,repo,user:email,workflow...
2024-10-17 14:04:29.445 [info] Got 1 sessions for read:user,repo,user:email,workflow...
2024-10-17 14:04:32.924 [info] Getting sessions for all scopes...
2024-10-17 14:04:32.925 [info] Got 1 sessions for ...
2024-10-17 14:04:32.927 [info] Getting sessions for read:user,repo,user:email,workflow...
2024-10-17 14:04:32.927 [info] Got 1 sessions for read:user,repo,user:email,workflow...
2024-10-17 14:09:28.147 [info] Getting sessions for all scopes...
2024-10-17 14:09:28.147 [info] Got 1 sessions for ...
2024-10-17 14:09:28.151 [info] Getting sessions for read:user,repo,user:email,workflow...
2024-10-17 14:09:28.151 [info] Got 1 sessions for read:user,repo,user:email,workflow...
2024-10-17 14:09:31.809 [info] Getting sessions for all scopes...
2024-10-17 14:09:31.809 [info] Got 1 sessions for ...
2024-10-17 14:09:31.813 [info] Getting sessions for read:user,repo,user:email,workflow...
2024-10-17 14:09:31.814 [info] Got 1 sessions for read:user,repo,user:email,workflow...
2024-10-17 14:14:29.171 [info] Getting sessions for read:user,repo,user:email,workflow...
2024-10-17 14:14:29.171 [info] Got 1 sessions for read:user,repo,user:email,workflow...
2024-10-17 14:14:32.862 [info] Getting sessions for all scopes...
2024-10-17 14:14:32.862 [info] Got 1 sessions for ...
2024-10-17 14:14:32.866 [info] Getting sessions for read:user,repo,user:email,workflow...
2024-10-17 14:14:32.866 [info] Got 1 sessions for read:user,repo,user:email,workflow...
2024-10-17 14:14:34.151 [info] Getting sessions for all scopes...
2024-10-17 14:14:34.151 [info] Got 1 sessions for ...
2024-10-17 14:14:34.151 [info] Getting sessions for all scopes...
2024-10-17 14:14:34.151 [info] Got 1 sessions for ...
2024-10-17 14:14:34.155 [info] Getting sessions for read:user,repo,user:email,workflow...
2024-10-17 14:14:34.155 [info] Got 1 sessions for read:user,repo,user:email,workflow...
2024-10-17 14:14:34.159 [info] Getting sessions for all scopes...
2024-10-17 14:14:34.160 [info] Got 1 sessions for ...
2024-10-17 14:14:34.163 [info] Getting sessions for read:user,repo,user:email,workflow...
2024-10-17 14:14:34.163 [info] Got 1 sessions for read:user,repo,user:email,workflow...
2024-10-17 14:14:34.182 [info] Getting sessions for all scopes...
2024-10-17 14:14:34.182 [info] Got 1 sessions for ...
2024-10-17 14:14:34.185 [info] Getting sessions for read:user,repo,user:email,workflow...
2024-10-17 14:14:34.185 [info] Got 1 sessions for read:user,repo,user:email,workflow...
2024-10-17 14:14:34.196 [info] Getting sessions for all scopes...
2024-10-17 14:14:34.197 [info] Got 1 sessions for ...
2024-10-17 14:14:34.200 [info] Getting sessions for read:user,repo,user:email,workflow...
2024-10-17 14:14:34.200 [info] Got 1 sessions for read:user,repo,user:email,workflow...
2024-10-17 14:15:05.252 [info] Getting sessions for all scopes...
2024-10-17 14:15:05.253 [info] Got 1 sessions for ...
2024-10-17 14:15:05.257 [info] Getting sessions for read:user,repo,user:email,workflow...
2024-10-17 14:15:05.257 [info] Got 1 sessions for read:user,repo,user:email,workflow...
2024-10-17 14:19:29.451 [info] Getting sessions for all scopes...
2024-10-17 14:19:29.451 [info] Got 1 sessions for ...
2024-10-17 14:19:29.455 [info] Getting sessions for read:user,repo,user:email,workflow...
2024-10-17 14:19:29.455 [info] Got 1 sessions for read:user,repo,user:email,workflow...
2024-10-17 14:19:32.932 [info] Getting sessions for all scopes...
2024-10-17 14:19:32.933 [info] Got 1 sessions for ...
2024-10-17 14:19:32.936 [info] Getting sessions for read:user,repo,user:email,workflow...
2024-10-17 14:19:32.936 [info] Got 1 sessions for read:user,repo,user:email,workflow...
2024-10-17 14:24:28.157 [info] Getting sessions for all scopes...
2024-10-17 14:24:28.157 [info] Got 1 sessions for ...
2024-10-17 14:24:28.161 [info] Getting sessions for read:user,repo,user:email,workflow...
2024-10-17 14:24:28.161 [info] Got 1 sessions for read:user,repo,user:email,workflow...
2024-10-17 14:24:31.821 [info] Getting sessions for all scopes...
2024-10-17 14:24:31.821 [info] Got 1 sessions for ...
2024-10-17 14:24:31.825 [info] Getting sessions for read:user,repo,user:email,workflow...
2024-10-17 14:24:31.825 [info] Got 1 sessions for read:user,repo,user:email,workflow...
2024-10-17 14:29:34.445 [info] Getting sessions for all scopes...
2024-10-17 14:29:34.446 [info] Got 1 sessions for ...
2024-10-17 14:29:34.449 [info] Getting sessions for read:user,repo,user:email,workflow...
2024-10-17 14:29:34.449 [info] Got 1 sessions for read:user,repo,user:email,workflow...
2024-10-17 14:29:34.454 [info] Getting sessions for all scopes...
2024-10-17 14:29:34.454 [info] Got 1 sessions for ...
2024-10-17 14:29:34.457 [info] Getting sessions for read:user,repo,user:email,workflow...
2024-10-17 14:29:34.457 [info] Got 1 sessions for read:user,repo,user:email,workflow...
2024-10-17 14:29:34.471 [info] Getting sessions for all scopes...
2024-10-17 14:29:34.471 [info] Got 1 sessions for ...
2024-10-17 14:29:34.474 [info] Getting sessions for read:user,repo,user:email,workflow...
2024-10-17 14:29:34.474 [info] Got 1 sessions for read:user,repo,user:email,workflow...
2024-10-17 14:30:05.269 [info] Getting sessions for all scopes...
2024-10-17 14:30:05.269 [info] Got 1 sessions for ...
2024-10-17 14:30:05.273 [info] Getting sessions for read:user,repo,user:email,workflow...
2024-10-17 14:30:05.273 [info] Got 1 sessions for read:user,repo,user:email,workflow...
2024-10-17 14:30:05.277 [info] Getting sessions for all scopes...
2024-10-17 14:30:05.278 [info] Got 1 sessions for ...
2024-10-17 14:30:05.281 [info] Getting sessions for read:user,repo,user:email,workflow...
2024-10-17 14:30:05.281 [info] Got 1 sessions for read:user,repo,user:email,workflow...
2024-10-17 14:30:05.294 [info] Getting sessions for all scopes...
2024-10-17 14:30:05.294 [info] Got 1 sessions for ...
2024-10-17 14:30:05.297 [info] Getting sessions for read:user,repo,user:email,workflow...
2024-10-17 14:30:05.297 [info] Got 1 sessions for read:user,repo,user:email,workflow...
2024-10-17 14:34:29.461 [info] Getting sessions for all scopes...
2024-10-17 14:34:29.461 [info] Got 1 sessions for ...
2024-10-17 14:34:29.465 [info] Getting sessions for read:user,repo,user:email,workflow...
2024-10-17 14:34:29.465 [info] Got 1 sessions for read:user,repo,user:email,workflow...
2024-10-17 14:34:29.470 [info] Getting sessions for all scopes...
2024-10-17 14:34:29.470 [info] Got 1 sessions for ...
2024-10-17 14:34:29.473 [info] Getting sessions for read:user,repo,user:email,workflow...
2024-10-17 14:34:29.474 [info] Got 1 sessions for read:user,repo,user:email,workflow...
2024-10-17 14:34:32.943 [info] Getting sessions for all scopes...
2024-10-17 14:34:32.943 [info] Got 1 sessions for ...
2024-10-17 14:34:32.947 [info] Getting sessions for read:user,repo,user:email,workflow...
2024-10-17 14:34:32.947 [info] Got 1 sessions for read:user,repo,user:email,workflow...
2024-10-17 14:41:14.285 [info] Getting sessions for all scopes...
2024-10-17 14:41:14.285 [info] Got 1 sessions for ...
2024-10-17 14:41:14.289 [info] Getting sessions for read:user,repo,user:email,workflow...
2024-10-17 14:41:14.289 [info] Got 1 sessions for read:user,repo,user:email,workflow...
2024-10-17 14:41:14.293 [info] Getting sessions for all scopes...
2024-10-17 14:41:14.293 [info] Got 1 sessions for ...
2024-10-17 14:41:14.297 [info] Getting sessions for read:user,repo,user:email,workflow...
2024-10-17 14:41:14.297 [info] Got 1 sessions for read:user,repo,user:email,workflow...
2024-10-17 14:41:15.972 [info] Getting sessions for all scopes...
2024-10-17 14:41:15.972 [info] Got 1 sessions for ...
2024-10-17 14:41:15.973 [info] Getting sessions for all scopes...
2024-10-17 14:41:15.973 [info] Got 1 sessions for ...
2024-10-17 14:41:15.976 [info] Getting sessions for read:user,repo,user:email,workflow...
2024-10-17 14:41:15.976 [info] Got 1 sessions for read:user,repo,user:email,workflow...
2024-10-17 14:41:15.981 [info] Getting sessions for all scopes...
2024-10-17 14:41:15.982 [info] Got 1 sessions for ...
2024-10-17 14:41:15.985 [info] Getting sessions for read:user,repo,user:email,workflow...
2024-10-17 14:41:15.986 [info] Got 1 sessions for read:user,repo,user:email,workflow...
2024-10-17 14:41:15.991 [info] Getting sessions for all scopes...
2024-10-17 14:41:15.991 [info] Got 1 sessions for ...
2024-10-17 14:41:15.994 [info] Getting sessions for read:user,repo,user:email,workflow...
2024-10-17 14:41:15.994 [info] Got 1 sessions for read:user,repo,user:email,workflow...
2024-10-17 14:41:16.042 [info] Getting sessions for read:user,repo,user:email,workflow...
2024-10-17 14:41:16.042 [info] Got 1 sessions for read:user,repo,user:email,workflow...
2024-10-17 14:41:17.949 [info] Getting sessions for all scopes...
2024-10-17 14:41:17.950 [info] Got 1 sessions for ...
2024-10-17 14:41:17.953 [info] Getting sessions for read:user,repo,user:email,workflow...
2024-10-17 14:41:17.953 [info] Got 1 sessions for read:user,repo,user:email,workflow...
2024-10-17 14:46:20.603 [info] Getting sessions for all scopes...
2024-10-17 14:46:20.603 [info] Got 1 sessions for ...
2024-10-17 14:46:20.604 [info] Getting sessions for read:user,repo,user:email,workflow...
2024-10-17 14:46:20.604 [info] Got 1 sessions for read:user,repo,user:email,workflow...
2024-10-17 14:46:20.605 [info] Getting sessions for all scopes...
2024-10-17 14:46:20.605 [info] Got 1 sessions for ...
2024-10-17 14:46:20.605 [info] Getting sessions for read:user,repo,user:email,workflow...
2024-10-17 14:46:20.605 [info] Got 1 sessions for read:user,repo,user:email,workflow...
2024-10-17 14:46:51.430 [info] Getting sessions for all scopes...
2024-10-17 14:46:51.430 [info] Got 1 sessions for ...
2024-10-17 14:46:51.434 [info] Getting sessions for read:user,repo,user:email,workflow...
2024-10-17 14:46:51.434 [info] Got 1 sessions for read:user,repo,user:email,workflow...
2024-10-17 14:51:15.832 [info] Getting sessions for all scopes...
2024-10-17 14:51:15.832 [info] Got 1 sessions for ...
2024-10-17 14:51:15.834 [info] Getting sessions for read:user,repo,user:email,workflow...
2024-10-17 14:51:15.834 [info] Got 1 sessions for read:user,repo,user:email,workflow...
2024-10-17 14:51:19.072 [info] Getting sessions for all scopes...
2024-10-17 14:51:19.072 [info] Got 1 sessions for ...
2024-10-17 14:51:19.076 [info] Getting sessions for read:user,repo,user:email,workflow...
2024-10-17 14:51:19.076 [info] Got 1 sessions for read:user,repo,user:email,workflow...
2024-10-17 14:56:15.971 [info] Getting sessions for all scopes...
2024-10-17 14:56:15.971 [info] Got 1 sessions for ...
2024-10-17 14:56:15.975 [info] Getting sessions for read:user,repo,user:email,workflow...
2024-10-17 14:56:15.975 [info] Got 1 sessions for read:user,repo,user:email,workflow...
2024-10-17 14:56:16.004 [info] Getting sessions for all scopes...
2024-10-17 14:56:16.004 [info] Got 1 sessions for ...
2024-10-17 14:56:16.007 [info] Getting sessions for read:user,repo,user:email,workflow...
2024-10-17 14:56:16.007 [info] Got 1 sessions for read:user,repo,user:email,workflow...
2024-10-17 14:56:17.959 [info] Getting sessions for all scopes...
2024-10-17 14:56:17.959 [info] Got 1 sessions for ...
2024-10-17 14:56:17.962 [info] Getting sessions for read:user,repo,user:email,workflow...
2024-10-17 14:56:17.962 [info] Got 1 sessions for read:user,repo,user:email,workflow...
2024-10-17 15:01:21.526 [info] Getting sessions for all scopes...
2024-10-17 15:01:21.526 [info] Got 1 sessions for ...
2024-10-17 15:01:21.531 [info] Getting sessions for read:user,repo,user:email,workflow...
2024-10-17 15:01:21.534 [info] Got 1 sessions for read:user,repo,user:email,workflow...
2024-10-17 15:01:21.539 [info] Getting sessions for all scopes...
2024-10-17 15:01:21.539 [info] Got 1 sessions for ...
2024-10-17 15:01:21.543 [info] Getting sessions for read:user,repo,user:email,workflow...
2024-10-17 15:01:21.543 [info] Got 1 sessions for read:user,repo,user:email,workflow...
2024-10-17 15:01:51.449 [info] Getting sessions for all scopes...
2024-10-17 15:01:51.450 [info] Got 1 sessions for ...
2024-10-17 15:01:51.453 [info] Getting sessions for read:user,repo,user:email,workflow...
2024-10-17 15:01:51.453 [info] Got 1 sessions for read:user,repo,user:email,workflow...
2024-10-17 15:01:51.831 [info] Getting sessions for all scopes...
2024-10-17 15:01:51.831 [info] Got 1 sessions for ...
2024-10-17 15:01:51.834 [info] Getting sessions for read:user,repo,user:email,workflow...
2024-10-17 15:01:51.835 [info] Got 1 sessions for read:user,repo,user:email,workflow...
2024-10-17 15:06:15.836 [info] Getting sessions for all scopes...
2024-10-17 15:06:15.836 [info] Got 1 sessions for ...
2024-10-17 15:06:15.837 [info] Getting sessions for read:user,repo,user:email,workflow...
2024-10-17 15:06:15.837 [info] Got 1 sessions for read:user,repo,user:email,workflow...
2024-10-17 15:06:15.959 [info] Getting sessions for all scopes...
2024-10-17 15:06:15.959 [info] Got 1 sessions for ...
2024-10-17 15:06:15.960 [info] Getting sessions for read:user,repo,user:email,workflow...
2024-10-17 15:06:15.960 [info] Got 1 sessions for read:user,repo,user:email,workflow...
2024-10-17 15:06:16.528 [info] Getting sessions for read:user,repo,user:email,workflow...
2024-10-17 15:06:16.528 [info] Got 1 sessions for read:user,repo,user:email,workflow...
2024-10-17 15:06:17.539 [info] Getting sessions for all scopes...
2024-10-17 15:06:17.539 [info] Got 1 sessions for ...
2024-10-17 15:06:17.539 [info] Getting sessions for all scopes...
2024-10-17 15:06:17.539 [info] Got 1 sessions for ...
2024-10-17 15:06:17.540 [info] Getting sessions for read:user,repo,user:email,workflow...
2024-10-17 15:06:17.540 [info] Got 1 sessions for read:user,repo,user:email,workflow...
2024-10-17 15:06:17.541 [info] Getting sessions for all scopes...
2024-10-17 15:06:17.541 [info] Got 1 sessions for ...
2024-10-17 15:06:17.541 [info] Getting sessions for read:user,repo,user:email,workflow...
2024-10-17 15:06:17.541 [info] Got 1 sessions for read:user,repo,user:email,workflow...
2024-10-17 15:06:17.545 [info] Getting sessions for all scopes...
2024-10-17 15:06:17.545 [info] Got 1 sessions for ...
2024-10-17 15:06:17.546 [info] Getting sessions for read:user,repo,user:email,workflow...
2024-10-17 15:06:17.546 [info] Got 1 sessions for read:user,repo,user:email,workflow...
2024-10-17 15:06:19.082 [info] Getting sessions for all scopes...
2024-10-17 15:06:19.082 [info] Got 1 sessions for ...
2024-10-17 15:06:19.086 [info] Getting sessions for read:user,repo,user:email,workflow...
2024-10-17 15:06:19.086 [info] Got 1 sessions for read:user,repo,user:email,workflow...
2024-10-17 15:11:15.978 [info] Getting sessions for all scopes...
2024-10-17 15:11:15.978 [info] Got 1 sessions for ...
2024-10-17 15:11:15.979 [info] Getting sessions for read:user,repo,user:email,workflow...
2024-10-17 15:11:15.979 [info] Got 1 sessions for read:user,repo,user:email,workflow...
2024-10-17 15:11:16.011 [info] Getting sessions for all scopes...
2024-10-17 15:11:16.011 [info] Got 1 sessions for ...
2024-10-17 15:11:16.012 [info] Getting sessions for read:user,repo,user:email,workflow...
2024-10-17 15:11:16.012 [info] Got 1 sessions for read:user,repo,user:email,workflow...
2024-10-17 15:11:17.967 [info] Getting sessions for all scopes...
2024-10-17 15:11:17.967 [info] Got 1 sessions for ...
2024-10-17 15:11:17.969 [info] Getting sessions for read:user,repo,user:email,workflow...
2024-10-17 15:11:17.969 [info] Got 1 sessions for read:user,repo,user:email,workflow...
2024-10-17 15:16:52.536 [info] Getting sessions for all scopes...
2024-10-17 15:16:52.537 [info] Got 1 sessions for ...
2024-10-17 15:16:52.540 [info] Getting sessions for read:user,repo,user:email,workflow...
2024-10-17 15:16:52.540 [info] Got 1 sessions for read:user,repo,user:email,workflow...
2024-10-17 15:16:52.545 [info] Getting sessions for all scopes...
2024-10-17 15:16:52.545 [info] Got 1 sessions for ...
2024-10-17 15:16:52.547 [info] Getting sessions for read:user,repo,user:email,workflow...
2024-10-17 15:16:52.547 [info] Got 1 sessions for read:user,repo,user:email,workflow...
2024-10-17 15:21:15.842 [info] Getting sessions for all scopes...
2024-10-17 15:21:15.842 [info] Got 1 sessions for ...
2024-10-17 15:21:15.846 [info] Getting sessions for read:user,repo,user:email,workflow...
2024-10-17 15:21:15.846 [info] Got 1 sessions for read:user,repo,user:email,workflow...
2024-10-17 15:21:17.551 [info] Getting sessions for all scopes...
2024-10-17 15:21:17.551 [info] Got 1 sessions for ...
2024-10-17 15:21:17.553 [info] Getting sessions for read:user,repo,user:email,workflow...
2024-10-17 15:21:17.553 [info] Got 1 sessions for read:user,repo,user:email,workflow...
2024-10-17 15:21:19.091 [info] Getting sessions for all scopes...
2024-10-17 15:21:19.091 [info] Got 1 sessions for ...
2024-10-17 15:21:19.094 [info] Getting sessions for read:user,repo,user:email,workflow...
2024-10-17 15:21:19.094 [info] Got 1 sessions for read:user,repo,user:email,workflow...
2024-10-17 15:26:15.983 [info] Getting sessions for all scopes...
2024-10-17 15:26:15.984 [info] Got 1 sessions for ...
2024-10-17 15:26:15.987 [info] Getting sessions for read:user,repo,user:email,workflow...
2024-10-17 15:26:15.987 [info] Got 1 sessions for read:user,repo,user:email,workflow...
2024-10-17 15:26:16.016 [info] Getting sessions for all scopes...
2024-10-17 15:26:16.016 [info] Got 1 sessions for ...
2024-10-17 15:26:16.019 [info] Getting sessions for read:user,repo,user:email,workflow...
2024-10-17 15:26:16.019 [info] Got 1 sessions for read:user,repo,user:email,workflow...
2024-10-17 15:26:17.975 [info] Getting sessions for all scopes...
2024-10-17 15:26:17.975 [info] Got 1 sessions for ...
2024-10-17 15:26:17.979 [info] Getting sessions for read:user,repo,user:email,workflow...
2024-10-17 15:26:17.979 [info] Got 1 sessions for read:user,repo,user:email,workflow...
2024-10-17 15:31:17.068 [info] Getting sessions for read:user,repo,user:email,workflow...
2024-10-17 15:31:17.068 [info] Got 1 sessions for read:user,repo,user:email,workflow...
2024-10-17 15:31:17.541 [info] Getting sessions for all scopes...
2024-10-17 15:31:17.541 [info] Got 1 sessions for ...
2024-10-17 15:31:17.545 [info] Getting sessions for read:user,repo,user:email,workflow...
2024-10-17 15:31:17.545 [info] Got 1 sessions for read:user,repo,user:email,workflow...
2024-10-17 15:31:52.304 [info] Getting sessions for all scopes...
2024-10-17 15:31:52.304 [info] Got 1 sessions for ...
2024-10-17 15:31:52.304 [info] Getting sessions for all scopes...
2024-10-17 15:31:52.304 [info] Got 1 sessions for ...
2024-10-17 15:31:52.305 [info] Getting sessions for read:user,repo,user:email,workflow...
2024-10-17 15:31:52.305 [info] Got 1 sessions for read:user,repo,user:email,workflow...
2024-10-17 15:31:52.306 [info] Getting sessions for all scopes...
2024-10-17 15:31:52.306 [info] Got 1 sessions for ...
2024-10-17 15:31:52.307 [info] Getting sessions for read:user,repo,user:email,workflow...
2024-10-17 15:31:52.307 [info] Got 1 sessions for read:user,repo,user:email,workflow...
2024-10-17 15:31:52.311 [info] Getting sessions for all scopes...
2024-10-17 15:31:52.311 [info] Got 1 sessions for ...
2024-10-17 15:31:52.312 [info] Getting sessions for read:user,repo,user:email,workflow...
2024-10-17 15:31:52.312 [info] Got 1 sessions for read:user,repo,user:email,workflow...
2024-10-17 15:31:52.315 [info] Getting sessions for all scopes...
2024-10-17 15:31:52.315 [info] Got 1 sessions for ...
2024-10-17 15:31:52.316 [info] Getting sessions for read:user,repo,user:email,workflow...
2024-10-17 15:31:52.316 [info] Got 1 sessions for read:user,repo,user:email,workflow...
2024-10-17 15:31:53.638 [info] Getting sessions for all scopes...
2024-10-17 15:31:53.638 [info] Got 1 sessions for ...
2024-10-17 15:31:53.642 [info] Getting sessions for read:user,repo,user:email,workflow...
2024-10-17 15:31:53.642 [info] Got 1 sessions for read:user,repo,user:email,workflow...
2024-10-17 15:36:15.852 [info] Getting sessions for all scopes...
2024-10-17 15:36:15.852 [info] Got 1 sessions for ...
2024-10-17 15:36:15.856 [info] Getting sessions for read:user,repo,user:email,workflow...
2024-10-17 15:36:15.856 [info] Got 1 sessions for read:user,repo,user:email,workflow...
2024-10-17 15:36:17.557 [info] Getting sessions for all scopes...
2024-10-17 15:36:17.557 [info] Got 1 sessions for ...
2024-10-17 15:36:17.558 [info] Getting sessions for read:user,repo,user:email,workflow...
2024-10-17 15:36:17.558 [info] Got 1 sessions for read:user,repo,user:email,workflow...
2024-10-17 15:36:19.100 [info] Getting sessions for all scopes...
2024-10-17 15:36:19.100 [info] Got 1 sessions for ...
2024-10-17 15:36:19.103 [info] Getting sessions for read:user,repo,user:email,workflow...
2024-10-17 15:36:19.103 [info] Got 1 sessions for read:user,repo,user:email,workflow...
2024-10-17 15:41:15.990 [info] Getting sessions for all scopes...
2024-10-17 15:41:15.990 [info] Got 1 sessions for ...
2024-10-17 15:41:15.991 [info] Getting sessions for read:user,repo,user:email,workflow...
2024-10-17 15:41:15.991 [info] Got 1 sessions for read:user,repo,user:email,workflow...
2024-10-17 15:41:16.023 [info] Getting sessions for all scopes...
2024-10-17 15:41:16.023 [info] Got 1 sessions for ...
2024-10-17 15:41:16.025 [info] Getting sessions for read:user,repo,user:email,workflow...
2024-10-17 15:41:16.025 [info] Got 1 sessions for read:user,repo,user:email,workflow...
2024-10-17 15:41:17.984 [info] Getting sessions for all scopes...
2024-10-17 15:41:17.984 [info] Got 1 sessions for ...
2024-10-17 15:41:17.987 [info] Getting sessions for read:user,repo,user:email,workflow...
2024-10-17 15:41:17.987 [info] Got 1 sessions for read:user,repo,user:email,workflow...
2024-10-18 00:14:21.246 [info] Getting sessions for all scopes...
2024-10-18 00:14:21.246 [info] Got 1 sessions for ...
2024-10-18 00:14:21.250 [info] Getting sessions for read:user,repo,user:email,workflow...
2024-10-18 00:14:21.250 [info] Got 1 sessions for read:user,repo,user:email,workflow...
2024-10-18 00:14:21.254 [info] Getting sessions for all scopes...
2024-10-18 00:14:21.254 [info] Got 1 sessions for ...
2024-10-18 00:14:21.258 [info] Getting sessions for read:user,repo,user:email,workflow...
2024-10-18 00:14:21.258 [info] Got 1 sessions for read:user,repo,user:email,workflow...
2024-10-18 00:14:22.393 [info] Getting sessions for all scopes...
2024-10-18 00:14:22.393 [info] Got 1 sessions for ...
2024-10-18 00:14:22.393 [info] Getting sessions for all scopes...
2024-10-18 00:14:22.393 [info] Got 1 sessions for ...
2024-10-18 00:14:22.396 [info] Getting sessions for read:user,repo,user:email,workflow...
2024-10-18 00:14:22.396 [info] Got 1 sessions for read:user,repo,user:email,workflow...
2024-10-18 00:14:22.401 [info] Getting sessions for all scopes...
2024-10-18 00:14:22.401 [info] Got 1 sessions for ...
2024-10-18 00:14:22.406 [info] Getting sessions for read:user,repo,user:email,workflow...
2024-10-18 00:14:22.406 [info] Got 1 sessions for read:user,repo,user:email,workflow...
2024-10-18 00:14:22.439 [info] Getting sessions for all scopes...
2024-10-18 00:14:22.439 [info] Got 1 sessions for ...
2024-10-18 00:14:22.441 [info] Getting sessions for read:user,repo,user:email,workflow...
2024-10-18 00:14:22.441 [info] Got 1 sessions for read:user,repo,user:email,workflow...
2024-10-18 00:18:39.439 [info] Getting sessions for all scopes...
2024-10-18 00:18:39.440 [info] Got 1 sessions for ...
2024-10-18 00:18:39.443 [info] Getting sessions for read:user,repo,user:email,workflow...
2024-10-18 00:18:39.443 [info] Got 1 sessions for read:user,repo,user:email,workflow...
2024-10-18 00:18:41.140 [info] Getting sessions for all scopes...
2024-10-18 00:18:41.140 [info] Got 1 sessions for ...
2024-10-18 00:18:41.143 [info] Getting sessions for read:user,repo,user:email,workflow...
2024-10-18 00:18:41.143 [info] Got 1 sessions for read:user,repo,user:email,workflow...
2024-10-18 00:18:42.685 [info] Getting sessions for all scopes...
2024-10-18 00:18:42.685 [info] Got 1 sessions for ...
2024-10-18 00:18:42.688 [info] Getting sessions for read:user,repo,user:email,workflow...
2024-10-18 00:18:42.688 [info] Got 1 sessions for read:user,repo,user:email,workflow...
2024-10-18 00:23:39.574 [info] Getting sessions for all scopes...
2024-10-18 00:23:39.574 [info] Got 1 sessions for ...
2024-10-18 00:23:39.576 [info] Getting sessions for read:user,repo,user:email,workflow...
2024-10-18 00:23:39.576 [info] Got 1 sessions for read:user,repo,user:email,workflow...
2024-10-18 00:23:39.604 [info] Getting sessions for all scopes...
2024-10-18 00:23:39.604 [info] Got 1 sessions for ...
2024-10-18 00:23:39.605 [info] Getting sessions for read:user,repo,user:email,workflow...
2024-10-18 00:23:39.605 [info] Got 1 sessions for read:user,repo,user:email,workflow...
2024-10-18 00:23:41.568 [info] Getting sessions for all scopes...
2024-10-18 00:23:41.568 [info] Got 1 sessions for ...
2024-10-18 00:23:41.570 [info] Getting sessions for read:user,repo,user:email,workflow...
2024-10-18 00:23:41.570 [info] Got 1 sessions for read:user,repo,user:email,workflow...
2024-10-18 00:24:14.942 [info] Getting sessions for read:user,repo,user:email,workflow...
2024-10-18 00:24:14.943 [info] Got 1 sessions for read:user,repo,user:email,workflow...
2024-10-18 00:29:24.011 [info] Getting sessions for all scopes...
2024-10-18 00:29:24.011 [info] Got 1 sessions for ...
2024-10-18 00:29:24.015 [info] Getting sessions for read:user,repo,user:email,workflow...
2024-10-18 00:29:24.015 [info] Got 1 sessions for read:user,repo,user:email,workflow...
2024-10-18 00:29:24.020 [info] Getting sessions for all scopes...
2024-10-18 00:29:24.020 [info] Got 1 sessions for ...
2024-10-18 00:29:24.023 [info] Getting sessions for read:user,repo,user:email,workflow...
2024-10-18 00:29:24.023 [info] Got 1 sessions for read:user,repo,user:email,workflow...
2024-10-18 00:33:39.449 [info] Getting sessions for all scopes...
2024-10-18 00:33:39.449 [info] Got 1 sessions for ...
2024-10-18 00:33:39.453 [info] Getting sessions for read:user,repo,user:email,workflow...
2024-10-18 00:33:39.454 [info] Got 1 sessions for read:user,repo,user:email,workflow...
2024-10-18 00:33:41.159 [info] Getting sessions for all scopes...
2024-10-18 00:33:41.159 [info] Got 1 sessions for ...
2024-10-18 00:33:41.160 [info] Getting sessions for read:user,repo,user:email,workflow...
2024-10-18 00:33:41.160 [info] Got 1 sessions for read:user,repo,user:email,workflow...
2024-10-18 00:33:42.693 [info] Getting sessions for all scopes...
2024-10-18 00:33:42.693 [info] Got 1 sessions for ...
2024-10-18 00:33:42.695 [info] Getting sessions for read:user,repo,user:email,workflow...
2024-10-18 00:33:42.695 [info] Got 1 sessions for read:user,repo,user:email,workflow...
2024-10-18 00:38:39.597 [info] Getting sessions for all scopes...
2024-10-18 00:38:39.597 [info] Got 1 sessions for ...
2024-10-18 00:38:39.599 [info] Getting sessions for read:user,repo,user:email,workflow...
2024-10-18 00:38:39.599 [info] Got 1 sessions for read:user,repo,user:email,workflow...
2024-10-18 00:38:39.608 [info] Getting sessions for all scopes...
2024-10-18 00:38:39.609 [info] Got 1 sessions for ...
2024-10-18 00:38:39.610 [info] Getting sessions for read:user,repo,user:email,workflow...
2024-10-18 00:38:39.610 [info] Got 1 sessions for read:user,repo,user:email,workflow...
2024-10-18 00:38:41.575 [info] Getting sessions for all scopes...
2024-10-18 00:38:41.575 [info] Got 1 sessions for ...
2024-10-18 00:38:41.579 [info] Getting sessions for read:user,repo,user:email,workflow...
2024-10-18 00:38:41.579 [info] Got 1 sessions for read:user,repo,user:email,workflow...
2024-10-18 00:39:23.250 [info] Getting sessions for all scopes...
2024-10-18 00:39:23.250 [info] Got 1 sessions for ...
2024-10-18 00:39:23.252 [info] Getting sessions for read:user,repo,user:email,workflow...
2024-10-18 00:39:23.252 [info] Got 1 sessions for read:user,repo,user:email,workflow...
2024-10-18 00:39:24.177 [info] Getting sessions for all scopes...
2024-10-18 00:39:24.177 [info] Got 1 sessions for ...
2024-10-18 00:39:24.177 [info] Getting sessions for all scopes...
2024-10-18 00:39:24.177 [info] Got 1 sessions for ...
2024-10-18 00:39:24.178 [info] Getting sessions for read:user,repo,user:email,workflow...
2024-10-18 00:39:24.178 [info] Got 1 sessions for read:user,repo,user:email,workflow...
2024-10-18 00:39:24.180 [info] Getting sessions for all scopes...
2024-10-18 00:39:24.180 [info] Got 1 sessions for ...
2024-10-18 00:39:24.181 [info] Getting sessions for read:user,repo,user:email,workflow...
2024-10-18 00:39:24.181 [info] Got 1 sessions for read:user,repo,user:email,workflow...
2024-10-18 00:39:24.184 [info] Getting sessions for all scopes...
2024-10-18 00:39:24.184 [info] Got 1 sessions for ...
2024-10-18 00:39:24.185 [info] Getting sessions for read:user,repo,user:email,workflow...
2024-10-18 00:39:24.185 [info] Got 1 sessions for read:user,repo,user:email,workflow...
2024-10-18 00:44:24.546 [info] Getting sessions for all scopes...
2024-10-18 00:44:24.546 [info] Got 1 sessions for ...
2024-10-18 00:44:24.547 [info] Getting sessions for read:user,repo,user:email,workflow...
2024-10-18 00:44:24.547 [info] Got 1 sessions for read:user,repo,user:email,workflow...
2024-10-18 00:44:24.549 [info] Getting sessions for all scopes...
2024-10-18 00:44:24.549 [info] Got 1 sessions for ...
2024-10-18 00:44:24.550 [info] Getting sessions for read:user,repo,user:email,workflow...
2024-10-18 00:44:24.550 [info] Got 1 sessions for read:user,repo,user:email,workflow...
2024-10-18 00:48:39.456 [info] Getting sessions for all scopes...
2024-10-18 00:48:39.456 [info] Got 1 sessions for ...
2024-10-18 00:48:39.458 [info] Getting sessions for read:user,repo,user:email,workflow...
2024-10-18 00:48:39.458 [info] Got 1 sessions for read:user,repo,user:email,workflow...
2024-10-18 00:48:41.162 [info] Getting sessions for all scopes...
2024-10-18 00:48:41.162 [info] Got 1 sessions for ...
2024-10-18 00:48:41.163 [info] Getting sessions for read:user,repo,user:email,workflow...
2024-10-18 00:48:41.163 [info] Got 1 sessions for read:user,repo,user:email,workflow...
2024-10-18 00:48:42.699 [info] Getting sessions for all scopes...
2024-10-18 00:48:42.699 [info] Got 1 sessions for ...
2024-10-18 00:48:42.701 [info] Getting sessions for read:user,repo,user:email,workflow...
2024-10-18 00:48:42.701 [info] Got 1 sessions for read:user,repo,user:email,workflow...
2024-10-18 00:49:15.406 [info] Getting sessions for read:user,repo,user:email,workflow...
2024-10-18 00:49:15.406 [info] Got 1 sessions for read:user,repo,user:email,workflow...
2024-10-18 00:53:39.603 [info] Getting sessions for all scopes...
2024-10-18 00:53:39.603 [info] Got 1 sessions for ...
2024-10-18 00:53:39.637 [info] Getting sessions for read:user,repo,user:email,workflow...
2024-10-18 00:53:39.637 [info] Got 1 sessions for read:user,repo,user:email,workflow...
2024-10-18 00:53:41.586 [info] Getting sessions for all scopes...
2024-10-18 00:53:41.586 [info] Got 1 sessions for ...
2024-10-18 00:53:41.589 [info] Getting sessions for read:user,repo,user:email,workflow...
2024-10-18 00:53:41.589 [info] Got 1 sessions for read:user,repo,user:email,workflow...
2024-10-18 00:54:24.189 [info] Getting sessions for all scopes...
2024-10-18 00:54:24.189 [info] Got 1 sessions for ...
2024-10-18 00:54:24.190 [info] Getting sessions for read:user,repo,user:email,workflow...
2024-10-18 00:54:24.190 [info] Got 1 sessions for read:user,repo,user:email,workflow...
