2024-10-17 13:07:59.303 [info] Reading sessions from keychain...
2024-10-17 13:07:59.303 [info] Getting sessions for all scopes...
2024-10-17 13:07:59.303 [info] Getting sessions for all scopes...
2024-10-17 13:07:59.303 [info] Got stored sessions!
2024-10-17 13:07:59.303 [info] Got 1 verified sessions.
2024-10-17 13:07:59.303 [info] Got 1 sessions for ...
2024-10-17 13:07:59.303 [info] Got 1 sessions for ...
2024-10-17 13:07:59.303 [info] Getting sessions for read:user,repo,user:email,workflow...
2024-10-17 13:07:59.303 [info] Got 1 sessions for read:user,repo,user:email,workflow...
2024-10-17 13:07:59.303 [info] Getting sessions for all scopes...
2024-10-17 13:07:59.303 [info] Got 1 sessions for ...
2024-10-17 13:07:59.303 [info] Getting sessions for all scopes...
2024-10-17 13:07:59.303 [info] Got 1 sessions for ...
2024-10-17 13:07:59.303 [info] Getting sessions for project,read:org,read:user,repo,user:email,workflow...
2024-10-17 13:07:59.303 [info] Got 0 sessions for project,read:org,read:user,repo,user:email,workflow...
2024-10-17 13:07:59.303 [info] Getting sessions for read:user,repo,user:email,workflow...
2024-10-17 13:07:59.303 [info] Got 1 sessions for read:user,repo,user:email,workflow...
2024-10-17 13:07:59.305 [info] Getting sessions for read:user,repo,user:email,workflow...
2024-10-17 13:07:59.305 [info] Got 1 sessions for read:user,repo,user:email,workflow...
2024-10-17 13:07:59.305 [info] Getting sessions for all scopes...
2024-10-17 13:07:59.305 [info] Got 1 sessions for ...
2024-10-17 13:07:59.322 [info] Getting sessions for read:user,repo,user:email,workflow...
2024-10-17 13:07:59.322 [info] Got 1 sessions for read:user,repo,user:email,workflow...
2024-10-17 13:07:59.382 [info] Getting sessions for all scopes...
2024-10-17 13:07:59.382 [info] Got 1 sessions for ...
2024-10-17 13:07:59.388 [info] Getting sessions for read:user,repo,user:email,workflow...
2024-10-17 13:07:59.388 [info] Got 1 sessions for read:user,repo,user:email,workflow...
2024-10-17 13:07:59.602 [info] Getting sessions for all scopes...
2024-10-17 13:07:59.602 [info] Got 1 sessions for ...
2024-10-17 13:07:59.607 [info] Getting sessions for read:user,repo,user:email,workflow...
2024-10-17 13:07:59.607 [info] Got 1 sessions for read:user,repo,user:email,workflow...
2024-10-17 13:08:00.667 [info] Getting sessions for all scopes...
2024-10-17 13:08:00.667 [info] Got 1 sessions for ...
2024-10-17 13:08:00.668 [info] Getting sessions for all scopes...
2024-10-17 13:08:00.668 [info] Got 1 sessions for ...
2024-10-17 13:08:00.707 [info] Getting sessions for read:user,repo,user:email,workflow...
2024-10-17 13:08:00.707 [info] Got 1 sessions for read:user,repo,user:email,workflow...
2024-10-17 13:08:00.715 [info] Getting sessions for all scopes...
2024-10-17 13:08:00.715 [info] Got 1 sessions for ...
2024-10-17 13:08:00.719 [info] Getting sessions for read:user,repo,user:email,workflow...
2024-10-17 13:08:00.719 [info] Got 1 sessions for read:user,repo,user:email,workflow...
2024-10-17 13:08:00.902 [info] Getting sessions for all scopes...
2024-10-17 13:08:00.902 [info] Got 1 sessions for ...
2024-10-17 13:08:00.912 [info] Getting sessions for read:user,repo,user:email,workflow...
2024-10-17 13:08:00.912 [info] Got 1 sessions for read:user,repo,user:email,workflow...
2024-10-17 13:08:12.044 [info] Reading sessions from keychain...
2024-10-17 13:08:12.044 [info] Getting sessions for all scopes...
2024-10-17 13:08:12.044 [info] Getting sessions for all scopes...
2024-10-17 13:08:12.044 [info] Got stored sessions!
2024-10-17 13:08:12.044 [info] Got 1 verified sessions.
2024-10-17 13:08:12.044 [info] Got 1 sessions for ...
2024-10-17 13:08:12.044 [info] Got 1 sessions for ...
2024-10-17 13:08:12.044 [info] Getting sessions for read:user,repo,user:email,workflow...
2024-10-17 13:08:12.044 [info] Got 1 sessions for read:user,repo,user:email,workflow...
2024-10-17 13:08:12.044 [info] Getting sessions for all scopes...
2024-10-17 13:08:12.044 [info] Got 1 sessions for ...
2024-10-17 13:08:12.044 [info] Getting sessions for all scopes...
2024-10-17 13:08:12.044 [info] Got 1 sessions for ...
2024-10-17 13:08:12.278 [info] Getting sessions for project,read:org,read:user,repo,user:email,workflow...
2024-10-17 13:08:12.278 [info] Got 0 sessions for project,read:org,read:user,repo,user:email,workflow...
2024-10-17 13:08:12.296 [info] Getting sessions for read:user,repo,user:email,workflow...
2024-10-17 13:08:12.296 [info] Got 1 sessions for read:user,repo,user:email,workflow...
2024-10-17 13:08:12.299 [info] Getting sessions for read:user,repo,user:email,workflow...
2024-10-17 13:08:12.299 [info] Got 1 sessions for read:user,repo,user:email,workflow...
2024-10-17 13:08:12.299 [info] Getting sessions for all scopes...
2024-10-17 13:08:12.299 [info] Got 1 sessions for ...
2024-10-17 13:08:12.343 [info] Getting sessions for read:user,repo,user:email,workflow...
2024-10-17 13:08:12.343 [info] Got 1 sessions for read:user,repo,user:email,workflow...
2024-10-17 13:08:12.373 [info] Getting sessions for all scopes...
2024-10-17 13:08:12.373 [info] Got 1 sessions for ...
2024-10-17 13:08:12.383 [info] Getting sessions for read:user,repo,user:email,workflow...
2024-10-17 13:08:12.383 [info] Got 1 sessions for read:user,repo,user:email,workflow...
2024-10-17 13:08:12.437 [info] Getting sessions for all scopes...
2024-10-17 13:08:12.437 [info] Got 1 sessions for ...
2024-10-17 13:08:12.438 [info] Getting sessions for read:user,repo,user:email,workflow...
2024-10-17 13:08:12.438 [info] Got 1 sessions for read:user,repo,user:email,workflow...
2024-10-17 13:08:13.452 [info] Getting sessions for all scopes...
2024-10-17 13:08:13.452 [info] Got 1 sessions for ...
2024-10-17 13:08:13.452 [info] Getting sessions for all scopes...
2024-10-17 13:08:13.452 [info] Got 1 sessions for ...
2024-10-17 13:08:13.472 [info] Getting sessions for read:user,repo,user:email,workflow...
2024-10-17 13:08:13.472 [info] Got 1 sessions for read:user,repo,user:email,workflow...
2024-10-17 13:08:13.480 [info] Getting sessions for all scopes...
2024-10-17 13:08:13.480 [info] Got 1 sessions for ...
2024-10-17 13:08:13.482 [info] Getting sessions for read:user,repo,user:email,workflow...
2024-10-17 13:08:13.482 [info] Got 1 sessions for read:user,repo,user:email,workflow...
2024-10-17 13:08:13.599 [info] Getting sessions for all scopes...
2024-10-17 13:08:13.599 [info] Got 1 sessions for ...
2024-10-17 13:08:13.612 [info] Getting sessions for read:user,repo,user:email,workflow...
2024-10-17 13:08:13.612 [info] Got 1 sessions for read:user,repo,user:email,workflow...
2024-10-17 13:16:25.337 [info] Getting sessions for all scopes...
2024-10-17 13:16:25.337 [info] Got 1 sessions for ...
2024-10-17 13:23:14.177 [info] Getting sessions for all scopes...
2024-10-17 13:23:14.177 [info] Got 1 sessions for ...
2024-10-17 13:23:14.183 [info] Getting sessions for read:user,repo,user:email,workflow...
2024-10-17 13:23:14.183 [info] Got 1 sessions for read:user,repo,user:email,workflow...
2024-10-17 13:23:14.286 [info] Getting sessions for all scopes...
2024-10-17 13:23:14.286 [info] Got 1 sessions for ...
2024-10-17 13:23:14.290 [info] Getting sessions for read:user,repo,user:email,workflow...
2024-10-17 13:23:14.290 [info] Got 1 sessions for read:user,repo,user:email,workflow...
2024-10-17 13:24:23.941 [info] Getting sessions for all scopes...
2024-10-17 13:24:23.941 [info] Got 1 sessions for ...
2024-10-17 13:33:12.876 [info] Getting sessions for read:user,repo,user:email,workflow...
2024-10-17 13:33:12.876 [info] Got 1 sessions for read:user,repo,user:email,workflow...
2024-10-17 13:33:13.433 [info] Getting sessions for all scopes...
2024-10-17 13:33:13.434 [info] Got 1 sessions for ...
2024-10-17 13:33:13.438 [info] Getting sessions for read:user,repo,user:email,workflow...
2024-10-17 13:33:13.438 [info] Got 1 sessions for read:user,repo,user:email,workflow...
2024-10-17 13:33:14.999 [info] Getting sessions for all scopes...
2024-10-17 13:33:14.999 [info] Got 1 sessions for ...
2024-10-17 13:33:14.999 [info] Getting sessions for all scopes...
2024-10-17 13:33:14.999 [info] Got 1 sessions for ...
2024-10-17 13:33:15.003 [info] Getting sessions for read:user,repo,user:email,workflow...
2024-10-17 13:33:15.003 [info] Got 1 sessions for read:user,repo,user:email,workflow...
2024-10-17 13:33:15.008 [info] Getting sessions for all scopes...
2024-10-17 13:33:15.009 [info] Got 1 sessions for ...
2024-10-17 13:33:15.013 [info] Getting sessions for read:user,repo,user:email,workflow...
2024-10-17 13:33:15.013 [info] Got 1 sessions for read:user,repo,user:email,workflow...
2024-10-17 13:33:15.030 [info] Getting sessions for all scopes...
2024-10-17 13:33:15.030 [info] Got 1 sessions for ...
2024-10-17 13:33:15.033 [info] Getting sessions for read:user,repo,user:email,workflow...
2024-10-17 13:33:15.034 [info] Got 1 sessions for read:user,repo,user:email,workflow...
2024-10-17 13:38:15.623 [info] Getting sessions for all scopes...
2024-10-17 13:38:15.623 [info] Got 1 sessions for ...
2024-10-17 13:38:15.627 [info] Getting sessions for read:user,repo,user:email,workflow...
2024-10-17 13:38:15.627 [info] Got 1 sessions for read:user,repo,user:email,workflow...
2024-10-17 13:38:15.631 [info] Getting sessions for all scopes...
2024-10-17 13:38:15.631 [info] Got 1 sessions for ...
2024-10-17 13:38:15.635 [info] Getting sessions for read:user,repo,user:email,workflow...
2024-10-17 13:38:15.635 [info] Got 1 sessions for read:user,repo,user:email,workflow...
2024-10-17 13:48:15.041 [info] Getting sessions for all scopes...
2024-10-17 13:48:15.041 [info] Got 1 sessions for ...
2024-10-17 13:48:15.043 [info] Getting sessions for read:user,repo,user:email,workflow...
2024-10-17 13:48:15.043 [info] Got 1 sessions for read:user,repo,user:email,workflow...
2024-10-17 13:53:00.719 [info] Getting sessions for all scopes...
2024-10-17 13:53:00.719 [info] Got 1 sessions for ...
2024-10-17 13:53:00.721 [info] Getting sessions for read:user,repo,user:email,workflow...
2024-10-17 13:53:00.721 [info] Got 1 sessions for read:user,repo,user:email,workflow...
2024-10-17 13:53:15.016 [info] Getting sessions for all scopes...
2024-10-17 13:53:15.016 [info] Got 1 sessions for ...
2024-10-17 13:53:15.020 [info] Getting sessions for read:user,repo,user:email,workflow...
2024-10-17 13:53:15.021 [info] Got 1 sessions for read:user,repo,user:email,workflow...
2024-10-17 13:53:15.843 [info] Getting sessions for all scopes...
2024-10-17 13:53:15.843 [info] Got 1 sessions for ...
2024-10-17 13:53:15.847 [info] Getting sessions for read:user,repo,user:email,workflow...
2024-10-17 13:53:15.847 [info] Got 1 sessions for read:user,repo,user:email,workflow...
2024-10-17 13:53:16.481 [info] Getting sessions for all scopes...
2024-10-17 13:53:16.482 [info] Got 1 sessions for ...
2024-10-17 13:53:16.486 [info] Getting sessions for read:user,repo,user:email,workflow...
2024-10-17 13:53:16.486 [info] Got 1 sessions for read:user,repo,user:email,workflow...
2024-10-17 13:53:25.100 [info] Getting sessions for all scopes...
2024-10-17 13:53:25.100 [info] Got 1 sessions for ...
2024-10-17 13:53:25.105 [info] Getting sessions for read:user,repo,user:email,workflow...
2024-10-17 13:53:25.105 [info] Got 1 sessions for read:user,repo,user:email,workflow...
2024-10-17 13:58:14.709 [info] Getting sessions for read:user,repo,user:email,workflow...
2024-10-17 13:58:14.709 [info] Got 1 sessions for read:user,repo,user:email,workflow...
2024-10-17 13:58:14.998 [info] Getting sessions for all scopes...
2024-10-17 13:58:14.998 [info] Got 1 sessions for ...
2024-10-17 13:58:15.002 [info] Getting sessions for read:user,repo,user:email,workflow...
2024-10-17 13:58:15.002 [info] Got 1 sessions for read:user,repo,user:email,workflow...
2024-10-17 13:58:16.343 [info] Getting sessions for all scopes...
2024-10-17 13:58:16.343 [info] Got 1 sessions for ...
2024-10-17 13:58:16.344 [info] Getting sessions for all scopes...
2024-10-17 13:58:16.344 [info] Got 1 sessions for ...
2024-10-17 13:58:16.347 [info] Getting sessions for read:user,repo,user:email,workflow...
2024-10-17 13:58:16.347 [info] Got 1 sessions for read:user,repo,user:email,workflow...
2024-10-17 13:58:16.354 [info] Getting sessions for all scopes...
2024-10-17 13:58:16.354 [info] Got 1 sessions for ...
2024-10-17 13:58:16.358 [info] Getting sessions for read:user,repo,user:email,workflow...
2024-10-17 13:58:16.358 [info] Got 1 sessions for read:user,repo,user:email,workflow...
2024-10-17 13:58:16.375 [info] Getting sessions for all scopes...
2024-10-17 13:58:16.375 [info] Got 1 sessions for ...
2024-10-17 13:58:16.380 [info] Getting sessions for read:user,repo,user:email,workflow...
2024-10-17 13:58:16.380 [info] Got 1 sessions for read:user,repo,user:email,workflow...
2024-10-17 14:03:15.049 [info] Getting sessions for all scopes...
2024-10-17 14:03:15.049 [info] Got 1 sessions for ...
2024-10-17 14:03:15.054 [info] Getting sessions for read:user,repo,user:email,workflow...
2024-10-17 14:03:15.054 [info] Got 1 sessions for read:user,repo,user:email,workflow...
2024-10-17 14:03:15.060 [info] Getting sessions for all scopes...
2024-10-17 14:03:15.060 [info] Got 1 sessions for ...
2024-10-17 14:03:15.064 [info] Getting sessions for read:user,repo,user:email,workflow...
2024-10-17 14:03:15.064 [info] Got 1 sessions for read:user,repo,user:email,workflow...
2024-10-17 14:08:16.492 [info] Getting sessions for all scopes...
2024-10-17 14:08:16.492 [info] Got 1 sessions for ...
2024-10-17 14:08:16.496 [info] Getting sessions for read:user,repo,user:email,workflow...
2024-10-17 14:08:16.496 [info] Got 1 sessions for read:user,repo,user:email,workflow...
2024-10-17 14:13:16.390 [info] Getting sessions for all scopes...
2024-10-17 14:13:16.390 [info] Got 1 sessions for ...
2024-10-17 14:13:16.394 [info] Getting sessions for read:user,repo,user:email,workflow...
2024-10-17 14:13:16.394 [info] Got 1 sessions for read:user,repo,user:email,workflow...
2024-10-17 14:13:16.399 [info] Getting sessions for all scopes...
2024-10-17 14:13:16.399 [info] Got 1 sessions for ...
2024-10-17 14:13:16.402 [info] Getting sessions for read:user,repo,user:email,workflow...
2024-10-17 14:13:16.402 [info] Got 1 sessions for read:user,repo,user:email,workflow...
2024-10-17 14:18:16.220 [info] Getting sessions for all scopes...
2024-10-17 14:18:16.220 [info] Got 1 sessions for ...
2024-10-17 14:18:16.224 [info] Getting sessions for read:user,repo,user:email,workflow...
2024-10-17 14:18:16.224 [info] Got 1 sessions for read:user,repo,user:email,workflow...
2024-10-17 14:23:15.303 [info] Getting sessions for read:user,repo,user:email,workflow...
2024-10-17 14:23:15.303 [info] Got 1 sessions for read:user,repo,user:email,workflow...
2024-10-17 14:23:16.341 [info] Getting sessions for all scopes...
2024-10-17 14:23:16.341 [info] Got 1 sessions for ...
2024-10-17 14:23:16.344 [info] Getting sessions for read:user,repo,user:email,workflow...
2024-10-17 14:23:16.345 [info] Got 1 sessions for read:user,repo,user:email,workflow...
2024-10-17 14:23:16.360 [info] Getting sessions for all scopes...
2024-10-17 14:23:16.360 [info] Got 1 sessions for ...
2024-10-17 14:23:16.360 [info] Getting sessions for all scopes...
2024-10-17 14:23:16.361 [info] Got 1 sessions for ...
2024-10-17 14:23:16.364 [info] Getting sessions for read:user,repo,user:email,workflow...
2024-10-17 14:23:16.364 [info] Got 1 sessions for read:user,repo,user:email,workflow...
2024-10-17 14:23:16.368 [info] Getting sessions for all scopes...
2024-10-17 14:23:16.368 [info] Got 1 sessions for ...
2024-10-17 14:23:16.374 [info] Getting sessions for read:user,repo,user:email,workflow...
2024-10-17 14:23:16.374 [info] Got 1 sessions for read:user,repo,user:email,workflow...
2024-10-17 14:23:16.378 [info] Getting sessions for all scopes...
2024-10-17 14:23:16.378 [info] Got 1 sessions for ...
2024-10-17 14:23:16.382 [info] Getting sessions for read:user,repo,user:email,workflow...
2024-10-17 14:23:16.382 [info] Got 1 sessions for read:user,repo,user:email,workflow...
2024-10-17 14:23:16.547 [info] Getting sessions for all scopes...
2024-10-17 14:23:16.547 [info] Got 1 sessions for ...
2024-10-17 14:23:16.549 [info] Getting sessions for read:user,repo,user:email,workflow...
2024-10-17 14:23:16.549 [info] Got 1 sessions for read:user,repo,user:email,workflow...
2024-10-17 14:23:16.551 [info] Getting sessions for all scopes...
2024-10-17 14:23:16.551 [info] Got 1 sessions for ...
2024-10-17 14:23:16.553 [info] Getting sessions for read:user,repo,user:email,workflow...
2024-10-17 14:23:16.553 [info] Got 1 sessions for read:user,repo,user:email,workflow...
2024-10-17 14:28:17.449 [info] Getting sessions for all scopes...
2024-10-17 14:28:17.449 [info] Got 1 sessions for ...
2024-10-17 14:28:17.453 [info] Getting sessions for read:user,repo,user:email,workflow...
2024-10-17 14:28:17.453 [info] Got 1 sessions for read:user,repo,user:email,workflow...
2024-10-17 14:28:17.460 [info] Getting sessions for all scopes...
2024-10-17 14:28:17.460 [info] Got 1 sessions for ...
2024-10-17 14:28:17.463 [info] Getting sessions for read:user,repo,user:email,workflow...
2024-10-17 14:28:17.463 [info] Got 1 sessions for read:user,repo,user:email,workflow...
2024-10-17 14:28:17.477 [info] Getting sessions for all scopes...
2024-10-17 14:28:17.477 [info] Got 1 sessions for ...
2024-10-17 14:28:17.480 [info] Getting sessions for read:user,repo,user:email,workflow...
2024-10-17 14:28:17.480 [info] Got 1 sessions for read:user,repo,user:email,workflow...
2024-10-17 14:28:17.485 [info] Getting sessions for all scopes...
2024-10-17 14:28:17.485 [info] Got 1 sessions for ...
2024-10-17 14:28:17.488 [info] Getting sessions for read:user,repo,user:email,workflow...
2024-10-17 14:28:17.489 [info] Got 1 sessions for read:user,repo,user:email,workflow...
2024-10-17 14:33:16.229 [info] Getting sessions for all scopes...
2024-10-17 14:33:16.229 [info] Got 1 sessions for ...
2024-10-17 14:33:16.233 [info] Getting sessions for read:user,repo,user:email,workflow...
2024-10-17 14:33:16.233 [info] Got 1 sessions for read:user,repo,user:email,workflow...
2024-10-17 14:33:16.238 [info] Getting sessions for all scopes...
2024-10-17 14:33:16.238 [info] Got 1 sessions for ...
2024-10-17 14:33:16.241 [info] Getting sessions for read:user,repo,user:email,workflow...
2024-10-17 14:33:16.241 [info] Got 1 sessions for read:user,repo,user:email,workflow...
2024-10-17 14:33:17.525 [info] Getting sessions for all scopes...
2024-10-17 14:33:17.525 [info] Got 1 sessions for ...
2024-10-17 14:33:17.526 [info] Getting sessions for all scopes...
2024-10-17 14:33:17.526 [info] Got 1 sessions for ...
2024-10-17 14:33:17.546 [info] Getting sessions for read:user,repo,user:email,workflow...
2024-10-17 14:33:17.546 [info] Got 1 sessions for read:user,repo,user:email,workflow...
2024-10-17 14:33:17.548 [info] Getting sessions for all scopes...
2024-10-17 14:33:17.548 [info] Got 1 sessions for ...
2024-10-17 14:33:17.550 [info] Getting sessions for read:user,repo,user:email,workflow...
2024-10-17 14:33:17.550 [info] Got 1 sessions for read:user,repo,user:email,workflow...
2024-10-17 14:33:17.710 [info] Getting sessions for all scopes...
2024-10-17 14:33:17.710 [info] Got 1 sessions for ...
2024-10-17 14:33:17.738 [info] Getting sessions for read:user,repo,user:email,workflow...
2024-10-17 14:33:17.738 [info] Got 1 sessions for read:user,repo,user:email,workflow...
2024-10-17 14:33:18.793 [info] Getting sessions for all scopes...
2024-10-17 14:33:18.793 [info] Got 1 sessions for ...
2024-10-17 14:33:18.797 [info] Getting sessions for read:user,repo,user:email,workflow...
2024-10-17 14:33:18.797 [info] Got 1 sessions for read:user,repo,user:email,workflow...
2024-10-17 14:40:02.682 [info] Getting sessions for all scopes...
2024-10-17 14:40:02.682 [info] Got 1 sessions for ...
2024-10-17 14:40:02.686 [info] Getting sessions for read:user,repo,user:email,workflow...
2024-10-17 14:40:02.686 [info] Got 1 sessions for read:user,repo,user:email,workflow...
2024-10-17 14:50:04.660 [info] Getting sessions for all scopes...
2024-10-17 14:50:04.660 [info] Got 1 sessions for ...
2024-10-17 14:50:04.661 [info] Getting sessions for read:user,repo,user:email,workflow...
2024-10-17 14:50:04.661 [info] Got 1 sessions for read:user,repo,user:email,workflow...
2024-10-17 14:50:04.663 [info] Getting sessions for all scopes...
2024-10-17 14:50:04.663 [info] Got 1 sessions for ...
2024-10-17 14:50:04.664 [info] Getting sessions for read:user,repo,user:email,workflow...
2024-10-17 14:50:04.664 [info] Got 1 sessions for read:user,repo,user:email,workflow...
2024-10-17 14:50:35.067 [info] Getting sessions for all scopes...
2024-10-17 14:50:35.067 [info] Got 1 sessions for ...
2024-10-17 14:50:35.069 [info] Getting sessions for read:user,repo,user:email,workflow...
2024-10-17 14:50:35.069 [info] Got 1 sessions for read:user,repo,user:email,workflow...
2024-10-17 14:55:02.691 [info] Getting sessions for all scopes...
2024-10-17 14:55:02.691 [info] Got 1 sessions for ...
2024-10-17 14:55:02.695 [info] Getting sessions for read:user,repo,user:email,workflow...
2024-10-17 14:55:02.695 [info] Got 1 sessions for read:user,repo,user:email,workflow...
2024-10-17 15:00:03.621 [info] Getting sessions for all scopes...
2024-10-17 15:00:03.621 [info] Got 1 sessions for ...
2024-10-17 15:00:03.625 [info] Getting sessions for read:user,repo,user:email,workflow...
2024-10-17 15:00:03.629 [info] Got 1 sessions for read:user,repo,user:email,workflow...
2024-10-17 15:00:05.009 [info] Getting sessions for all scopes...
2024-10-17 15:00:05.009 [info] Got 1 sessions for ...
2024-10-17 15:00:05.009 [info] Getting sessions for all scopes...
2024-10-17 15:00:05.009 [info] Got 1 sessions for ...
2024-10-17 15:00:05.010 [info] Getting sessions for read:user,repo,user:email,workflow...
2024-10-17 15:00:05.010 [info] Got 1 sessions for read:user,repo,user:email,workflow...
2024-10-17 15:00:05.012 [info] Getting sessions for all scopes...
2024-10-17 15:00:05.012 [info] Got 1 sessions for ...
2024-10-17 15:00:05.014 [info] Getting sessions for read:user,repo,user:email,workflow...
2024-10-17 15:00:05.014 [info] Got 1 sessions for read:user,repo,user:email,workflow...
2024-10-17 15:00:05.019 [info] Getting sessions for all scopes...
2024-10-17 15:00:05.019 [info] Got 1 sessions for ...
2024-10-17 15:00:05.020 [info] Getting sessions for read:user,repo,user:email,workflow...
2024-10-17 15:00:05.020 [info] Got 1 sessions for read:user,repo,user:email,workflow...
2024-10-17 15:05:36.597 [info] Getting sessions for all scopes...
2024-10-17 15:05:36.597 [info] Got 1 sessions for ...
2024-10-17 15:05:36.598 [info] Getting sessions for read:user,repo,user:email,workflow...
2024-10-17 15:05:36.598 [info] Got 1 sessions for read:user,repo,user:email,workflow...
2024-10-17 15:05:36.599 [info] Getting sessions for all scopes...
2024-10-17 15:05:36.599 [info] Got 1 sessions for ...
2024-10-17 15:05:36.600 [info] Getting sessions for read:user,repo,user:email,workflow...
2024-10-17 15:05:36.600 [info] Got 1 sessions for read:user,repo,user:email,workflow...
2024-10-17 15:10:02.702 [info] Getting sessions for all scopes...
2024-10-17 15:10:02.703 [info] Got 1 sessions for ...
2024-10-17 15:10:02.706 [info] Getting sessions for read:user,repo,user:email,workflow...
2024-10-17 15:10:02.706 [info] Got 1 sessions for read:user,repo,user:email,workflow...
2024-10-17 15:15:05.023 [info] Getting sessions for all scopes...
2024-10-17 15:15:05.023 [info] Got 1 sessions for ...
2024-10-17 15:15:05.024 [info] Getting sessions for read:user,repo,user:email,workflow...
2024-10-17 15:15:05.024 [info] Got 1 sessions for read:user,repo,user:email,workflow...
2024-10-17 15:20:37.726 [info] Getting sessions for all scopes...
2024-10-17 15:20:37.726 [info] Got 1 sessions for ...
2024-10-17 15:20:37.729 [info] Getting sessions for read:user,repo,user:email,workflow...
2024-10-17 15:20:37.729 [info] Got 1 sessions for read:user,repo,user:email,workflow...
2024-10-17 15:20:37.734 [info] Getting sessions for all scopes...
2024-10-17 15:20:37.734 [info] Got 1 sessions for ...
2024-10-17 15:20:37.737 [info] Getting sessions for read:user,repo,user:email,workflow...
2024-10-17 15:20:37.737 [info] Got 1 sessions for read:user,repo,user:email,workflow...
2024-10-17 15:25:02.711 [info] Getting sessions for all scopes...
2024-10-17 15:25:02.711 [info] Got 1 sessions for ...
2024-10-17 15:25:02.715 [info] Getting sessions for read:user,repo,user:email,workflow...
2024-10-17 15:25:02.715 [info] Got 1 sessions for read:user,repo,user:email,workflow...
2024-10-17 15:25:05.011 [info] Getting sessions for all scopes...
2024-10-17 15:25:05.011 [info] Got 1 sessions for ...
2024-10-17 15:25:05.014 [info] Getting sessions for read:user,repo,user:email,workflow...
2024-10-17 15:25:05.014 [info] Got 1 sessions for read:user,repo,user:email,workflow...
2024-10-17 15:25:06.222 [info] Getting sessions for all scopes...
2024-10-17 15:25:06.222 [info] Got 1 sessions for ...
2024-10-17 15:25:06.222 [info] Getting sessions for all scopes...
2024-10-17 15:25:06.222 [info] Got 1 sessions for ...
2024-10-17 15:25:06.223 [info] Getting sessions for read:user,repo,user:email,workflow...
2024-10-17 15:25:06.223 [info] Got 1 sessions for read:user,repo,user:email,workflow...
2024-10-17 15:25:06.224 [info] Getting sessions for all scopes...
2024-10-17 15:25:06.224 [info] Got 1 sessions for ...
2024-10-17 15:25:06.225 [info] Getting sessions for read:user,repo,user:email,workflow...
2024-10-17 15:25:06.225 [info] Got 1 sessions for read:user,repo,user:email,workflow...
2024-10-17 15:25:06.230 [info] Getting sessions for all scopes...
2024-10-17 15:25:06.230 [info] Got 1 sessions for ...
2024-10-17 15:25:06.231 [info] Getting sessions for read:user,repo,user:email,workflow...
2024-10-17 15:25:06.231 [info] Got 1 sessions for read:user,repo,user:email,workflow...
2024-10-17 15:30:05.027 [info] Getting sessions for all scopes...
2024-10-17 15:30:05.028 [info] Got 1 sessions for ...
2024-10-17 15:30:05.029 [info] Getting sessions for read:user,repo,user:email,workflow...
2024-10-17 15:30:05.029 [info] Got 1 sessions for read:user,repo,user:email,workflow...
2024-10-17 15:35:38.905 [info] Getting sessions for all scopes...
2024-10-17 15:35:38.905 [info] Got 1 sessions for ...
2024-10-17 15:35:38.906 [info] Getting sessions for read:user,repo,user:email,workflow...
2024-10-17 15:35:38.906 [info] Got 1 sessions for read:user,repo,user:email,workflow...
2024-10-17 15:35:38.908 [info] Getting sessions for all scopes...
2024-10-17 15:35:38.908 [info] Got 1 sessions for ...
2024-10-17 15:35:38.908 [info] Getting sessions for read:user,repo,user:email,workflow...
2024-10-17 15:35:38.908 [info] Got 1 sessions for read:user,repo,user:email,workflow...
2024-10-17 15:40:02.720 [info] Getting sessions for all scopes...
2024-10-17 15:40:02.720 [info] Got 1 sessions for ...
2024-10-17 15:40:02.721 [info] Getting sessions for read:user,repo,user:email,workflow...
2024-10-17 15:40:02.721 [info] Got 1 sessions for read:user,repo,user:email,workflow...
2024-10-17 15:40:06.235 [info] Getting sessions for all scopes...
2024-10-17 15:40:06.235 [info] Got 1 sessions for ...
2024-10-17 15:40:06.237 [info] Getting sessions for read:user,repo,user:email,workflow...
2024-10-17 15:40:06.237 [info] Got 1 sessions for read:user,repo,user:email,workflow...
2024-10-17 15:45:05.032 [info] Getting sessions for all scopes...
2024-10-17 15:45:05.032 [info] Got 1 sessions for ...
2024-10-17 15:45:05.033 [info] Getting sessions for read:user,repo,user:email,workflow...
2024-10-17 15:45:05.033 [info] Got 1 sessions for read:user,repo,user:email,workflow...
2024-10-18 00:17:29.801 [info] Getting sessions for all scopes...
2024-10-18 00:17:29.801 [info] Got 1 sessions for ...
2024-10-18 00:17:29.804 [info] Getting sessions for read:user,repo,user:email,workflow...
2024-10-18 00:17:29.804 [info] Got 1 sessions for read:user,repo,user:email,workflow...
2024-10-18 00:17:30.858 [info] Getting sessions for all scopes...
2024-10-18 00:17:30.858 [info] Got 1 sessions for ...
2024-10-18 00:17:30.858 [info] Getting sessions for all scopes...
2024-10-18 00:17:30.858 [info] Got 1 sessions for ...
2024-10-18 00:17:30.859 [info] Getting sessions for read:user,repo,user:email,workflow...
2024-10-18 00:17:30.859 [info] Got 1 sessions for read:user,repo,user:email,workflow...
2024-10-18 00:17:30.860 [info] Getting sessions for all scopes...
2024-10-18 00:17:30.860 [info] Got 1 sessions for ...
2024-10-18 00:17:30.861 [info] Getting sessions for read:user,repo,user:email,workflow...
2024-10-18 00:17:30.861 [info] Got 1 sessions for read:user,repo,user:email,workflow...
2024-10-18 00:17:30.864 [info] Getting sessions for all scopes...
2024-10-18 00:17:30.864 [info] Got 1 sessions for ...
2024-10-18 00:17:30.865 [info] Getting sessions for read:user,repo,user:email,workflow...
2024-10-18 00:17:30.865 [info] Got 1 sessions for read:user,repo,user:email,workflow...
2024-10-18 00:17:30.868 [info] Getting sessions for all scopes...
2024-10-18 00:17:30.868 [info] Got 1 sessions for ...
2024-10-18 00:17:30.869 [info] Getting sessions for read:user,repo,user:email,workflow...
2024-10-18 00:17:30.869 [info] Got 1 sessions for read:user,repo,user:email,workflow...
2024-10-18 00:18:03.316 [info] Getting sessions for all scopes...
2024-10-18 00:18:03.316 [info] Got 1 sessions for ...
2024-10-18 00:18:03.319 [info] Getting sessions for read:user,repo,user:email,workflow...
2024-10-18 00:18:03.319 [info] Got 1 sessions for read:user,repo,user:email,workflow...
2024-10-18 00:22:26.301 [info] Getting sessions for all scopes...
2024-10-18 00:22:26.301 [info] Got 1 sessions for ...
2024-10-18 00:22:26.302 [info] Getting sessions for read:user,repo,user:email,workflow...
2024-10-18 00:22:26.302 [info] Got 1 sessions for read:user,repo,user:email,workflow...
2024-10-18 00:22:29.815 [info] Getting sessions for all scopes...
2024-10-18 00:22:29.815 [info] Got 1 sessions for ...
2024-10-18 00:22:29.817 [info] Getting sessions for read:user,repo,user:email,workflow...
2024-10-18 00:22:29.817 [info] Got 1 sessions for read:user,repo,user:email,workflow...
2024-10-18 00:27:28.614 [info] Getting sessions for all scopes...
2024-10-18 00:27:28.614 [info] Got 1 sessions for ...
2024-10-18 00:27:28.615 [info] Getting sessions for read:user,repo,user:email,workflow...
2024-10-18 00:27:28.616 [info] Got 1 sessions for read:user,repo,user:email,workflow...
2024-10-18 00:32:31.396 [info] Getting sessions for all scopes...
2024-10-18 00:32:31.396 [info] Got 1 sessions for ...
2024-10-18 00:32:31.397 [info] Getting sessions for read:user,repo,user:email,workflow...
2024-10-18 00:32:31.397 [info] Got 1 sessions for read:user,repo,user:email,workflow...
2024-10-18 00:32:31.398 [info] Getting sessions for all scopes...
2024-10-18 00:32:31.398 [info] Got 1 sessions for ...
2024-10-18 00:32:31.399 [info] Getting sessions for read:user,repo,user:email,workflow...
2024-10-18 00:32:31.399 [info] Got 1 sessions for read:user,repo,user:email,workflow...
2024-10-18 00:33:03.324 [info] Getting sessions for all scopes...
2024-10-18 00:33:03.324 [info] Got 1 sessions for ...
2024-10-18 00:33:03.328 [info] Getting sessions for read:user,repo,user:email,workflow...
2024-10-18 00:33:03.328 [info] Got 1 sessions for read:user,repo,user:email,workflow...
2024-10-18 00:37:26.305 [info] Getting sessions for all scopes...
2024-10-18 00:37:26.305 [info] Got 1 sessions for ...
2024-10-18 00:37:26.307 [info] Getting sessions for read:user,repo,user:email,workflow...
2024-10-18 00:37:26.307 [info] Got 1 sessions for read:user,repo,user:email,workflow...
2024-10-18 00:37:29.841 [info] Getting sessions for all scopes...
2024-10-18 00:37:29.841 [info] Got 1 sessions for ...
2024-10-18 00:37:29.843 [info] Getting sessions for read:user,repo,user:email,workflow...
2024-10-18 00:37:29.843 [info] Got 1 sessions for read:user,repo,user:email,workflow...
2024-10-18 00:42:28.618 [info] Getting sessions for all scopes...
2024-10-18 00:42:28.618 [info] Got 1 sessions for ...
2024-10-18 00:42:28.619 [info] Getting sessions for read:user,repo,user:email,workflow...
2024-10-18 00:42:28.619 [info] Got 1 sessions for read:user,repo,user:email,workflow...
2024-10-18 00:42:30.857 [info] Getting sessions for all scopes...
2024-10-18 00:42:30.857 [info] Got 1 sessions for ...
2024-10-18 00:42:30.861 [info] Getting sessions for read:user,repo,user:email,workflow...
2024-10-18 00:42:30.861 [info] Got 1 sessions for read:user,repo,user:email,workflow...
2024-10-18 00:42:31.786 [info] Getting sessions for all scopes...
2024-10-18 00:42:31.786 [info] Got 1 sessions for ...
2024-10-18 00:42:31.786 [info] Getting sessions for all scopes...
2024-10-18 00:42:31.786 [info] Got 1 sessions for ...
2024-10-18 00:42:31.788 [info] Getting sessions for read:user,repo,user:email,workflow...
2024-10-18 00:42:31.788 [info] Got 1 sessions for read:user,repo,user:email,workflow...
2024-10-18 00:42:31.789 [info] Getting sessions for all scopes...
2024-10-18 00:42:31.789 [info] Got 1 sessions for ...
2024-10-18 00:42:31.790 [info] Getting sessions for read:user,repo,user:email,workflow...
2024-10-18 00:42:31.790 [info] Got 1 sessions for read:user,repo,user:email,workflow...
2024-10-18 00:42:31.795 [info] Getting sessions for all scopes...
2024-10-18 00:42:31.795 [info] Got 1 sessions for ...
2024-10-18 00:42:31.796 [info] Getting sessions for read:user,repo,user:email,workflow...
2024-10-18 00:42:31.797 [info] Got 1 sessions for read:user,repo,user:email,workflow...
2024-10-18 00:47:32.014 [info] Getting sessions for all scopes...
2024-10-18 00:47:32.014 [info] Got 1 sessions for ...
2024-10-18 00:47:32.015 [info] Getting sessions for read:user,repo,user:email,workflow...
2024-10-18 00:47:32.015 [info] Got 1 sessions for read:user,repo,user:email,workflow...
2024-10-18 00:47:32.016 [info] Getting sessions for all scopes...
2024-10-18 00:47:32.016 [info] Got 1 sessions for ...
2024-10-18 00:47:32.017 [info] Getting sessions for read:user,repo,user:email,workflow...
2024-10-18 00:47:32.017 [info] Got 1 sessions for read:user,repo,user:email,workflow...
2024-10-18 00:48:03.334 [info] Getting sessions for all scopes...
2024-10-18 00:48:03.334 [info] Got 1 sessions for ...
2024-10-18 00:48:03.337 [info] Getting sessions for read:user,repo,user:email,workflow...
2024-10-18 00:48:03.337 [info] Got 1 sessions for read:user,repo,user:email,workflow...
2024-10-18 00:52:26.313 [info] Getting sessions for all scopes...
2024-10-18 00:52:26.313 [info] Got 1 sessions for ...
2024-10-18 00:52:26.318 [info] Getting sessions for read:user,repo,user:email,workflow...
2024-10-18 00:52:26.318 [info] Got 1 sessions for read:user,repo,user:email,workflow...
2024-10-18 00:52:29.874 [info] Getting sessions for all scopes...
2024-10-18 00:52:29.874 [info] Got 1 sessions for ...
2024-10-18 00:52:29.875 [info] Getting sessions for read:user,repo,user:email,workflow...
2024-10-18 00:52:29.875 [info] Got 1 sessions for read:user,repo,user:email,workflow...
2024-10-18 00:57:28.623 [info] Getting sessions for all scopes...
2024-10-18 00:57:28.623 [info] Got 1 sessions for ...
2024-10-18 00:57:28.626 [info] Getting sessions for read:user,repo,user:email,workflow...
2024-10-18 00:57:28.627 [info] Got 1 sessions for read:user,repo,user:email,workflow...
2024-10-18 00:57:31.802 [info] Getting sessions for all scopes...
2024-10-18 00:57:31.802 [info] Got 1 sessions for ...
2024-10-18 00:57:31.806 [info] Getting sessions for read:user,repo,user:email,workflow...
2024-10-18 00:57:31.806 [info] Got 1 sessions for read:user,repo,user:email,workflow...
