2024-10-17 11:47:24.376 [info] /home/youcef/my-first-app/package.json closed
2024-10-17 12:04:47.549 [info] Active editor: file:///home/youcef/my-first-app/src/main.jsx
2024-10-17 12:04:50.936 [info] Active editor: file:///home/youcef/my-first-app/src/Rendring.jsx
2024-10-17 12:07:00.393 [info] Active editor: file:///home/youcef/my-first-app/src/main.jsx
2024-10-17 12:07:01.471 [info] Active editor: file:///home/youcef/my-first-app/src/Rendring.jsx
2024-10-17 12:09:36.082 [info] Active editor: file:///home/youcef/my-first-app/src/main.jsx
2024-10-17 12:10:09.580 [info] Active editor: file:///home/youcef/my-first-app/src/Rendring.jsx
2024-10-17 12:27:04.581 [info] Active editor: file:///home/youcef/my-first-app/README.md
2024-10-17 13:08:07.405 [info] Configuration changed
2024-10-17 13:16:24.604 [info] Configuration changed
2024-10-17 13:19:17.923 [info] /home/youcef/my-first-app/README.md closed
2024-10-17 13:19:17.946 [info] Active editor: file:///home/youcef/my-first-app/src/Rendring.jsx
2024-10-17 13:24:23.377 [info] Configuration changed
2024-10-17 13:30:05.574 [info] Active editor: file:///home/youcef/my-first-app/src/Recipies.jsx
2024-10-17 13:31:25.589 [info] /home/youcef/my-first-app/src/Rendring.jsx closed
2024-10-17 13:31:26.651 [info] Active editor: file:///home/youcef/my-first-app/src/main.jsx
2024-10-17 13:31:49.349 [info] Active editor: file:///home/youcef/my-first-app/src/Recipies.jsx
2024-10-17 13:44:32.210 [info] Active editor: file:///home/youcef/my-first-app/src/main.jsx
2024-10-17 13:44:43.752 [info] Active editor: file:///home/youcef/my-first-app/src/Recipies.jsx
2024-10-17 13:44:47.717 [info] Active editor: file:///home/youcef/my-first-app/src/main.jsx
2024-10-17 13:44:50.181 [info] Active editor: file:///home/youcef/my-first-app/src/Recipies.jsx
2024-10-17 13:45:24.913 [info] Active editor: file:///home/youcef/my-first-app/src/Packing.jsx
2024-10-17 13:45:29.407 [info] /home/youcef/my-first-app/src/Packing.jsx closed
2024-10-17 13:45:29.491 [info] Active editor: file:///home/youcef/my-first-app/src/Rendring.jsx
2024-10-17 13:45:59.164 [info] Active editor: file:///home/youcef/my-first-app/src/Recipies.jsx
2024-10-17 13:50:33.955 [info] Active editor: file:///home/youcef/my-first-app/src/Rendring.jsx
2024-10-17 13:51:01.485 [info] Active editor: file:///home/youcef/my-first-app/src/Recipies.jsx
2024-10-17 13:51:09.068 [info] Active editor: file:///home/youcef/my-first-app/src/Rendring.jsx
2024-10-17 13:51:12.259 [info] Active editor: file:///home/youcef/my-first-app/src/Recipies.jsx
2024-10-17 13:53:22.694 [info] Configuration changed
2024-10-17 13:57:25.947 [info] Active editor: file:///home/youcef/my-first-app/src/Rendring.jsx
2024-10-17 13:57:34.982 [info] Active editor: file:///home/youcef/my-first-app/src/Recipies.jsx
2024-10-17 14:58:34.209 [info] Active editor: file:///home/youcef/my-first-app/src/main.jsx
2024-10-17 14:58:36.015 [info] Active editor: file:///home/youcef/my-first-app/src/Recipies.jsx
2024-10-17 14:58:56.870 [info] Active editor: file:///home/youcef/my-first-app/src/main.jsx
2024-10-17 14:58:57.526 [info] Active editor: file:///home/youcef/my-first-app/src/Recipies.jsx
