2024-10-15 09:27:02.893 [info] [main] Log level: Info
2024-10-15 09:27:02.893 [info] [main] Validating found git in: "git"
2024-10-15 09:27:02.893 [info] [main] Using git "2.43.0" from "git"
2024-10-15 09:27:02.893 [info] [Model][doInitialScan] Initial repository scan started
2024-10-15 09:27:02.893 [info] [Model][doInitialScan] Initial repository scan completed - repositories (0), closed repositories (0), parent repositories (0), unsafe repositories (0)
2024-10-15 09:31:10.018 [info] [main] Log level: Info
2024-10-15 09:31:10.018 [info] [main] Validating found git in: "git"
2024-10-15 09:31:10.018 [info] [main] Using git "2.43.0" from "git"
2024-10-15 09:31:10.018 [info] [Model][doInitialScan] Initial repository scan started
2024-10-15 09:31:10.018 [info] > git rev-parse --show-toplevel [2ms]
2024-10-15 09:31:10.018 [info] fatal: not a git repository (or any of the parent directories): .git
2024-10-15 09:31:10.018 [info] [Model][doInitialScan] Initial repository scan completed - repositories (0), closed repositories (0), parent repositories (0), unsafe repositories (0)
2024-10-15 09:31:12.124 [info] > git rev-parse --show-toplevel [337ms]
2024-10-15 09:31:12.124 [info] fatal: not a git repository (or any of the parent directories): .git
2024-10-15 09:31:12.375 [info] > git rev-parse --show-toplevel [20ms]
2024-10-15 09:31:12.375 [info] fatal: not a git repository (or any of the parent directories): .git
2024-10-15 09:31:12.446 [info] > git rev-parse --show-toplevel [48ms]
2024-10-15 09:31:12.446 [info] fatal: not a git repository (or any of the parent directories): .git
2024-10-15 09:31:12.477 [info] > git rev-parse --show-toplevel [5ms]
2024-10-15 09:31:12.477 [info] fatal: not a git repository (or any of the parent directories): .git
2024-10-15 09:31:16.732 [info] > git rev-parse --show-toplevel [5ms]
2024-10-15 09:31:16.732 [info] fatal: not a git repository (or any of the parent directories): .git
2024-10-15 09:31:29.234 [info] > git rev-parse --show-toplevel [2ms]
2024-10-15 09:31:29.234 [info] fatal: not a git repository (or any of the parent directories): .git
2024-10-15 09:31:40.789 [info] > git rev-parse --show-toplevel [28ms]
2024-10-15 09:31:40.789 [info] fatal: not a git repository (or any of the parent directories): .git
2024-10-15 09:31:45.049 [info] > git rev-parse --show-toplevel [3ms]
2024-10-15 09:31:45.049 [info] fatal: not a git repository (or any of the parent directories): .git
2024-10-15 09:35:14.987 [info] > git rev-parse --show-toplevel [3ms]
2024-10-15 09:35:14.987 [info] fatal: not a git repository (or any of the parent directories): .git
2024-10-15 09:36:48.963 [info] > git rev-parse --show-toplevel [2ms]
2024-10-15 09:36:48.963 [info] fatal: not a git repository (or any of the parent directories): .git
2024-10-15 09:52:40.384 [info] > git rev-parse --show-toplevel [2ms]
2024-10-15 09:52:40.384 [info] fatal: not a git repository (or any of the parent directories): .git
2024-10-15 09:52:41.714 [info] > git rev-parse --show-toplevel [4ms]
2024-10-15 09:52:41.714 [info] fatal: not a git repository (or any of the parent directories): .git
2024-10-15 09:53:07.956 [info] > git rev-parse --show-toplevel [3ms]
2024-10-15 09:53:07.956 [info] fatal: not a git repository (or any of the parent directories): .git
2024-10-15 10:13:55.282 [info] > git rev-parse --show-toplevel [5ms]
2024-10-15 10:13:55.283 [info] fatal: not a git repository (or any of the parent directories): .git
2024-10-15 10:15:31.277 [info] > git rev-parse --show-toplevel [6ms]
2024-10-15 10:15:31.277 [info] fatal: not a git repository (or any of the parent directories): .git
2024-10-15 10:15:44.363 [info] > git rev-parse --show-toplevel [11ms]
2024-10-15 10:15:44.363 [info] fatal: not a git repository (or any of the parent directories): .git
2024-10-15 10:15:53.491 [info] > git rev-parse --show-toplevel [4ms]
2024-10-15 10:15:53.491 [info] fatal: not a git repository (or any of the parent directories): .git
2024-10-15 10:17:56.985 [info] > git rev-parse --show-toplevel [6ms]
2024-10-15 10:17:56.985 [info] fatal: not a git repository (or any of the parent directories): .git
2024-10-15 10:18:25.873 [info] > git rev-parse --show-toplevel [9ms]
2024-10-15 10:18:25.873 [info] fatal: not a git repository (or any of the parent directories): .git
2024-10-15 10:18:54.204 [info] > git rev-parse --show-toplevel [4ms]
2024-10-15 10:18:54.204 [info] fatal: not a git repository (or any of the parent directories): .git
2024-10-15 10:19:05.900 [info] > git rev-parse --show-toplevel [6ms]
2024-10-15 10:19:05.900 [info] fatal: not a git repository (or any of the parent directories): .git
2024-10-15 10:19:35.022 [info] > git rev-parse --show-toplevel [5ms]
2024-10-15 10:19:35.022 [info] fatal: not a git repository (or any of the parent directories): .git
2024-10-15 10:19:45.136 [info] > git rev-parse --show-toplevel [10ms]
2024-10-15 10:19:45.136 [info] fatal: not a git repository (or any of the parent directories): .git
2024-10-15 10:20:12.424 [info] > git rev-parse --show-toplevel [4ms]
2024-10-15 10:20:12.424 [info] fatal: not a git repository (or any of the parent directories): .git
2024-10-15 10:20:23.970 [info] > git rev-parse --show-toplevel [2ms]
2024-10-15 10:20:23.971 [info] fatal: not a git repository (or any of the parent directories): .git
2024-10-15 10:20:25.437 [info] > git rev-parse --show-toplevel [13ms]
2024-10-15 10:20:25.437 [info] fatal: not a git repository (or any of the parent directories): .git
2024-10-15 10:29:30.742 [info] > git rev-parse --show-toplevel [2ms]
2024-10-15 10:29:30.742 [info] fatal: not a git repository (or any of the parent directories): .git
2024-10-15 10:31:38.242 [info] > git rev-parse --show-toplevel [6ms]
2024-10-15 10:31:38.242 [info] fatal: not a git repository (or any of the parent directories): .git
2024-10-15 10:33:04.749 [info] > git rev-parse --show-toplevel [9ms]
2024-10-15 10:33:04.749 [info] fatal: not a git repository (or any of the parent directories): .git
2024-10-15 10:33:05.654 [info] > git rev-parse --show-toplevel [5ms]
2024-10-15 10:33:05.654 [info] fatal: not a git repository (or any of the parent directories): .git
2024-10-15 10:33:09.850 [info] > git rev-parse --show-toplevel [11ms]
2024-10-15 10:33:09.851 [info] fatal: not a git repository (or any of the parent directories): .git
2024-10-15 10:33:31.439 [info] > git rev-parse --show-toplevel [3ms]
2024-10-15 10:33:31.440 [info] fatal: not a git repository (or any of the parent directories): .git
2024-10-15 10:34:22.729 [info] > git rev-parse --show-toplevel [11ms]
2024-10-15 10:34:22.729 [info] fatal: not a git repository (or any of the parent directories): .git
2024-10-15 10:34:32.112 [info] > git rev-parse --show-toplevel [4ms]
2024-10-15 10:34:32.112 [info] fatal: not a git repository (or any of the parent directories): .git
2024-10-15 10:34:34.531 [info] > git rev-parse --show-toplevel [5ms]
2024-10-15 10:34:34.532 [info] fatal: not a git repository (or any of the parent directories): .git
2024-10-15 10:40:17.101 [info] > git rev-parse --show-toplevel [8ms]
2024-10-15 10:40:17.101 [info] fatal: not a git repository (or any of the parent directories): .git
2024-10-15 10:41:55.933 [info] > git rev-parse --show-toplevel [12ms]
2024-10-15 10:41:55.933 [info] fatal: not a git repository (or any of the parent directories): .git
2024-10-15 10:42:58.609 [info] > git rev-parse --show-toplevel [9ms]
2024-10-15 10:42:58.609 [info] fatal: not a git repository (or any of the parent directories): .git
2024-10-15 10:44:25.654 [info] > git rev-parse --show-toplevel [9ms]
2024-10-15 10:44:25.654 [info] fatal: not a git repository (or any of the parent directories): .git
2024-10-15 10:44:52.085 [info] > git rev-parse --show-toplevel [3ms]
2024-10-15 10:44:52.085 [info] fatal: not a git repository (or any of the parent directories): .git
2024-10-15 10:46:04.816 [info] > git rev-parse --show-toplevel [10ms]
2024-10-15 10:46:04.817 [info] fatal: not a git repository (or any of the parent directories): .git
2024-10-15 11:10:05.893 [info] > git rev-parse --show-toplevel [6ms]
2024-10-15 11:10:05.893 [info] fatal: not a git repository (or any of the parent directories): .git
2024-10-15 11:11:02.479 [info] > git rev-parse --show-toplevel [7ms]
2024-10-15 11:11:02.480 [info] fatal: not a git repository (or any of the parent directories): .git
2024-10-15 11:11:21.516 [info] > git rev-parse --show-toplevel [4ms]
2024-10-15 11:11:21.516 [info] fatal: not a git repository (or any of the parent directories): .git
2024-10-15 11:12:07.484 [info] > git rev-parse --show-toplevel [6ms]
2024-10-15 11:12:07.484 [info] fatal: not a git repository (or any of the parent directories): .git
2024-10-15 11:12:25.279 [info] > git rev-parse --show-toplevel [4ms]
2024-10-15 11:12:25.279 [info] fatal: not a git repository (or any of the parent directories): .git
2024-10-15 11:13:23.110 [info] > git rev-parse --show-toplevel [7ms]
2024-10-15 11:13:23.110 [info] fatal: not a git repository (or any of the parent directories): .git
