2024-10-14 22:41:22.709 [info] [main] Log level: Info
2024-10-14 22:41:22.709 [info] [main] Validating found git in: "git"
2024-10-14 22:41:22.709 [info] [main] Using git "2.43.0" from "git"
2024-10-14 22:41:22.709 [info] [Model][doInitialScan] Initial repository scan started
2024-10-14 22:41:22.709 [info] > git rev-parse --show-toplevel [11ms]
2024-10-14 22:41:22.709 [info] fatal: not a git repository (or any of the parent directories): .git
2024-10-14 22:41:22.709 [info] > git rev-parse --show-toplevel [8ms]
2024-10-14 22:41:22.709 [info] fatal: not a git repository (or any of the parent directories): .git
2024-10-14 22:41:22.710 [info] > git rev-parse --show-toplevel [6ms]
2024-10-14 22:41:22.710 [info] fatal: not a git repository (or any of the parent directories): .git
2024-10-14 22:41:22.725 [info] > git rev-parse --show-toplevel [6ms]
2024-10-14 22:41:22.725 [info] fatal: not a git repository (or any of the parent directories): .git
2024-10-14 22:41:22.729 [info] [Model][doInitialScan] Initial repository scan completed - repositories (0), closed repositories (0), parent repositories (0), unsafe repositories (0)
2024-10-14 22:41:24.953 [info] > git rev-parse --show-toplevel [276ms]
2024-10-14 22:41:24.953 [info] fatal: not a git repository (or any of the parent directories): .git
2024-10-14 22:41:25.015 [info] > git rev-parse --show-toplevel [39ms]
2024-10-14 22:41:25.015 [info] fatal: not a git repository (or any of the parent directories): .git
2024-10-14 22:41:25.098 [info] > git rev-parse --show-toplevel [24ms]
2024-10-14 22:41:25.098 [info] fatal: not a git repository (or any of the parent directories): .git
2024-10-14 22:41:25.123 [info] > git rev-parse --show-toplevel [6ms]
2024-10-14 22:41:25.123 [info] fatal: not a git repository (or any of the parent directories): .git
