2024-10-15 19:14:52.443 [info] /home/youcef/.config/Code/User/settings.json closed
2024-10-15 19:14:52.469 [info] Configuration changed
2024-10-15 19:15:40.222 [info] /home/youcef/.config/Code/User/settings.json closed
2024-10-15 19:15:40.243 [info] Configuration changed
2024-10-15 19:16:04.207 [info] /home/youcef/.config/Code/User/settings.json closed
2024-10-15 19:16:04.229 [info] Configuration changed
2024-10-15 19:16:47.471 [info] Active editor: file:///home/youcef/my-first-app/src/Packing.jsx
2024-10-15 19:17:18.928 [info] Active editor: file:///home/youcef/my-first-app/src/main.jsx
2024-10-15 19:17:19.357 [info] Active editor: file:///home/youcef/my-first-app/src/App.css
2024-10-15 19:17:19.867 [info] Active editor: file:///home/youcef/my-first-app/src/main.jsx
2024-10-15 19:17:19.906 [info] Active editor: file:///home/youcef/my-first-app/eslint.config.js
2024-10-15 19:17:20.077 [info] Active editor: file:///home/youcef/my-first-app/src/Packing.jsx
2024-10-15 19:17:26.840 [info] Active editor: file:///home/youcef/my-first-app/src/Animals.jsx
2024-10-15 19:17:33.140 [info] /home/youcef/my-first-app/node_modules/@types/react/index.d.ts closed
2024-10-15 19:17:34.797 [info] /home/youcef/my-first-app/src/Animals.jsx closed
2024-10-15 19:17:34.803 [info] Active editor: file:///home/youcef/my-first-app/src/Packing.jsx
2024-10-15 19:17:37.761 [info] /home/youcef/my-first-app/eslint.config.js closed
2024-10-15 19:17:38.751 [info] /home/youcef/my-first-app/src/App.css closed
2024-10-15 19:17:39.639 [info] Active editor: file:///home/youcef/my-first-app/src/main.jsx
2024-10-15 19:17:42.008 [info] /home/youcef/my-first-app/package.json closed
2024-10-15 19:18:03.886 [info] Active editor: file:///home/youcef/my-first-app/src/Packing.jsx
2024-10-15 19:18:30.374 [info] Active editor: file:///home/youcef/my-first-app/src/main.jsx
2024-10-15 19:18:56.203 [info] Active editor: file:///home/youcef/my-first-app/src/Packing.jsx
2024-10-15 19:19:31.008 [info] /home/youcef/my-first-app/node_modules/@types/react/index.d.ts closed
2024-10-15 19:20:50.100 [info] /home/youcef/my-first-app/node_modules/@types/react/index.d.ts closed
2024-10-15 19:28:32.386 [info] /home/youcef/my-first-app/node_modules/@types/react/index.d.ts closed
2024-10-15 19:28:34.268 [info] /home/youcef/my-first-app/node_modules/@types/react/index.d.ts closed
2024-10-15 19:34:39.542 [info] /home/youcef/my-first-app/node_modules/@types/react/index.d.ts closed
2024-10-15 19:34:39.678 [info] /home/youcef/my-first-app/node_modules/@types/react/index.d.ts closed
2024-10-15 19:34:41.263 [info] /home/youcef/my-first-app/node_modules/@types/react/index.d.ts closed
2024-10-15 19:34:43.542 [info] /home/youcef/my-first-app/node_modules/@types/react/index.d.ts closed
2024-10-15 19:35:58.458 [info] /home/youcef/my-first-app/node_modules/@types/react/index.d.ts closed
2024-10-15 20:01:14.077 [info] Active editor: file:///home/youcef/my-first-app/src/main.jsx
2024-10-15 20:01:14.901 [info] /home/youcef/my-first-app/src/Greeting.jsx closed
2024-10-15 20:01:16.201 [info] Active editor: file:///home/youcef/my-first-app/src/Packing.jsx
2024-10-15 20:02:27.055 [info] Active editor: file:///home/youcef/my-first-app/src/main.jsx
2024-10-15 20:02:28.683 [info] Active editor: file:///home/youcef/my-first-app/src/Packing.jsx
2024-10-15 20:02:41.794 [info] /home/youcef/my-first-app/node_modules/@types/react/index.d.ts closed
2024-10-15 20:08:39.685 [info] Active editor: file:///home/youcef/my-first-app/src/Packing.jsx
2024-10-15 20:08:40.176 [info] Active editor: file:///home/youcef/my-first-app/src/Packing.jsx
2024-10-15 20:08:41.684 [info] Active editor: file:///home/youcef/my-first-app/src/Packing.jsx
2024-10-15 20:08:42.356 [info] Active editor: file:///home/youcef/my-first-app/src/Packing.jsx
2024-10-15 20:08:56.409 [info] Active editor: file:///home/youcef/my-first-app/src/Rendring.jsx
2024-10-15 20:09:19.963 [info] /home/youcef/.config/Code/User/settings.json closed
2024-10-15 20:09:19.981 [info] Configuration changed
2024-10-15 20:09:30.848 [info] /home/youcef/.config/Code/User/settings.json closed
2024-10-15 20:09:30.863 [info] Configuration changed
2024-10-15 20:10:25.346 [info] Active editor: file:///home/youcef/my-first-app/src/Packing.jsx
2024-10-15 20:10:46.845 [info] /home/youcef/my-first-app/src/Packing.jsx closed
2024-10-15 20:10:48.358 [info] Active editor: file:///home/youcef/my-first-app/src/Rendring.jsx
2024-10-15 20:12:41.649 [info] /home/youcef/.config/Code/User/settings.json closed
2024-10-15 20:12:41.666 [info] Configuration changed
2024-10-15 20:18:02.219 [info] Active editor: file:///home/youcef/my-first-app/src/main.jsx
2024-10-15 20:18:09.248 [info] Active editor: file:///home/youcef/my-first-app/src/Rendring.jsx
2024-10-15 20:18:10.933 [info] Active editor: file:///home/youcef/my-first-app/src/main.jsx
2024-10-15 20:18:12.992 [info] Active editor: file:///home/youcef/my-first-app/src/Rendring.jsx
2024-10-15 20:18:14.296 [info] Active editor: file:///home/youcef/my-first-app/src/main.jsx
2024-10-15 20:18:23.679 [info] Active editor: file:///home/youcef/my-first-app/src/Rendring.jsx
2024-10-15 20:28:14.294 [info] Active editor: file:///home/youcef/my-first-app/src/main.jsx
2024-10-15 20:28:25.248 [info] Active editor: file:///home/youcef/my-first-app/src/Rendring.jsx
2024-10-15 20:42:38.722 [info] /home/youcef/my-first-app/node_modules/@types/react/index.d.ts closed
2024-10-15 20:45:18.240 [info] /snap/code/172/usr/share/code/resources/app/extensions/node_modules/typescript/lib/lib.es5.d.ts closed
