[Info  - 2:42:02 PM] ESLint server is starting.
[Info  - 2:42:03 PM] ESLint server running in node v20.16.0
[Info  - 2:42:03 PM] ESLint server is running.
[Info  - 2:44:05 PM] ESLint library loaded from: /home/youcef/Youcef-dev/todo-app/node_modules/eslint/lib/api.js
[Error - 2:44:06 PM] Calculating config file for file:///home/youcef/Youcef-dev/todo-app/README.md) failed.
Error: Failed to load plugin 'import' declared in 'package.json » eslint-config-react-app': Cannot find module 'es-abstract/2022/RequireObjectCoercible'
Require stack:
- /home/youcef/Youcef-dev/todo-app/node_modules/array-includes/index.js
- /home/youcef/Youcef-dev/todo-app/node_modules/eslint-plugin-import/lib/ExportMap.js
- /home/youcef/Youcef-dev/todo-app/node_modules/eslint-plugin-import/lib/rules/named.js
- /home/youcef/Youcef-dev/todo-app/node_modules/eslint-plugin-import/lib/index.js
- /home/youcef/Youcef-dev/todo-app/node_modules/@eslint/eslintrc/dist/eslintrc.cjs
    at Module._resolveFilename (node:internal/modules/cjs/loader:1152:15)
    at Module._load (node:internal/modules/cjs/loader:993:27)
    at c._load (node:electron/js2c/node_init:2:13801)
    at Module.require (node:internal/modules/cjs/loader:1240:19)
    at require (node:internal/modules/helpers:179:18)
    at Object.<anonymous> (/home/youcef/Youcef-dev/todo-app/node_modules/array-includes/index.js:4:30)
    at Module._compile (node:internal/modules/cjs/loader:1373:14)
    at Module._extensions..js (node:internal/modules/cjs/loader:1432:10)
    at Module.load (node:internal/modules/cjs/loader:1215:32)
    at Module._load (node:internal/modules/cjs/loader:1031:12)
[Info  - 3:00:10 PM] ESLint server stopped.
