2024-10-14 14:41:36.870 [warning] /home/youcef/.ssh/config: ENOENT: no such file or directory, open '/home/youcef/.ssh/config'
2024-10-14 14:41:36.870 [info] Activation> Extension version: 0.98.0
2024-10-14 14:41:37.044 [info] Looking for git repository
2024-10-14 14:41:37.044 [info] Found 0 repositories during activation
2024-10-14 14:41:37.044 [info] Git repository found, initializing review manager and pr tree view.
2024-10-14 14:41:37.046 [info] Registering git provider
2024-10-14 14:41:59.612 [warning] /home/youcef/.ssh/config: ENOENT: no such file or directory, open '/home/youcef/.ssh/config'
2024-10-14 14:41:59.612 [info] Activation> Extension version: 0.98.0
2024-10-14 14:42:00.096 [info] Looking for git repository
2024-10-14 14:42:00.096 [info] Found 0 repositories during activation
2024-10-14 14:42:00.096 [info] Git repository found, initializing review manager and pr tree view.
2024-10-14 14:42:00.105 [info] Registering git provider
2024-10-14 14:42:00.105 [info] Review+0> Validate state in progress
2024-10-14 14:42:00.105 [info] Review+0> Validating state...
2024-10-14 14:42:02.622 [info] Found GitHub remote for folder /home/youcef/Youcef-dev/todo-app
2024-10-14 14:42:03.597 [info] Trying to use globalState for assignableUsers.
2024-10-14 14:42:03.759 [info] Review+0> No matching pull request metadata found locally for current branch master
2024-10-14 14:42:03.795 [info] Using globalState assignableUsers for 1.
2024-10-14 14:42:04.496 [info] Review+0> No matching pull request metadata found on GitHub for current branch master
2024-10-14 14:43:47.399 [info] Repo state for file:///home/youcef/Youcef-dev/todo-app changed.
2024-10-14 14:43:47.399 [info] Repo file:///home/youcef/Youcef-dev/todo-app has already been setup.
