2024-10-14 20:41:08.511 [info] Reading sessions from keychain...
2024-10-14 20:41:08.511 [info] Getting sessions for all scopes...
2024-10-14 20:41:08.511 [info] Getting sessions for all scopes...
2024-10-14 20:41:08.511 [info] Got stored sessions!
2024-10-14 20:41:08.511 [info] Got 1 verified sessions.
2024-10-14 20:41:08.511 [info] Got 1 sessions for ...
2024-10-14 20:41:08.511 [info] Got 1 sessions for ...
2024-10-14 20:41:08.511 [info] Getting sessions for read:user,repo,user:email,workflow...
2024-10-14 20:41:08.511 [info] Got 1 sessions for read:user,repo,user:email,workflow...
2024-10-14 20:41:08.511 [info] Getting sessions for all scopes...
2024-10-14 20:41:08.511 [info] Got 1 sessions for ...
2024-10-14 20:41:08.511 [info] Getting sessions for all scopes...
2024-10-14 20:41:08.511 [info] Got 1 sessions for ...
2024-10-14 20:41:08.511 [info] Getting sessions for project,read:org,read:user,repo,user:email,workflow...
2024-10-14 20:41:08.511 [info] Got 0 sessions for project,read:org,read:user,repo,user:email,workflow...
2024-10-14 20:41:08.511 [info] Getting sessions for read:user,repo,user:email,workflow...
2024-10-14 20:41:08.511 [info] Got 1 sessions for read:user,repo,user:email,workflow...
2024-10-14 20:41:08.641 [info] Getting sessions for read:user,repo,user:email,workflow...
2024-10-14 20:41:08.641 [info] Got 1 sessions for read:user,repo,user:email,workflow...
2024-10-14 20:41:08.642 [info] Getting sessions for all scopes...
2024-10-14 20:41:08.642 [info] Got 1 sessions for ...
2024-10-14 20:41:08.642 [info] Getting sessions for all scopes...
2024-10-14 20:41:08.642 [info] Got 1 sessions for ...
2024-10-14 20:41:08.652 [info] Getting sessions for read:user,repo,user:email,workflow...
2024-10-14 20:41:08.652 [info] Got 1 sessions for read:user,repo,user:email,workflow...
2024-10-14 20:41:09.537 [info] Getting sessions for all scopes...
2024-10-14 20:41:09.537 [info] Got 1 sessions for ...
2024-10-14 20:41:09.538 [info] Getting sessions for all scopes...
2024-10-14 20:41:09.538 [info] Got 1 sessions for ...
2024-10-14 20:41:09.551 [info] Getting sessions for read:user,repo,user:email,workflow...
2024-10-14 20:41:09.551 [info] Got 1 sessions for read:user,repo,user:email,workflow...
2024-10-14 20:41:09.553 [info] Getting sessions for all scopes...
2024-10-14 20:41:09.553 [info] Got 1 sessions for ...
2024-10-14 20:41:09.555 [info] Getting sessions for read:user,repo,user:email,workflow...
2024-10-14 20:41:09.555 [info] Got 1 sessions for read:user,repo,user:email,workflow...
2024-10-14 20:41:09.633 [info] Getting sessions for all scopes...
2024-10-14 20:41:09.633 [info] Got 1 sessions for ...
2024-10-14 20:41:09.643 [info] Getting sessions for read:user,repo,user:email,workflow...
2024-10-14 20:41:09.643 [info] Got 1 sessions for read:user,repo,user:email,workflow...
2024-10-14 20:56:10.353 [info] Getting sessions for all scopes...
2024-10-14 20:56:10.353 [info] Got 1 sessions for ...
2024-10-14 20:56:10.357 [info] Getting sessions for read:user,repo,user:email,workflow...
2024-10-14 20:56:10.357 [info] Got 1 sessions for read:user,repo,user:email,workflow...
2024-10-14 20:56:10.415 [info] Getting sessions for all scopes...
2024-10-14 20:56:10.415 [info] Got 1 sessions for ...
2024-10-14 20:56:10.416 [info] Getting sessions for read:user,repo,user:email,workflow...
2024-10-14 20:56:10.416 [info] Got 1 sessions for read:user,repo,user:email,workflow...
2024-10-14 21:06:09.115 [info] Getting sessions for read:user,repo,user:email,workflow...
2024-10-14 21:06:09.115 [info] Got 1 sessions for read:user,repo,user:email,workflow...
2024-10-14 21:06:09.510 [info] Getting sessions for all scopes...
2024-10-14 21:06:09.510 [info] Got 1 sessions for ...
2024-10-14 21:06:09.512 [info] Getting sessions for read:user,repo,user:email,workflow...
2024-10-14 21:06:09.512 [info] Got 1 sessions for read:user,repo,user:email,workflow...
2024-10-14 21:06:10.611 [info] Getting sessions for all scopes...
2024-10-14 21:06:10.612 [info] Got 1 sessions for ...
2024-10-14 21:06:10.613 [info] Getting sessions for all scopes...
2024-10-14 21:06:10.613 [info] Got 1 sessions for ...
2024-10-14 21:06:10.617 [info] Getting sessions for read:user,repo,user:email,workflow...
2024-10-14 21:06:10.617 [info] Got 1 sessions for read:user,repo,user:email,workflow...
2024-10-14 21:06:10.622 [info] Getting sessions for all scopes...
2024-10-14 21:06:10.622 [info] Got 1 sessions for ...
2024-10-14 21:06:10.625 [info] Getting sessions for read:user,repo,user:email,workflow...
2024-10-14 21:06:10.626 [info] Got 1 sessions for read:user,repo,user:email,workflow...
2024-10-14 21:06:10.635 [info] Getting sessions for all scopes...
2024-10-14 21:06:10.635 [info] Got 1 sessions for ...
2024-10-14 21:06:10.638 [info] Getting sessions for read:user,repo,user:email,workflow...
2024-10-14 21:06:10.638 [info] Got 1 sessions for read:user,repo,user:email,workflow...
2024-10-14 21:32:18.346 [info] Getting sessions for all scopes...
2024-10-14 21:32:18.346 [info] Got 1 sessions for ...
2024-10-14 21:32:18.348 [info] Getting sessions for read:user,repo,user:email,workflow...
2024-10-14 21:32:18.348 [info] Got 1 sessions for read:user,repo,user:email,workflow...
2024-10-14 21:32:18.350 [info] Getting sessions for all scopes...
2024-10-14 21:32:18.350 [info] Got 1 sessions for ...
2024-10-14 21:32:18.351 [info] Getting sessions for read:user,repo,user:email,workflow...
2024-10-14 21:32:18.351 [info] Got 1 sessions for read:user,repo,user:email,workflow...
2024-10-14 21:32:19.349 [info] Getting sessions for all scopes...
2024-10-14 21:32:19.349 [info] Got 1 sessions for ...
2024-10-14 21:32:19.350 [info] Getting sessions for all scopes...
2024-10-14 21:32:19.350 [info] Got 1 sessions for ...
2024-10-14 21:32:19.353 [info] Getting sessions for read:user,repo,user:email,workflow...
2024-10-14 21:32:19.353 [info] Got 1 sessions for read:user,repo,user:email,workflow...
2024-10-14 21:32:19.355 [info] Getting sessions for all scopes...
2024-10-14 21:32:19.355 [info] Got 1 sessions for ...
2024-10-14 21:32:19.356 [info] Getting sessions for read:user,repo,user:email,workflow...
2024-10-14 21:32:19.356 [info] Got 1 sessions for read:user,repo,user:email,workflow...
2024-10-14 21:32:19.384 [info] Getting sessions for all scopes...
2024-10-14 21:32:19.384 [info] Got 1 sessions for ...
2024-10-14 21:32:19.403 [info] Getting sessions for read:user,repo,user:email,workflow...
2024-10-14 21:32:19.404 [info] Got 1 sessions for read:user,repo,user:email,workflow...
2024-10-14 21:42:18.073 [info] Getting sessions for all scopes...
2024-10-14 21:42:18.073 [info] Got 1 sessions for ...
2024-10-14 21:42:18.074 [info] Getting sessions for read:user,repo,user:email,workflow...
2024-10-14 21:42:18.074 [info] Got 1 sessions for read:user,repo,user:email,workflow...
2024-10-14 21:47:19.878 [info] Getting sessions for all scopes...
2024-10-14 21:47:19.878 [info] Got 1 sessions for ...
2024-10-14 21:47:19.878 [info] Getting sessions for read:user,repo,user:email,workflow...
2024-10-14 21:47:19.879 [info] Got 1 sessions for read:user,repo,user:email,workflow...
2024-10-14 21:47:19.880 [info] Getting sessions for all scopes...
2024-10-14 21:47:19.880 [info] Got 1 sessions for ...
2024-10-14 21:47:19.881 [info] Getting sessions for read:user,repo,user:email,workflow...
2024-10-14 21:47:19.881 [info] Got 1 sessions for read:user,repo,user:email,workflow...
2024-10-14 21:52:16.974 [info] Getting sessions for read:user,repo,user:email,workflow...
2024-10-14 21:52:16.974 [info] Got 1 sessions for read:user,repo,user:email,workflow...
2024-10-14 21:57:18.076 [info] Getting sessions for all scopes...
2024-10-14 21:57:18.076 [info] Got 1 sessions for ...
2024-10-14 21:57:18.077 [info] Getting sessions for read:user,repo,user:email,workflow...
2024-10-14 21:57:18.077 [info] Got 1 sessions for read:user,repo,user:email,workflow...
2024-10-14 21:57:19.347 [info] Getting sessions for all scopes...
2024-10-14 21:57:19.347 [info] Got 1 sessions for ...
2024-10-14 21:57:19.349 [info] Getting sessions for read:user,repo,user:email,workflow...
2024-10-14 21:57:19.349 [info] Got 1 sessions for read:user,repo,user:email,workflow...
2024-10-14 21:57:20.355 [info] Getting sessions for all scopes...
2024-10-14 21:57:20.355 [info] Got 1 sessions for ...
2024-10-14 21:57:20.356 [info] Getting sessions for all scopes...
2024-10-14 21:57:20.356 [info] Got 1 sessions for ...
2024-10-14 21:57:20.357 [info] Getting sessions for read:user,repo,user:email,workflow...
2024-10-14 21:57:20.357 [info] Got 1 sessions for read:user,repo,user:email,workflow...
2024-10-14 21:57:20.358 [info] Getting sessions for all scopes...
2024-10-14 21:57:20.358 [info] Got 1 sessions for ...
2024-10-14 21:57:20.359 [info] Getting sessions for read:user,repo,user:email,workflow...
2024-10-14 21:57:20.359 [info] Got 1 sessions for read:user,repo,user:email,workflow...
2024-10-14 21:57:20.365 [info] Getting sessions for all scopes...
2024-10-14 21:57:20.365 [info] Got 1 sessions for ...
2024-10-14 21:57:20.366 [info] Getting sessions for read:user,repo,user:email,workflow...
2024-10-14 21:57:20.366 [info] Got 1 sessions for read:user,repo,user:email,workflow...
2024-10-14 22:02:20.485 [info] Getting sessions for all scopes...
2024-10-14 22:02:20.485 [info] Got 1 sessions for ...
2024-10-14 22:02:20.490 [info] Getting sessions for read:user,repo,user:email,workflow...
2024-10-14 22:02:20.491 [info] Got 1 sessions for read:user,repo,user:email,workflow...
2024-10-14 22:02:20.497 [info] Getting sessions for all scopes...
2024-10-14 22:02:20.497 [info] Got 1 sessions for ...
2024-10-14 22:02:20.502 [info] Getting sessions for read:user,repo,user:email,workflow...
2024-10-14 22:02:20.502 [info] Got 1 sessions for read:user,repo,user:email,workflow...
