2024-10-14 14:41:36.685 [info] Reading sessions from keychain...
2024-10-14 14:41:36.685 [info] Getting sessions for all scopes...
2024-10-14 14:41:36.685 [info] Getting sessions for all scopes...
2024-10-14 14:41:36.685 [info] Got stored sessions!
2024-10-14 14:41:36.685 [info] Got 1 verified sessions.
2024-10-14 14:41:36.685 [info] Got 1 sessions for ...
2024-10-14 14:41:36.685 [info] Got 1 sessions for ...
2024-10-14 14:41:36.685 [info] Getting sessions for read:user,repo,user:email,workflow...
2024-10-14 14:41:36.685 [info] Got 1 sessions for read:user,repo,user:email,workflow...
2024-10-14 14:41:36.685 [info] Getting sessions for all scopes...
2024-10-14 14:41:36.685 [info] Got 1 sessions for ...
2024-10-14 14:41:36.685 [info] Getting sessions for all scopes...
2024-10-14 14:41:36.685 [info] Got 1 sessions for ...
2024-10-14 14:41:36.685 [info] Getting sessions for project,read:org,read:user,repo,user:email,workflow...
2024-10-14 14:41:36.685 [info] Got 0 sessions for project,read:org,read:user,repo,user:email,workflow...
2024-10-14 14:41:36.685 [info] Getting sessions for read:user,repo,user:email,workflow...
2024-10-14 14:41:36.685 [info] Got 1 sessions for read:user,repo,user:email,workflow...
2024-10-14 14:41:36.874 [info] Getting sessions for read:user,repo,user:email,workflow...
2024-10-14 14:41:36.874 [info] Got 1 sessions for read:user,repo,user:email,workflow...
2024-10-14 14:41:36.947 [info] Getting sessions for all scopes...
2024-10-14 14:41:36.947 [info] Got 1 sessions for ...
2024-10-14 14:41:37.026 [info] Getting sessions for read:user,repo,user:email,workflow...
2024-10-14 14:41:37.026 [info] Got 1 sessions for read:user,repo,user:email,workflow...
2024-10-14 14:41:37.076 [info] Getting sessions for all scopes...
2024-10-14 14:41:37.076 [info] Got 1 sessions for ...
2024-10-14 14:41:37.079 [info] Getting sessions for read:user,repo,user:email,workflow...
2024-10-14 14:41:37.079 [info] Got 1 sessions for read:user,repo,user:email,workflow...
2024-10-14 14:41:37.420 [info] Getting sessions for all scopes...
2024-10-14 14:41:37.421 [info] Got 1 sessions for ...
2024-10-14 14:41:37.423 [info] Getting sessions for read:user,repo,user:email,workflow...
2024-10-14 14:41:37.423 [info] Got 1 sessions for read:user,repo,user:email,workflow...
2024-10-14 14:41:38.675 [info] Getting sessions for all scopes...
2024-10-14 14:41:38.675 [info] Got 1 sessions for ...
2024-10-14 14:41:38.676 [info] Getting sessions for all scopes...
2024-10-14 14:41:38.676 [info] Got 1 sessions for ...
2024-10-14 14:41:38.706 [info] Getting sessions for read:user,repo,user:email,workflow...
2024-10-14 14:41:38.707 [info] Got 1 sessions for read:user,repo,user:email,workflow...
2024-10-14 14:41:38.727 [info] Getting sessions for all scopes...
2024-10-14 14:41:38.727 [info] Got 1 sessions for ...
2024-10-14 14:41:38.729 [info] Getting sessions for read:user,repo,user:email,workflow...
2024-10-14 14:41:38.729 [info] Got 1 sessions for read:user,repo,user:email,workflow...
2024-10-14 14:41:38.845 [info] Getting sessions for all scopes...
2024-10-14 14:41:38.845 [info] Got 1 sessions for ...
2024-10-14 14:41:38.855 [info] Getting sessions for read:user,repo,user:email,workflow...
2024-10-14 14:41:38.855 [info] Got 1 sessions for read:user,repo,user:email,workflow...
2024-10-14 14:41:59.450 [info] Reading sessions from keychain...
2024-10-14 14:41:59.450 [info] Getting sessions for all scopes...
2024-10-14 14:41:59.450 [info] Getting sessions for all scopes...
2024-10-14 14:41:59.450 [info] Got stored sessions!
2024-10-14 14:41:59.450 [info] Got 1 verified sessions.
2024-10-14 14:41:59.450 [info] Got 1 sessions for ...
2024-10-14 14:41:59.450 [info] Got 1 sessions for ...
2024-10-14 14:41:59.450 [info] Getting sessions for all scopes...
2024-10-14 14:41:59.450 [info] Got 1 sessions for ...
2024-10-14 14:41:59.450 [info] Getting sessions for read:user,repo,user:email,workflow...
2024-10-14 14:41:59.450 [info] Got 1 sessions for read:user,repo,user:email,workflow...
2024-10-14 14:41:59.450 [info] Getting sessions for all scopes...
2024-10-14 14:41:59.450 [info] Got 1 sessions for ...
2024-10-14 14:41:59.450 [info] Getting sessions for all scopes...
2024-10-14 14:41:59.450 [info] Got 1 sessions for ...
2024-10-14 14:41:59.496 [info] Getting sessions for read:user,repo,user:email,workflow...
2024-10-14 14:41:59.497 [info] Got 1 sessions for read:user,repo,user:email,workflow...
2024-10-14 14:41:59.548 [info] Getting sessions for project,read:org,read:user,repo,user:email,workflow...
2024-10-14 14:41:59.548 [info] Got 0 sessions for project,read:org,read:user,repo,user:email,workflow...
2024-10-14 14:41:59.678 [info] Getting sessions for read:user,repo,user:email,workflow...
2024-10-14 14:41:59.678 [info] Got 1 sessions for read:user,repo,user:email,workflow...
2024-10-14 14:42:00.009 [info] Getting sessions for read:user,repo,user:email,workflow...
2024-10-14 14:42:00.009 [info] Got 1 sessions for read:user,repo,user:email,workflow...
2024-10-14 14:42:00.011 [info] Getting sessions for all scopes...
2024-10-14 14:42:00.011 [info] Got 1 sessions for ...
2024-10-14 14:42:00.074 [info] Getting sessions for read:user,repo,user:email,workflow...
2024-10-14 14:42:00.074 [info] Got 1 sessions for read:user,repo,user:email,workflow...
2024-10-14 14:42:02.704 [info] Getting sessions for all scopes...
2024-10-14 14:42:02.704 [info] Got 1 sessions for ...
2024-10-14 14:42:02.831 [info] Getting sessions for read:user,repo,user:email,workflow...
2024-10-14 14:42:02.831 [info] Got 1 sessions for read:user,repo,user:email,workflow...
2024-10-14 14:42:04.499 [info] Getting sessions for all scopes...
2024-10-14 14:42:04.499 [info] Got 1 sessions for ...
2024-10-14 14:42:04.500 [info] Getting sessions for all scopes...
2024-10-14 14:42:04.500 [info] Got 1 sessions for ...
2024-10-14 14:42:04.525 [info] Getting sessions for read:user,repo,user:email,workflow...
2024-10-14 14:42:04.525 [info] Got 1 sessions for read:user,repo,user:email,workflow...
2024-10-14 14:42:04.573 [info] Getting sessions for all scopes...
2024-10-14 14:42:04.573 [info] Got 1 sessions for ...
2024-10-14 14:42:04.575 [info] Getting sessions for read:user,repo,user:email,workflow...
2024-10-14 14:42:04.575 [info] Got 1 sessions for read:user,repo,user:email,workflow...
2024-10-14 14:42:04.696 [info] Getting sessions for all scopes...
2024-10-14 14:42:04.696 [info] Got 1 sessions for ...
2024-10-14 14:42:04.716 [info] Getting sessions for all scopes...
2024-10-14 14:42:04.716 [info] Got 1 sessions for ...
2024-10-14 14:42:04.717 [info] Getting sessions for read:user,repo,user:email,workflow...
2024-10-14 14:42:04.717 [info] Got 1 sessions for read:user,repo,user:email,workflow...
2024-10-14 14:57:05.392 [info] Getting sessions for all scopes...
2024-10-14 14:57:05.392 [info] Got 1 sessions for ...
2024-10-14 14:57:05.397 [info] Getting sessions for read:user,repo,user:email,workflow...
2024-10-14 14:57:05.397 [info] Got 1 sessions for read:user,repo,user:email,workflow...
2024-10-14 14:57:05.515 [info] Getting sessions for all scopes...
2024-10-14 14:57:05.515 [info] Got 1 sessions for ...
2024-10-14 14:57:05.519 [info] Getting sessions for read:user,repo,user:email,workflow...
2024-10-14 14:57:05.520 [info] Got 1 sessions for read:user,repo,user:email,workflow...
