2024-10-15 09:27:05.759 [info] Reading sessions from keychain...
2024-10-15 09:27:05.759 [info] Getting sessions for all scopes...
2024-10-15 09:27:05.759 [info] Getting sessions for all scopes...
2024-10-15 09:27:05.759 [info] Got stored sessions!
2024-10-15 09:27:05.759 [info] Got 1 verified sessions.
2024-10-15 09:27:05.759 [info] Got 1 sessions for ...
2024-10-15 09:27:05.759 [info] Got 1 sessions for ...
2024-10-15 09:27:05.759 [info] Getting sessions for read:user,repo,user:email,workflow...
2024-10-15 09:27:05.759 [info] Got 1 sessions for read:user,repo,user:email,workflow...
2024-10-15 09:27:05.759 [info] Getting sessions for all scopes...
2024-10-15 09:27:05.759 [info] Got 1 sessions for ...
2024-10-15 09:27:05.759 [info] Getting sessions for all scopes...
2024-10-15 09:27:05.759 [info] Got 1 sessions for ...
2024-10-15 09:27:05.759 [info] Getting sessions for project,read:org,read:user,repo,user:email,workflow...
2024-10-15 09:27:05.759 [info] Got 0 sessions for project,read:org,read:user,repo,user:email,workflow...
2024-10-15 09:27:05.760 [info] Getting sessions for read:user,repo,user:email,workflow...
2024-10-15 09:27:05.760 [info] Got 1 sessions for read:user,repo,user:email,workflow...
2024-10-15 09:27:07.808 [info] Getting sessions for read:user,repo,user:email,workflow...
2024-10-15 09:27:07.808 [info] Got 1 sessions for read:user,repo,user:email,workflow...
2024-10-15 09:27:07.808 [info] Getting sessions for all scopes...
2024-10-15 09:27:07.808 [info] Got 1 sessions for ...
2024-10-15 09:27:07.809 [info] Getting sessions for all scopes...
2024-10-15 09:27:07.809 [info] Got 1 sessions for ...
2024-10-15 09:27:07.855 [info] Getting sessions for read:user,repo,user:email,workflow...
2024-10-15 09:27:07.856 [info] Got 1 sessions for read:user,repo,user:email,workflow...
2024-10-15 09:27:07.887 [info] Getting sessions for all scopes...
2024-10-15 09:27:07.887 [info] Got 1 sessions for ...
2024-10-15 09:27:07.888 [info] Getting sessions for read:user,repo,user:email,workflow...
2024-10-15 09:27:07.888 [info] Got 1 sessions for read:user,repo,user:email,workflow...
2024-10-15 09:27:07.890 [info] Getting sessions for all scopes...
2024-10-15 09:27:07.890 [info] Got 1 sessions for ...
2024-10-15 09:27:07.891 [info] Getting sessions for read:user,repo,user:email,workflow...
2024-10-15 09:27:07.891 [info] Got 1 sessions for read:user,repo,user:email,workflow...
2024-10-15 09:28:07.881 [info] Getting sessions for all scopes...
2024-10-15 09:28:07.881 [info] Got 1 sessions for ...
2024-10-15 09:28:07.885 [info] Getting sessions for read:user,repo,user:email,workflow...
2024-10-15 09:28:07.885 [info] Got 1 sessions for read:user,repo,user:email,workflow...
2024-10-15 09:28:07.890 [info] Getting sessions for all scopes...
2024-10-15 09:28:07.890 [info] Got 1 sessions for ...
2024-10-15 09:28:07.893 [info] Getting sessions for read:user,repo,user:email,workflow...
2024-10-15 09:28:07.894 [info] Got 1 sessions for read:user,repo,user:email,workflow...
2024-10-15 09:30:56.123 [info] Getting sessions for all scopes...
2024-10-15 09:30:56.123 [info] Got 1 sessions for ...
2024-10-15 09:30:56.127 [info] Getting sessions for read:user,repo,user:email,workflow...
2024-10-15 09:30:56.128 [info] Got 1 sessions for read:user,repo,user:email,workflow...
2024-10-15 09:30:56.133 [info] Getting sessions for all scopes...
2024-10-15 09:30:56.134 [info] Got 1 sessions for ...
2024-10-15 09:30:56.138 [info] Getting sessions for read:user,repo,user:email,workflow...
2024-10-15 09:30:56.138 [info] Got 1 sessions for read:user,repo,user:email,workflow...
2024-10-15 09:30:57.715 [info] Getting sessions for all scopes...
2024-10-15 09:30:57.716 [info] Got 1 sessions for ...
2024-10-15 09:30:57.716 [info] Getting sessions for all scopes...
2024-10-15 09:30:57.716 [info] Got 1 sessions for ...
2024-10-15 09:30:57.720 [info] Getting sessions for read:user,repo,user:email,workflow...
2024-10-15 09:30:57.720 [info] Got 1 sessions for read:user,repo,user:email,workflow...
2024-10-15 09:30:57.725 [info] Getting sessions for all scopes...
2024-10-15 09:30:57.725 [info] Got 1 sessions for ...
2024-10-15 09:30:57.729 [info] Getting sessions for read:user,repo,user:email,workflow...
2024-10-15 09:30:57.730 [info] Got 1 sessions for read:user,repo,user:email,workflow...
2024-10-15 09:30:57.881 [info] Getting sessions for all scopes...
2024-10-15 09:30:57.881 [info] Got 1 sessions for ...
2024-10-15 09:30:57.896 [info] Getting sessions for read:user,repo,user:email,workflow...
2024-10-15 09:30:57.896 [info] Got 1 sessions for read:user,repo,user:email,workflow...
2024-10-15 09:30:57.902 [info] Getting sessions for all scopes...
2024-10-15 09:30:57.902 [info] Got 1 sessions for ...
2024-10-15 09:30:57.904 [info] Getting sessions for read:user,repo,user:email,workflow...
2024-10-15 09:30:57.904 [info] Got 1 sessions for read:user,repo,user:email,workflow...
2024-10-15 09:31:12.444 [info] Reading sessions from keychain...
2024-10-15 09:31:12.444 [info] Getting sessions for all scopes...
2024-10-15 09:31:12.444 [info] Getting sessions for all scopes...
2024-10-15 09:31:12.444 [info] Got stored sessions!
2024-10-15 09:31:12.444 [info] Got 1 verified sessions.
2024-10-15 09:31:12.444 [info] Got 1 sessions for ...
2024-10-15 09:31:12.444 [info] Got 1 sessions for ...
2024-10-15 09:31:12.444 [info] Getting sessions for read:user,repo,user:email,workflow...
2024-10-15 09:31:12.444 [info] Got 1 sessions for read:user,repo,user:email,workflow...
2024-10-15 09:31:12.444 [info] Getting sessions for all scopes...
2024-10-15 09:31:12.444 [info] Got 1 sessions for ...
2024-10-15 09:31:12.444 [info] Getting sessions for all scopes...
2024-10-15 09:31:12.444 [info] Got 1 sessions for ...
2024-10-15 09:31:12.477 [info] Getting sessions for project,read:org,read:user,repo,user:email,workflow...
2024-10-15 09:31:12.477 [info] Got 0 sessions for project,read:org,read:user,repo,user:email,workflow...
2024-10-15 09:31:12.497 [info] Getting sessions for read:user,repo,user:email,workflow...
2024-10-15 09:31:12.497 [info] Got 1 sessions for read:user,repo,user:email,workflow...
2024-10-15 09:31:12.655 [info] Getting sessions for read:user,repo,user:email,workflow...
2024-10-15 09:31:12.655 [info] Got 1 sessions for read:user,repo,user:email,workflow...
2024-10-15 09:31:12.655 [info] Getting sessions for all scopes...
2024-10-15 09:31:12.655 [info] Got 1 sessions for ...
2024-10-15 09:31:12.671 [info] Getting sessions for read:user,repo,user:email,workflow...
2024-10-15 09:31:12.671 [info] Got 1 sessions for read:user,repo,user:email,workflow...
2024-10-15 09:31:12.719 [info] Getting sessions for all scopes...
2024-10-15 09:31:12.719 [info] Got 1 sessions for ...
2024-10-15 09:31:12.726 [info] Getting sessions for read:user,repo,user:email,workflow...
2024-10-15 09:31:12.726 [info] Got 1 sessions for read:user,repo,user:email,workflow...
2024-10-15 09:31:12.930 [info] Getting sessions for all scopes...
2024-10-15 09:31:12.930 [info] Got 1 sessions for ...
2024-10-15 09:31:12.937 [info] Getting sessions for read:user,repo,user:email,workflow...
2024-10-15 09:31:12.937 [info] Got 1 sessions for read:user,repo,user:email,workflow...
2024-10-15 09:31:13.706 [info] Getting sessions for all scopes...
2024-10-15 09:31:13.706 [info] Got 1 sessions for ...
2024-10-15 09:31:13.706 [info] Getting sessions for all scopes...
2024-10-15 09:31:13.706 [info] Got 1 sessions for ...
2024-10-15 09:31:13.746 [info] Getting sessions for read:user,repo,user:email,workflow...
2024-10-15 09:31:13.746 [info] Got 1 sessions for read:user,repo,user:email,workflow...
2024-10-15 09:31:13.754 [info] Getting sessions for all scopes...
2024-10-15 09:31:13.754 [info] Got 1 sessions for ...
2024-10-15 09:31:13.758 [info] Getting sessions for read:user,repo,user:email,workflow...
2024-10-15 09:31:13.758 [info] Got 1 sessions for read:user,repo,user:email,workflow...
2024-10-15 09:31:13.864 [info] Getting sessions for all scopes...
2024-10-15 09:31:13.864 [info] Got 1 sessions for ...
2024-10-15 09:31:13.883 [info] Getting sessions for read:user,repo,user:email,workflow...
2024-10-15 09:31:13.883 [info] Got 1 sessions for read:user,repo,user:email,workflow...
2024-10-15 09:46:14.635 [info] Getting sessions for all scopes...
2024-10-15 09:46:14.635 [info] Got 1 sessions for ...
2024-10-15 09:46:14.640 [info] Getting sessions for read:user,repo,user:email,workflow...
2024-10-15 09:46:14.640 [info] Got 1 sessions for read:user,repo,user:email,workflow...
2024-10-15 09:46:14.645 [info] Getting sessions for all scopes...
2024-10-15 09:46:14.645 [info] Got 1 sessions for ...
2024-10-15 09:46:14.648 [info] Getting sessions for read:user,repo,user:email,workflow...
2024-10-15 09:46:14.648 [info] Got 1 sessions for read:user,repo,user:email,workflow...
2024-10-15 09:46:14.665 [info] Getting sessions for all scopes...
2024-10-15 09:46:14.665 [info] Got 1 sessions for ...
2024-10-15 09:46:14.669 [info] Getting sessions for read:user,repo,user:email,workflow...
2024-10-15 09:46:14.669 [info] Got 1 sessions for read:user,repo,user:email,workflow...
2024-10-15 09:56:13.290 [info] Getting sessions for read:user,repo,user:email,workflow...
2024-10-15 09:56:13.290 [info] Got 1 sessions for read:user,repo,user:email,workflow...
2024-10-15 09:56:13.652 [info] Getting sessions for all scopes...
2024-10-15 09:56:13.652 [info] Got 1 sessions for ...
2024-10-15 09:56:13.656 [info] Getting sessions for read:user,repo,user:email,workflow...
2024-10-15 09:56:13.656 [info] Got 1 sessions for read:user,repo,user:email,workflow...
2024-10-15 09:56:13.673 [info] Getting sessions for all scopes...
2024-10-15 09:56:13.673 [info] Got 1 sessions for ...
2024-10-15 09:56:13.674 [info] Getting sessions for all scopes...
2024-10-15 09:56:13.674 [info] Got 1 sessions for ...
2024-10-15 09:56:13.677 [info] Getting sessions for read:user,repo,user:email,workflow...
2024-10-15 09:56:13.677 [info] Got 1 sessions for read:user,repo,user:email,workflow...
2024-10-15 09:56:13.681 [info] Getting sessions for all scopes...
2024-10-15 09:56:13.681 [info] Got 1 sessions for ...
2024-10-15 09:56:13.685 [info] Getting sessions for read:user,repo,user:email,workflow...
2024-10-15 09:56:13.685 [info] Got 1 sessions for read:user,repo,user:email,workflow...
2024-10-15 09:56:13.689 [info] Getting sessions for all scopes...
2024-10-15 09:56:13.689 [info] Got 1 sessions for ...
2024-10-15 09:56:13.693 [info] Getting sessions for read:user,repo,user:email,workflow...
2024-10-15 09:56:13.693 [info] Got 1 sessions for read:user,repo,user:email,workflow...
2024-10-15 09:56:13.853 [info] Getting sessions for all scopes...
2024-10-15 09:56:13.853 [info] Got 1 sessions for ...
2024-10-15 09:56:13.855 [info] Getting sessions for read:user,repo,user:email,workflow...
2024-10-15 09:56:13.856 [info] Got 1 sessions for read:user,repo,user:email,workflow...
2024-10-15 09:56:13.858 [info] Getting sessions for all scopes...
2024-10-15 09:56:13.858 [info] Got 1 sessions for ...
2024-10-15 09:56:13.860 [info] Getting sessions for read:user,repo,user:email,workflow...
2024-10-15 09:56:13.860 [info] Got 1 sessions for read:user,repo,user:email,workflow...
2024-10-15 09:56:13.872 [info] Getting sessions for all scopes...
2024-10-15 09:56:13.872 [info] Got 1 sessions for ...
2024-10-15 09:56:13.873 [info] Getting sessions for read:user,repo,user:email,workflow...
2024-10-15 09:56:13.873 [info] Got 1 sessions for read:user,repo,user:email,workflow...
2024-10-15 09:56:13.875 [info] Getting sessions for all scopes...
2024-10-15 09:56:13.875 [info] Got 1 sessions for ...
2024-10-15 09:56:13.877 [info] Getting sessions for read:user,repo,user:email,workflow...
2024-10-15 09:56:13.877 [info] Got 1 sessions for read:user,repo,user:email,workflow...
2024-10-15 10:01:14.685 [info] Getting sessions for all scopes...
2024-10-15 10:01:14.685 [info] Got 1 sessions for ...
2024-10-15 10:01:14.689 [info] Getting sessions for read:user,repo,user:email,workflow...
2024-10-15 10:01:14.689 [info] Got 1 sessions for read:user,repo,user:email,workflow...
2024-10-15 10:01:14.693 [info] Getting sessions for all scopes...
2024-10-15 10:01:14.693 [info] Got 1 sessions for ...
2024-10-15 10:01:14.699 [info] Getting sessions for read:user,repo,user:email,workflow...
2024-10-15 10:01:14.699 [info] Got 1 sessions for read:user,repo,user:email,workflow...
2024-10-15 10:01:14.714 [info] Getting sessions for all scopes...
2024-10-15 10:01:14.714 [info] Got 1 sessions for ...
2024-10-15 10:01:14.718 [info] Getting sessions for read:user,repo,user:email,workflow...
2024-10-15 10:01:14.718 [info] Got 1 sessions for read:user,repo,user:email,workflow...
2024-10-15 10:01:14.722 [info] Getting sessions for all scopes...
2024-10-15 10:01:14.722 [info] Got 1 sessions for ...
2024-10-15 10:01:14.726 [info] Getting sessions for read:user,repo,user:email,workflow...
2024-10-15 10:01:14.726 [info] Got 1 sessions for read:user,repo,user:email,workflow...
2024-10-15 10:13:55.440 [info] Getting sessions for all scopes...
2024-10-15 10:13:55.441 [info] Got 1 sessions for ...
2024-10-15 10:13:55.448 [info] Getting sessions for read:user,repo,user:email,workflow...
2024-10-15 10:13:55.448 [info] Got 1 sessions for read:user,repo,user:email,workflow...
2024-10-15 10:13:55.450 [info] Getting sessions for all scopes...
2024-10-15 10:13:55.450 [info] Got 1 sessions for ...
2024-10-15 10:13:55.452 [info] Getting sessions for read:user,repo,user:email,workflow...
2024-10-15 10:13:55.452 [info] Got 1 sessions for read:user,repo,user:email,workflow...
2024-10-15 10:14:55.466 [info] Getting sessions for all scopes...
2024-10-15 10:14:55.466 [info] Got 1 sessions for ...
2024-10-15 10:14:55.473 [info] Getting sessions for read:user,repo,user:email,workflow...
2024-10-15 10:14:55.473 [info] Got 1 sessions for read:user,repo,user:email,workflow...
2024-10-15 10:14:55.478 [info] Getting sessions for all scopes...
2024-10-15 10:14:55.478 [info] Got 1 sessions for ...
2024-10-15 10:14:55.482 [info] Getting sessions for read:user,repo,user:email,workflow...
2024-10-15 10:14:55.482 [info] Got 1 sessions for read:user,repo,user:email,workflow...
2024-10-15 10:15:27.508 [info] Getting sessions for all scopes...
2024-10-15 10:15:27.508 [info] Got 1 sessions for ...
2024-10-15 10:15:27.541 [info] Getting sessions for read:user,repo,user:email,workflow...
2024-10-15 10:15:27.541 [info] Got 1 sessions for read:user,repo,user:email,workflow...
2024-10-15 10:15:27.553 [info] Getting sessions for all scopes...
2024-10-15 10:15:27.553 [info] Got 1 sessions for ...
2024-10-15 10:15:27.558 [info] Getting sessions for read:user,repo,user:email,workflow...
2024-10-15 10:15:27.558 [info] Got 1 sessions for read:user,repo,user:email,workflow...
2024-10-15 10:16:27.582 [info] Getting sessions for all scopes...
2024-10-15 10:16:27.582 [info] Got 1 sessions for ...
2024-10-15 10:16:27.586 [info] Getting sessions for read:user,repo,user:email,workflow...
2024-10-15 10:16:27.586 [info] Got 1 sessions for read:user,repo,user:email,workflow...
2024-10-15 10:16:27.591 [info] Getting sessions for all scopes...
2024-10-15 10:16:27.591 [info] Got 1 sessions for ...
2024-10-15 10:16:27.594 [info] Getting sessions for read:user,repo,user:email,workflow...
2024-10-15 10:16:27.594 [info] Got 1 sessions for read:user,repo,user:email,workflow...
2024-10-15 10:17:57.050 [info] Getting sessions for all scopes...
2024-10-15 10:17:57.050 [info] Got 1 sessions for ...
2024-10-15 10:17:57.053 [info] Getting sessions for read:user,repo,user:email,workflow...
2024-10-15 10:17:57.053 [info] Got 1 sessions for read:user,repo,user:email,workflow...
2024-10-15 10:17:57.062 [info] Getting sessions for all scopes...
2024-10-15 10:17:57.063 [info] Got 1 sessions for ...
2024-10-15 10:17:57.064 [info] Getting sessions for read:user,repo,user:email,workflow...
2024-10-15 10:17:57.064 [info] Got 1 sessions for read:user,repo,user:email,workflow...
2024-10-15 10:18:57.076 [info] Getting sessions for all scopes...
2024-10-15 10:18:57.077 [info] Got 1 sessions for ...
2024-10-15 10:18:57.080 [info] Getting sessions for read:user,repo,user:email,workflow...
2024-10-15 10:18:57.081 [info] Got 1 sessions for read:user,repo,user:email,workflow...
2024-10-15 10:18:57.085 [info] Getting sessions for all scopes...
2024-10-15 10:18:57.085 [info] Got 1 sessions for ...
2024-10-15 10:18:57.089 [info] Getting sessions for read:user,repo,user:email,workflow...
2024-10-15 10:18:57.089 [info] Got 1 sessions for read:user,repo,user:email,workflow...
2024-10-15 10:19:00.714 [info] Getting sessions for all scopes...
2024-10-15 10:19:00.714 [info] Got 1 sessions for ...
2024-10-15 10:19:00.730 [info] Getting sessions for read:user,repo,user:email,workflow...
2024-10-15 10:19:00.731 [info] Got 1 sessions for read:user,repo,user:email,workflow...
2024-10-15 10:19:00.736 [info] Getting sessions for all scopes...
2024-10-15 10:19:00.736 [info] Got 1 sessions for ...
2024-10-15 10:19:00.740 [info] Getting sessions for read:user,repo,user:email,workflow...
2024-10-15 10:19:00.740 [info] Got 1 sessions for read:user,repo,user:email,workflow...
2024-10-15 10:19:27.819 [info] Getting sessions for all scopes...
2024-10-15 10:19:27.819 [info] Got 1 sessions for ...
2024-10-15 10:19:27.826 [info] Getting sessions for read:user,repo,user:email,workflow...
2024-10-15 10:19:27.826 [info] Got 1 sessions for read:user,repo,user:email,workflow...
2024-10-15 10:19:27.828 [info] Getting sessions for all scopes...
2024-10-15 10:19:27.828 [info] Got 1 sessions for ...
2024-10-15 10:19:27.830 [info] Getting sessions for read:user,repo,user:email,workflow...
2024-10-15 10:19:27.830 [info] Got 1 sessions for read:user,repo,user:email,workflow...
2024-10-15 10:20:27.841 [info] Getting sessions for all scopes...
2024-10-15 10:20:27.841 [info] Got 1 sessions for ...
2024-10-15 10:20:27.845 [info] Getting sessions for read:user,repo,user:email,workflow...
2024-10-15 10:20:27.845 [info] Got 1 sessions for read:user,repo,user:email,workflow...
2024-10-15 10:20:27.850 [info] Getting sessions for all scopes...
2024-10-15 10:20:27.850 [info] Got 1 sessions for ...
2024-10-15 10:20:27.855 [info] Getting sessions for read:user,repo,user:email,workflow...
2024-10-15 10:20:27.855 [info] Got 1 sessions for read:user,repo,user:email,workflow...
2024-10-15 10:29:30.822 [info] Getting sessions for all scopes...
2024-10-15 10:29:30.822 [info] Got 1 sessions for ...
2024-10-15 10:29:30.827 [info] Getting sessions for read:user,repo,user:email,workflow...
2024-10-15 10:29:30.827 [info] Got 1 sessions for read:user,repo,user:email,workflow...
2024-10-15 10:29:30.832 [info] Getting sessions for all scopes...
2024-10-15 10:29:30.832 [info] Got 1 sessions for ...
2024-10-15 10:29:30.845 [info] Getting sessions for read:user,repo,user:email,workflow...
2024-10-15 10:29:30.845 [info] Got 1 sessions for read:user,repo,user:email,workflow...
2024-10-15 10:29:32.908 [info] Getting sessions for all scopes...
2024-10-15 10:29:32.908 [info] Got 1 sessions for ...
2024-10-15 10:29:32.909 [info] Getting sessions for all scopes...
2024-10-15 10:29:32.909 [info] Got 1 sessions for ...
2024-10-15 10:29:32.912 [info] Getting sessions for read:user,repo,user:email,workflow...
2024-10-15 10:29:32.912 [info] Got 1 sessions for read:user,repo,user:email,workflow...
2024-10-15 10:29:32.920 [info] Getting sessions for all scopes...
2024-10-15 10:29:32.920 [info] Got 1 sessions for ...
2024-10-15 10:29:32.925 [info] Getting sessions for read:user,repo,user:email,workflow...
2024-10-15 10:29:32.925 [info] Got 1 sessions for read:user,repo,user:email,workflow...
2024-10-15 10:29:33.014 [info] Getting sessions for all scopes...
2024-10-15 10:29:33.014 [info] Got 1 sessions for ...
2024-10-15 10:29:33.034 [info] Getting sessions for read:user,repo,user:email,workflow...
2024-10-15 10:29:33.034 [info] Got 1 sessions for read:user,repo,user:email,workflow...
2024-10-15 10:29:33.039 [info] Getting sessions for all scopes...
2024-10-15 10:29:33.039 [info] Got 1 sessions for ...
2024-10-15 10:29:33.041 [info] Getting sessions for read:user,repo,user:email,workflow...
2024-10-15 10:29:33.041 [info] Got 1 sessions for read:user,repo,user:email,workflow...
2024-10-15 10:44:33.944 [info] Getting sessions for all scopes...
2024-10-15 10:44:33.944 [info] Got 1 sessions for ...
2024-10-15 10:44:33.947 [info] Getting sessions for read:user,repo,user:email,workflow...
2024-10-15 10:44:33.947 [info] Got 1 sessions for read:user,repo,user:email,workflow...
2024-10-15 10:44:33.954 [info] Getting sessions for all scopes...
2024-10-15 10:44:33.954 [info] Got 1 sessions for ...
2024-10-15 10:44:33.957 [info] Getting sessions for read:user,repo,user:email,workflow...
2024-10-15 10:44:33.957 [info] Got 1 sessions for read:user,repo,user:email,workflow...
2024-10-15 10:54:33.619 [info] Getting sessions for all scopes...
2024-10-15 10:54:33.620 [info] Got 1 sessions for ...
2024-10-15 10:54:33.623 [info] Getting sessions for read:user,repo,user:email,workflow...
2024-10-15 10:54:33.623 [info] Got 1 sessions for read:user,repo,user:email,workflow...
2024-10-15 10:54:33.641 [info] Getting sessions for all scopes...
2024-10-15 10:54:33.641 [info] Got 1 sessions for ...
2024-10-15 10:54:33.641 [info] Getting sessions for all scopes...
2024-10-15 10:54:33.641 [info] Got 1 sessions for ...
2024-10-15 10:54:33.644 [info] Getting sessions for read:user,repo,user:email,workflow...
2024-10-15 10:54:33.644 [info] Got 1 sessions for read:user,repo,user:email,workflow...
2024-10-15 10:54:33.649 [info] Getting sessions for all scopes...
2024-10-15 10:54:33.649 [info] Got 1 sessions for ...
2024-10-15 10:54:33.652 [info] Getting sessions for read:user,repo,user:email,workflow...
2024-10-15 10:54:33.652 [info] Got 1 sessions for read:user,repo,user:email,workflow...
2024-10-15 10:54:33.656 [info] Getting sessions for all scopes...
2024-10-15 10:54:33.656 [info] Got 1 sessions for ...
2024-10-15 10:54:33.660 [info] Getting sessions for read:user,repo,user:email,workflow...
2024-10-15 10:54:33.660 [info] Got 1 sessions for read:user,repo,user:email,workflow...
2024-10-15 10:54:33.824 [info] Getting sessions for all scopes...
2024-10-15 10:54:33.824 [info] Got 1 sessions for ...
2024-10-15 10:54:33.826 [info] Getting sessions for read:user,repo,user:email,workflow...
2024-10-15 10:54:33.826 [info] Got 1 sessions for read:user,repo,user:email,workflow...
2024-10-15 10:54:33.828 [info] Getting sessions for all scopes...
2024-10-15 10:54:33.828 [info] Got 1 sessions for ...
2024-10-15 10:54:33.830 [info] Getting sessions for read:user,repo,user:email,workflow...
2024-10-15 10:54:33.830 [info] Got 1 sessions for read:user,repo,user:email,workflow...
2024-10-15 10:59:35.673 [info] Getting sessions for all scopes...
2024-10-15 10:59:35.673 [info] Got 1 sessions for ...
2024-10-15 10:59:35.677 [info] Getting sessions for read:user,repo,user:email,workflow...
2024-10-15 10:59:35.677 [info] Got 1 sessions for read:user,repo,user:email,workflow...
2024-10-15 10:59:35.681 [info] Getting sessions for all scopes...
2024-10-15 10:59:35.681 [info] Got 1 sessions for ...
2024-10-15 10:59:35.685 [info] Getting sessions for read:user,repo,user:email,workflow...
2024-10-15 10:59:35.685 [info] Got 1 sessions for read:user,repo,user:email,workflow...
2024-10-15 10:59:35.699 [info] Getting sessions for all scopes...
2024-10-15 10:59:35.699 [info] Got 1 sessions for ...
2024-10-15 10:59:35.703 [info] Getting sessions for read:user,repo,user:email,workflow...
2024-10-15 10:59:35.703 [info] Got 1 sessions for read:user,repo,user:email,workflow...
2024-10-15 10:59:35.707 [info] Getting sessions for all scopes...
2024-10-15 10:59:35.707 [info] Got 1 sessions for ...
2024-10-15 10:59:35.711 [info] Getting sessions for read:user,repo,user:email,workflow...
2024-10-15 10:59:35.711 [info] Got 1 sessions for read:user,repo,user:email,workflow...
2024-10-15 11:08:39.403 [info] Getting sessions for all scopes...
2024-10-15 11:08:39.403 [info] Got 1 sessions for ...
2024-10-15 11:08:39.423 [info] Getting sessions for read:user,repo,user:email,workflow...
2024-10-15 11:08:39.423 [info] Got 1 sessions for read:user,repo,user:email,workflow...
2024-10-15 11:08:39.437 [info] Getting sessions for all scopes...
2024-10-15 11:08:39.437 [info] Got 1 sessions for ...
2024-10-15 11:08:39.440 [info] Getting sessions for read:user,repo,user:email,workflow...
2024-10-15 11:08:39.440 [info] Got 1 sessions for read:user,repo,user:email,workflow...
2024-10-15 11:09:14.103 [info] Getting sessions for all scopes...
2024-10-15 11:09:14.103 [info] Got 1 sessions for ...
2024-10-15 11:09:14.127 [info] Getting sessions for read:user,repo,user:email,workflow...
2024-10-15 11:09:14.127 [info] Got 1 sessions for read:user,repo,user:email,workflow...
2024-10-15 11:09:14.132 [info] Getting sessions for all scopes...
2024-10-15 11:09:14.132 [info] Got 1 sessions for ...
2024-10-15 11:09:14.137 [info] Getting sessions for read:user,repo,user:email,workflow...
2024-10-15 11:09:14.137 [info] Got 1 sessions for read:user,repo,user:email,workflow...
2024-10-15 11:09:33.842 [info] Getting sessions for all scopes...
2024-10-15 11:09:33.842 [info] Got 1 sessions for ...
2024-10-15 11:09:33.846 [info] Getting sessions for read:user,repo,user:email,workflow...
2024-10-15 11:09:33.846 [info] Got 1 sessions for read:user,repo,user:email,workflow...
2024-10-15 11:09:33.852 [info] Getting sessions for all scopes...
2024-10-15 11:09:33.852 [info] Got 1 sessions for ...
2024-10-15 11:09:33.906 [info] Getting sessions for read:user,repo,user:email,workflow...
2024-10-15 11:09:33.906 [info] Got 1 sessions for read:user,repo,user:email,workflow...
2024-10-15 11:09:33.924 [info] Getting sessions for all scopes...
2024-10-15 11:09:33.924 [info] Got 1 sessions for ...
2024-10-15 11:09:33.928 [info] Getting sessions for read:user,repo,user:email,workflow...
2024-10-15 11:09:33.928 [info] Got 1 sessions for read:user,repo,user:email,workflow...
2024-10-15 11:09:33.933 [info] Getting sessions for all scopes...
2024-10-15 11:09:33.933 [info] Got 1 sessions for ...
2024-10-15 11:09:33.937 [info] Getting sessions for read:user,repo,user:email,workflow...
2024-10-15 11:09:33.938 [info] Got 1 sessions for read:user,repo,user:email,workflow...
2024-10-15 11:10:42.443 [info] Getting sessions for all scopes...
2024-10-15 11:10:42.443 [info] Got 1 sessions for ...
2024-10-15 11:10:42.455 [info] Getting sessions for read:user,repo,user:email,workflow...
2024-10-15 11:10:42.455 [info] Got 1 sessions for read:user,repo,user:email,workflow...
2024-10-15 11:10:42.463 [info] Getting sessions for all scopes...
2024-10-15 11:10:42.463 [info] Got 1 sessions for ...
2024-10-15 11:10:42.473 [info] Getting sessions for read:user,repo,user:email,workflow...
2024-10-15 11:10:42.473 [info] Got 1 sessions for read:user,repo,user:email,workflow...
2024-10-15 11:11:42.495 [info] Getting sessions for all scopes...
2024-10-15 11:11:42.495 [info] Got 1 sessions for ...
2024-10-15 11:11:42.499 [info] Getting sessions for read:user,repo,user:email,workflow...
2024-10-15 11:11:42.499 [info] Got 1 sessions for read:user,repo,user:email,workflow...
2024-10-15 11:11:42.504 [info] Getting sessions for all scopes...
2024-10-15 11:11:42.504 [info] Got 1 sessions for ...
2024-10-15 11:11:42.507 [info] Getting sessions for read:user,repo,user:email,workflow...
2024-10-15 11:11:42.508 [info] Got 1 sessions for read:user,repo,user:email,workflow...
2024-10-15 11:12:24.669 [info] Getting sessions for all scopes...
2024-10-15 11:12:24.669 [info] Got 1 sessions for ...
2024-10-15 11:12:24.680 [info] Getting sessions for read:user,repo,user:email,workflow...
2024-10-15 11:12:24.680 [info] Got 1 sessions for read:user,repo,user:email,workflow...
2024-10-15 11:12:24.685 [info] Getting sessions for all scopes...
2024-10-15 11:12:24.685 [info] Got 1 sessions for ...
2024-10-15 11:12:24.689 [info] Getting sessions for read:user,repo,user:email,workflow...
2024-10-15 11:12:24.690 [info] Got 1 sessions for read:user,repo,user:email,workflow...
2024-10-15 11:13:20.807 [info] Getting sessions for all scopes...
2024-10-15 11:13:20.807 [info] Got 1 sessions for ...
2024-10-15 11:13:20.819 [info] Getting sessions for read:user,repo,user:email,workflow...
2024-10-15 11:13:20.819 [info] Got 1 sessions for read:user,repo,user:email,workflow...
2024-10-15 11:13:20.832 [info] Getting sessions for all scopes...
2024-10-15 11:13:20.833 [info] Got 1 sessions for ...
2024-10-15 11:13:20.844 [info] Getting sessions for read:user,repo,user:email,workflow...
2024-10-15 11:13:20.845 [info] Got 1 sessions for read:user,repo,user:email,workflow...
2024-10-15 11:18:02.541 [info] Getting sessions for all scopes...
2024-10-15 11:18:02.541 [info] Got 1 sessions for ...
2024-10-15 11:18:02.549 [info] Getting sessions for read:user,repo,user:email,workflow...
2024-10-15 11:18:02.549 [info] Got 1 sessions for read:user,repo,user:email,workflow...
2024-10-15 11:18:02.554 [info] Getting sessions for all scopes...
2024-10-15 11:18:02.554 [info] Got 1 sessions for ...
2024-10-15 11:18:02.558 [info] Getting sessions for read:user,repo,user:email,workflow...
2024-10-15 11:18:02.559 [info] Got 1 sessions for read:user,repo,user:email,workflow...
